{"/Users/rodionstarodubenko/Projects/fsd-generator/packages/fsd-gen/src/config/defineConfig.ts": {"path":"/Users/rodionstarodubenko/Projects/fsd-generator/packages/fsd-gen/src/config/defineConfig.ts","statementMap":{"0":{"start":{"line":9,"column":4},"end":{"line":9,"column":null}}},"fnMap":{"0":{"name":"defineConfig","decl":{"start":{"line":8,"column":16},"end":{"line":8,"column":29}},"loc":{"start":{"line":8,"column":65},"end":{"line":10,"column":null}},"line":8}},"branchMap":{},"s":{"0":1},"f":{"0":1},"b":{},"meta":{"lastBranch":0,"lastFunction":1,"lastStatement":1,"seen":{"f:8:16:8:29":0,"s:9:4:9:Infinity":0}}}
,"/Users/rodionstarodubenko/Projects/fsd-generator/packages/fsd-gen/src/config/types.ts": {"path":"/Users/rodionstarodubenko/Projects/fsd-generator/packages/fsd-gen/src/config/types.ts","statementMap":{"0":{"start":{"line":39,"column":43},"end":{"line":43,"column":null}},"1":{"start":{"line":131,"column":4},"end":{"line":131,"column":null}}},"fnMap":{"0":{"name":"definePreset","decl":{"start":{"line":130,"column":16},"end":{"line":130,"column":29}},"loc":{"start":{"line":130,"column":99},"end":{"line":132,"column":null}},"line":130}},"branchMap":{},"s":{"0":11,"1":2},"f":{"0":2},"b":{},"meta":{"lastBranch":0,"lastFunction":1,"lastStatement":2,"seen":{"s:39:43:43:Infinity":0,"f:130:16:130:29":0,"s:131:4:131:Infinity":1}}}
,"/Users/rodionstarodubenko/Projects/fsd-generator/packages/fsd-gen/src/lib/constants.ts": {"path":"/Users/rodionstarodubenko/Projects/fsd-generator/packages/fsd-gen/src/lib/constants.ts","statementMap":{"0":{"start":{"line":4,"column":26},"end":{"line":10,"column":null}},"1":{"start":{"line":12,"column":53},"end":{"line":18,"column":null}},"2":{"start":{"line":23,"column":28},"end":{"line":29,"column":null}},"3":{"start":{"line":34,"column":57},"end":{"line":40,"column":null}},"4":{"start":{"line":45,"column":31},"end":{"line":52,"column":null}},"5":{"start":{"line":57,"column":28},"end":{"line":61,"column":null}},"6":{"start":{"line":66,"column":27},"end":{"line":70,"column":null}},"7":{"start":{"line":75,"column":30},"end":{"line":80,"column":null}},"8":{"start":{"line":85,"column":57},"end":{"line":90,"column":null}},"9":{"start":{"line":95,"column":32},"end":{"line":95,"column":null}},"10":{"start":{"line":100,"column":32},"end":{"line":100,"column":null}},"11":{"start":{"line":105,"column":28},"end":{"line":110,"column":null}},"12":{"start":{"line":115,"column":31},"end":{"line":118,"column":null}},"13":{"start":{"line":123,"column":28},"end":{"line":127,"column":null}},"14":{"start":{"line":132,"column":23},"end":{"line":136,"column":null}},"15":{"start":{"line":141,"column":30},"end":{"line":144,"column":null}}},"fnMap":{},"branchMap":{},"s":{"0":27,"1":27,"2":27,"3":27,"4":27,"5":27,"6":27,"7":27,"8":27,"9":27,"10":27,"11":27,"12":27,"13":27,"14":27,"15":27},"f":{},"b":{},"meta":{"lastBranch":0,"lastFunction":0,"lastStatement":16,"seen":{"s:4:26:10:Infinity":0,"s:12:53:18:Infinity":1,"s:23:28:29:Infinity":2,"s:34:57:40:Infinity":3,"s:45:31:52:Infinity":4,"s:57:28:61:Infinity":5,"s:66:27:70:Infinity":6,"s:75:30:80:Infinity":7,"s:85:57:90:Infinity":8,"s:95:32:95:Infinity":9,"s:100:32:100:Infinity":10,"s:105:28:110:Infinity":11,"s:115:31:118:Infinity":12,"s:123:28:127:Infinity":13,"s:132:23:136:Infinity":14,"s:141:30:144:Infinity":15}}}
,"/Users/rodionstarodubenko/Projects/fsd-generator/packages/fsd-gen/src/lib/barrels/updateBarrels.ts": {"path":"/Users/rodionstarodubenko/Projects/fsd-generator/packages/fsd-gen/src/lib/barrels/updateBarrels.ts","statementMap":{"0":{"start":{"line":13,"column":10},"end":{"line":13,"column":null}},"1":{"start":{"line":14,"column":18},"end":{"line":14,"column":null}},"2":{"start":{"line":16,"column":4},"end":{"line":18,"column":null}},"3":{"start":{"line":17,"column":8},"end":{"line":17,"column":null}},"4":{"start":{"line":21,"column":28},"end":{"line":21,"column":null}},"5":{"start":{"line":24,"column":4},"end":{"line":26,"column":null}},"6":{"start":{"line":25,"column":8},"end":{"line":25,"column":null}},"7":{"start":{"line":29,"column":4},"end":{"line":31,"column":null}},"8":{"start":{"line":30,"column":8},"end":{"line":30,"column":null}},"9":{"start":{"line":33,"column":23},"end":{"line":33,"column":null}},"10":{"start":{"line":34,"column":4},"end":{"line":34,"column":null}},"11":{"start":{"line":35,"column":4},"end":{"line":35,"column":null}}},"fnMap":{"0":{"name":"updateBarrel","decl":{"start":{"line":12,"column":16},"end":{"line":12,"column":29}},"loc":{"start":{"line":12,"column":88},"end":{"line":36,"column":null}},"line":12}},"branchMap":{"0":{"loc":{"start":{"line":16,"column":4},"end":{"line":18,"column":null}},"type":"if","locations":[{"start":{"line":16,"column":4},"end":{"line":18,"column":null}},{"start":{},"end":{}}],"line":16},"1":{"loc":{"start":{"line":24,"column":4},"end":{"line":26,"column":null}},"type":"if","locations":[{"start":{"line":24,"column":4},"end":{"line":26,"column":null}},{"start":{},"end":{}}],"line":24},"2":{"loc":{"start":{"line":29,"column":4},"end":{"line":31,"column":null}},"type":"if","locations":[{"start":{"line":29,"column":4},"end":{"line":31,"column":null}},{"start":{},"end":{}}],"line":29},"3":{"loc":{"start":{"line":33,"column":34},"end":{"line":33,"column":90}},"type":"cond-expr","locations":[{"start":{"line":33,"column":77},"end":{"line":33,"column":82}},{"start":{"line":33,"column":82},"end":{"line":33,"column":90}}],"line":33},"4":{"loc":{"start":{"line":33,"column":34},"end":{"line":33,"column":77}},"type":"binary-expr","locations":[{"start":{"line":33,"column":34},"end":{"line":33,"column":60}},{"start":{"line":33,"column":60},"end":{"line":33,"column":77}}],"line":33}},"s":{"0":6,"1":6,"2":6,"3":5,"4":6,"5":6,"6":1,"7":5,"8":1,"9":4,"10":6,"11":6},"f":{"0":6},"b":{"0":[5,1],"1":[1,5],"2":[1,4],"3":[2,2],"4":[4,3]},"meta":{"lastBranch":5,"lastFunction":1,"lastStatement":12,"seen":{"f:12:16:12:29":0,"s:13:10:13:Infinity":0,"s:14:18:14:Infinity":1,"b:16:4:18:Infinity:undefined:undefined:undefined:undefined":0,"s:16:4:18:Infinity":2,"s:17:8:17:Infinity":3,"s:21:28:21:Infinity":4,"b:24:4:26:Infinity:undefined:undefined:undefined:undefined":1,"s:24:4:26:Infinity":5,"s:25:8:25:Infinity":6,"b:29:4:31:Infinity:undefined:undefined:undefined:undefined":2,"s:29:4:31:Infinity":7,"s:30:8:30:Infinity":8,"s:33:23:33:Infinity":9,"b:33:77:33:82:33:82:33:90":3,"b:33:34:33:60:33:60:33:77":4,"s:34:4:34:Infinity":10,"s:35:4:35:Infinity":11}}}
,"/Users/rodionstarodubenko/Projects/fsd-generator/packages/fsd-gen/src/lib/cli/handlers.ts": {"path":"/Users/rodionstarodubenko/Projects/fsd-generator/packages/fsd-gen/src/lib/cli/handlers.ts","statementMap":{"0":{"start":{"line":25,"column":4},"end":{"line":25,"column":null}},"1":{"start":{"line":25,"column":16},"end":{"line":25,"column":null}},"2":{"start":{"line":26,"column":4},"end":{"line":26,"column":null}},"3":{"start":{"line":26,"column":16},"end":{"line":26,"column":null}},"4":{"start":{"line":28,"column":23},"end":{"line":28,"column":null}},"5":{"start":{"line":29,"column":23},"end":{"line":29,"column":null}},"6":{"start":{"line":31,"column":4},"end":{"line":31,"column":null}},"7":{"start":{"line":32,"column":19},"end":{"line":32,"column":null}},"8":{"start":{"line":33,"column":10},"end":{"line":33,"column":null}},"9":{"start":{"line":35,"column":4},"end":{"line":37,"column":null}},"10":{"start":{"line":36,"column":8},"end":{"line":36,"column":null}},"11":{"start":{"line":39,"column":4},"end":{"line":41,"column":null}},"12":{"start":{"line":40,"column":8},"end":{"line":40,"column":null}},"13":{"start":{"line":43,"column":4},"end":{"line":43,"column":null}},"14":{"start":{"line":45,"column":24},"end":{"line":45,"column":null}},"15":{"start":{"line":46,"column":10},"end":{"line":46,"column":null}},"16":{"start":{"line":47,"column":10},"end":{"line":47,"column":null}},"17":{"start":{"line":48,"column":10},"end":{"line":48,"column":null}},"18":{"start":{"line":50,"column":4},"end":{"line":56,"column":null}},"19":{"start":{"line":63,"column":19},"end":{"line":63,"column":null}},"20":{"start":{"line":64,"column":25},"end":{"line":64,"column":null}},"21":{"start":{"line":66,"column":4},"end":{"line":66,"column":null}},"22":{"start":{"line":66,"column":21},"end":{"line":66,"column":null}},"23":{"start":{"line":67,"column":4},"end":{"line":67,"column":null}},"24":{"start":{"line":67,"column":15},"end":{"line":67,"column":null}},"25":{"start":{"line":69,"column":4},"end":{"line":69,"column":null}},"26":{"start":{"line":76,"column":19},"end":{"line":76,"column":null}},"27":{"start":{"line":77,"column":25},"end":{"line":77,"column":null}},"28":{"start":{"line":78,"column":4},"end":{"line":78,"column":null}},"29":{"start":{"line":78,"column":21},"end":{"line":78,"column":null}},"30":{"start":{"line":80,"column":4},"end":{"line":80,"column":null}},"31":{"start":{"line":87,"column":19},"end":{"line":87,"column":null}},"32":{"start":{"line":88,"column":25},"end":{"line":88,"column":null}},"33":{"start":{"line":90,"column":4},"end":{"line":96,"column":null}},"34":{"start":{"line":91,"column":33},"end":{"line":91,"column":null}},"35":{"start":{"line":92,"column":8},"end":{"line":94,"column":null}},"36":{"start":{"line":93,"column":12},"end":{"line":93,"column":null}},"37":{"start":{"line":95,"column":8},"end":{"line":95,"column":null}},"38":{"start":{"line":98,"column":4},"end":{"line":98,"column":null}},"39":{"start":{"line":105,"column":19},"end":{"line":105,"column":null}},"40":{"start":{"line":106,"column":25},"end":{"line":106,"column":null}},"41":{"start":{"line":108,"column":4},"end":{"line":114,"column":null}},"42":{"start":{"line":109,"column":33},"end":{"line":109,"column":null}},"43":{"start":{"line":110,"column":8},"end":{"line":112,"column":null}},"44":{"start":{"line":111,"column":12},"end":{"line":111,"column":null}},"45":{"start":{"line":113,"column":8},"end":{"line":113,"column":null}},"46":{"start":{"line":116,"column":4},"end":{"line":116,"column":null}}},"fnMap":{"0":{"name":"handleGenerate","decl":{"start":{"line":24,"column":22},"end":{"line":24,"column":37}},"loc":{"start":{"line":24,"column":84},"end":{"line":57,"column":null}},"line":24},"1":{"name":"handlePreset","decl":{"start":{"line":62,"column":22},"end":{"line":62,"column":35}},"loc":{"start":{"line":62,"column":71},"end":{"line":70,"column":null}},"line":62},"2":{"name":"handleReverseInit","decl":{"start":{"line":75,"column":22},"end":{"line":75,"column":40}},"loc":{"start":{"line":75,"column":107},"end":{"line":81,"column":null}},"line":75},"3":{"name":"handleReverseAnalyze","decl":{"start":{"line":86,"column":22},"end":{"line":86,"column":43}},"loc":{"start":{"line":86,"column":64},"end":{"line":99,"column":null}},"line":86},"4":{"name":"handleReverseBuild","decl":{"start":{"line":104,"column":22},"end":{"line":104,"column":41}},"loc":{"start":{"line":104,"column":108},"end":{"line":117,"column":null}},"line":104}},"branchMap":{"0":{"loc":{"start":{"line":25,"column":4},"end":{"line":25,"column":null}},"type":"if","locations":[{"start":{"line":25,"column":4},"end":{"line":25,"column":null}},{"start":{},"end":{}}],"line":25},"1":{"loc":{"start":{"line":26,"column":4},"end":{"line":26,"column":null}},"type":"if","locations":[{"start":{"line":26,"column":4},"end":{"line":26,"column":null}},{"start":{},"end":{}}],"line":26},"2":{"loc":{"start":{"line":35,"column":4},"end":{"line":37,"column":null}},"type":"if","locations":[{"start":{"line":35,"column":4},"end":{"line":37,"column":null}},{"start":{},"end":{}}],"line":35},"3":{"loc":{"start":{"line":39,"column":4},"end":{"line":41,"column":null}},"type":"if","locations":[{"start":{"line":39,"column":4},"end":{"line":41,"column":null}},{"start":{},"end":{}}],"line":39},"4":{"loc":{"start":{"line":39,"column":8},"end":{"line":39,"column":58}},"type":"binary-expr","locations":[{"start":{"line":39,"column":8},"end":{"line":39,"column":30}},{"start":{"line":39,"column":30},"end":{"line":39,"column":58}}],"line":39},"5":{"loc":{"start":{"line":43,"column":58},"end":{"line":43,"column":68}},"type":"binary-expr","locations":[{"start":{"line":43,"column":58},"end":{"line":43,"column":66}},{"start":{"line":43,"column":66},"end":{"line":43,"column":68}}],"line":43},"6":{"loc":{"start":{"line":45,"column":24},"end":{"line":45,"column":null}},"type":"binary-expr","locations":[{"start":{"line":45,"column":24},"end":{"line":45,"column":32}},{"start":{"line":45,"column":24},"end":{"line":45,"column":null}}],"line":45},"7":{"loc":{"start":{"line":64,"column":25},"end":{"line":64,"column":null}},"type":"binary-expr","locations":[{"start":{"line":64,"column":25},"end":{"line":64,"column":48}},{"start":{"line":64,"column":48},"end":{"line":64,"column":null}}],"line":64},"8":{"loc":{"start":{"line":66,"column":4},"end":{"line":66,"column":null}},"type":"if","locations":[{"start":{"line":66,"column":4},"end":{"line":66,"column":null}},{"start":{},"end":{}}],"line":66},"9":{"loc":{"start":{"line":67,"column":4},"end":{"line":67,"column":null}},"type":"if","locations":[{"start":{"line":67,"column":4},"end":{"line":67,"column":null}},{"start":{},"end":{}}],"line":67},"10":{"loc":{"start":{"line":75,"column":61},"end":{"line":75,"column":107}},"type":"default-arg","locations":[{"start":{"line":75,"column":103},"end":{"line":75,"column":107}}],"line":75},"11":{"loc":{"start":{"line":77,"column":25},"end":{"line":77,"column":null}},"type":"binary-expr","locations":[{"start":{"line":77,"column":25},"end":{"line":77,"column":48}},{"start":{"line":77,"column":48},"end":{"line":77,"column":null}}],"line":77},"12":{"loc":{"start":{"line":78,"column":4},"end":{"line":78,"column":null}},"type":"if","locations":[{"start":{"line":78,"column":4},"end":{"line":78,"column":null}},{"start":{},"end":{}}],"line":78},"13":{"loc":{"start":{"line":80,"column":55},"end":{"line":80,"column":80}},"type":"binary-expr","locations":[{"start":{"line":80,"column":55},"end":{"line":80,"column":71}},{"start":{"line":80,"column":71},"end":{"line":80,"column":80}}],"line":80},"14":{"loc":{"start":{"line":88,"column":25},"end":{"line":88,"column":null}},"type":"binary-expr","locations":[{"start":{"line":88,"column":25},"end":{"line":88,"column":48}},{"start":{"line":88,"column":48},"end":{"line":88,"column":null}}],"line":88},"15":{"loc":{"start":{"line":90,"column":4},"end":{"line":96,"column":null}},"type":"if","locations":[{"start":{"line":90,"column":4},"end":{"line":96,"column":null}},{"start":{},"end":{}}],"line":90},"16":{"loc":{"start":{"line":92,"column":8},"end":{"line":94,"column":null}},"type":"if","locations":[{"start":{"line":92,"column":8},"end":{"line":94,"column":null}},{"start":{},"end":{}}],"line":92},"17":{"loc":{"start":{"line":104,"column":62},"end":{"line":104,"column":108}},"type":"default-arg","locations":[{"start":{"line":104,"column":104},"end":{"line":104,"column":108}}],"line":104},"18":{"loc":{"start":{"line":106,"column":25},"end":{"line":106,"column":null}},"type":"binary-expr","locations":[{"start":{"line":106,"column":25},"end":{"line":106,"column":48}},{"start":{"line":106,"column":48},"end":{"line":106,"column":null}}],"line":106},"19":{"loc":{"start":{"line":108,"column":4},"end":{"line":114,"column":null}},"type":"if","locations":[{"start":{"line":108,"column":4},"end":{"line":114,"column":null}},{"start":{},"end":{}}],"line":108},"20":{"loc":{"start":{"line":110,"column":8},"end":{"line":112,"column":null}},"type":"if","locations":[{"start":{"line":110,"column":8},"end":{"line":112,"column":null}},{"start":{},"end":{}}],"line":110}},"s":{"0":4,"1":1,"2":4,"3":1,"4":4,"5":4,"6":4,"7":4,"8":4,"9":4,"10":1,"11":3,"12":1,"13":2,"14":4,"15":4,"16":4,"17":4,"18":4,"19":3,"20":3,"21":3,"22":1,"23":3,"24":1,"25":3,"26":2,"27":2,"28":2,"29":1,"30":2,"31":3,"32":3,"33":3,"34":2,"35":2,"36":1,"37":1,"38":2,"39":3,"40":3,"41":3,"42":2,"43":2,"44":1,"45":1,"46":2},"f":{"0":4,"1":3,"2":2,"3":3,"4":3},"b":{"0":[1,3],"1":[1,3],"2":[1,3],"3":[1,2],"4":[3,3],"5":[2,2],"6":[4,2],"7":[3,0],"8":[1,2],"9":[1,2],"10":[2],"11":[2,0],"12":[1,1],"13":[2,1],"14":[3,0],"15":[2,1],"16":[1,1],"17":[3],"18":[3,0],"19":[2,1],"20":[1,1]},"meta":{"lastBranch":21,"lastFunction":5,"lastStatement":47,"seen":{"f:24:22:24:37":0,"b:25:4:25:Infinity:undefined:undefined:undefined:undefined":0,"s:25:4:25:Infinity":0,"s:25:16:25:Infinity":1,"b:26:4:26:Infinity:undefined:undefined:undefined:undefined":1,"s:26:4:26:Infinity":2,"s:26:16:26:Infinity":3,"s:28:23:28:Infinity":4,"s:29:23:29:Infinity":5,"s:31:4:31:Infinity":6,"s:32:19:32:Infinity":7,"s:33:10:33:Infinity":8,"b:35:4:37:Infinity:undefined:undefined:undefined:undefined":2,"s:35:4:37:Infinity":9,"s:36:8:36:Infinity":10,"b:39:4:41:Infinity:undefined:undefined:undefined:undefined":3,"s:39:4:41:Infinity":11,"b:39:8:39:30:39:30:39:58":4,"s:40:8:40:Infinity":12,"s:43:4:43:Infinity":13,"b:43:58:43:66:43:66:43:68":5,"s:45:24:45:Infinity":14,"b:45:24:45:32:45:24:45:Infinity":6,"s:46:10:46:Infinity":15,"s:47:10:47:Infinity":16,"s:48:10:48:Infinity":17,"s:50:4:56:Infinity":18,"f:62:22:62:35":1,"s:63:19:63:Infinity":19,"s:64:25:64:Infinity":20,"b:64:25:64:48:64:48:64:Infinity":7,"b:66:4:66:Infinity:undefined:undefined:undefined:undefined":8,"s:66:4:66:Infinity":21,"s:66:21:66:Infinity":22,"b:67:4:67:Infinity:undefined:undefined:undefined:undefined":9,"s:67:4:67:Infinity":23,"s:67:15:67:Infinity":24,"s:69:4:69:Infinity":25,"f:75:22:75:40":2,"b:75:103:75:107":10,"s:76:19:76:Infinity":26,"s:77:25:77:Infinity":27,"b:77:25:77:48:77:48:77:Infinity":11,"b:78:4:78:Infinity:undefined:undefined:undefined:undefined":12,"s:78:4:78:Infinity":28,"s:78:21:78:Infinity":29,"s:80:4:80:Infinity":30,"b:80:55:80:71:80:71:80:80":13,"f:86:22:86:43":3,"s:87:19:87:Infinity":31,"s:88:25:88:Infinity":32,"b:88:25:88:48:88:48:88:Infinity":14,"b:90:4:96:Infinity:undefined:undefined:undefined:undefined":15,"s:90:4:96:Infinity":33,"s:91:33:91:Infinity":34,"b:92:8:94:Infinity:undefined:undefined:undefined:undefined":16,"s:92:8:94:Infinity":35,"s:93:12:93:Infinity":36,"s:95:8:95:Infinity":37,"s:98:4:98:Infinity":38,"f:104:22:104:41":4,"b:104:104:104:108":17,"s:105:19:105:Infinity":39,"s:106:25:106:Infinity":40,"b:106:25:106:48:106:48:106:Infinity":18,"b:108:4:114:Infinity:undefined:undefined:undefined:undefined":19,"s:108:4:114:Infinity":41,"s:109:33:109:Infinity":42,"b:110:8:112:Infinity:undefined:undefined:undefined:undefined":20,"s:110:8:112:Infinity":43,"s:111:12:111:Infinity":44,"s:113:8:113:Infinity":45,"s:116:4:116:Infinity":46}}}
,"/Users/rodionstarodubenko/Projects/fsd-generator/packages/fsd-gen/src/lib/cli/prompts.ts": {"path":"/Users/rodionstarodubenko/Projects/fsd-generator/packages/fsd-gen/src/lib/cli/prompts.ts","statementMap":{"0":{"start":{"line":9,"column":22},"end":{"line":16,"column":null}},"1":{"start":{"line":17,"column":4},"end":{"line":17,"column":null}},"2":{"start":{"line":24,"column":22},"end":{"line":31,"column":null}},"3":{"start":{"line":29,"column":41},"end":{"line":29,"column":null}},"4":{"start":{"line":32,"column":4},"end":{"line":32,"column":null}},"5":{"start":{"line":39,"column":29},"end":{"line":39,"column":null}},"6":{"start":{"line":40,"column":27},"end":{"line":47,"column":null}},"7":{"start":{"line":48,"column":4},"end":{"line":48,"column":null}},"8":{"start":{"line":55,"column":21},"end":{"line":62,"column":null}},"9":{"start":{"line":60,"column":41},"end":{"line":60,"column":null}},"10":{"start":{"line":63,"column":4},"end":{"line":63,"column":null}},"11":{"start":{"line":70,"column":23},"end":{"line":84,"column":null}},"12":{"start":{"line":85,"column":4},"end":{"line":85,"column":null}}},"fnMap":{"0":{"name":"promptLayer","decl":{"start":{"line":8,"column":22},"end":{"line":8,"column":53}},"loc":{"start":{"line":8,"column":53},"end":{"line":18,"column":null}},"line":8},"1":{"name":"promptSlice","decl":{"start":{"line":23,"column":22},"end":{"line":23,"column":53}},"loc":{"start":{"line":23,"column":53},"end":{"line":33,"column":null}},"line":23},"2":{"name":"(anonymous_2)","decl":{"start":{"line":29,"column":22},"end":{"line":29,"column":23}},"loc":{"start":{"line":29,"column":41},"end":{"line":29,"column":null}},"line":29},"3":{"name":"promptPresetName","decl":{"start":{"line":38,"column":22},"end":{"line":38,"column":39}},"loc":{"start":{"line":38,"column":79},"end":{"line":49,"column":null}},"line":38},"4":{"name":"promptName","decl":{"start":{"line":54,"column":22},"end":{"line":54,"column":33}},"loc":{"start":{"line":54,"column":99},"end":{"line":64,"column":null}},"line":54},"5":{"name":"(anonymous_5)","decl":{"start":{"line":60,"column":22},"end":{"line":60,"column":23}},"loc":{"start":{"line":60,"column":41},"end":{"line":60,"column":null}},"line":60},"6":{"name":"promptMainAction","decl":{"start":{"line":69,"column":22},"end":{"line":69,"column":58}},"loc":{"start":{"line":69,"column":58},"end":{"line":86,"column":null}},"line":69}},"branchMap":{"0":{"loc":{"start":{"line":29,"column":41},"end":{"line":29,"column":null}},"type":"cond-expr","locations":[{"start":{"line":29,"column":49},"end":{"line":29,"column":56}},{"start":{"line":29,"column":56},"end":{"line":29,"column":null}}],"line":29},"1":{"loc":{"start":{"line":45,"column":21},"end":{"line":45,"column":null}},"type":"cond-expr","locations":[{"start":{"line":45,"column":51},"end":{"line":45,"column":70}},{"start":{"line":45,"column":70},"end":{"line":45,"column":null}}],"line":45},"2":{"loc":{"start":{"line":54,"column":33},"end":{"line":54,"column":99}},"type":"default-arg","locations":[{"start":{"line":54,"column":51},"end":{"line":54,"column":99}}],"line":54},"3":{"loc":{"start":{"line":60,"column":41},"end":{"line":60,"column":null}},"type":"cond-expr","locations":[{"start":{"line":60,"column":49},"end":{"line":60,"column":56}},{"start":{"line":60,"column":56},"end":{"line":60,"column":null}}],"line":60}},"s":{"0":1,"1":1,"2":2,"3":2,"4":2,"5":2,"6":2,"7":2,"8":2,"9":2,"10":2,"11":1,"12":1},"f":{"0":1,"1":2,"2":2,"3":2,"4":2,"5":2,"6":1},"b":{"0":[1,1],"1":[1,1],"2":[2],"3":[1,1]},"meta":{"lastBranch":4,"lastFunction":7,"lastStatement":13,"seen":{"f:8:22:8:53":0,"s:9:22:16:Infinity":0,"s:17:4:17:Infinity":1,"f:23:22:23:53":1,"s:24:22:31:Infinity":2,"f:29:22:29:23":2,"s:29:41:29:Infinity":3,"b:29:49:29:56:29:56:29:Infinity":0,"s:32:4:32:Infinity":4,"f:38:22:38:39":3,"s:39:29:39:Infinity":5,"s:40:27:47:Infinity":6,"b:45:51:45:70:45:70:45:Infinity":1,"s:48:4:48:Infinity":7,"f:54:22:54:33":4,"b:54:51:54:99":2,"s:55:21:62:Infinity":8,"f:60:22:60:23":5,"s:60:41:60:Infinity":9,"b:60:49:60:56:60:56:60:Infinity":3,"s:63:4:63:Infinity":10,"f:69:22:69:58":6,"s:70:23:84:Infinity":11,"s:85:4:85:Infinity":12}}}
,"/Users/rodionstarodubenko/Projects/fsd-generator/packages/fsd-gen/src/lib/config/loadConfig.ts": {"path":"/Users/rodionstarodubenko/Projects/fsd-generator/packages/fsd-gen/src/lib/config/loadConfig.ts","statementMap":{"0":{"start":{"line":18,"column":10},"end":{"line":18,"column":null}},"1":{"start":{"line":19,"column":4},"end":{"line":19,"column":null}},"2":{"start":{"line":27,"column":4},"end":{"line":34,"column":null}},"3":{"start":{"line":28,"column":14},"end":{"line":28,"column":null}},"4":{"start":{"line":29,"column":25},"end":{"line":29,"column":null}},"5":{"start":{"line":30,"column":8},"end":{"line":30,"column":null}},"6":{"start":{"line":32,"column":8},"end":{"line":32,"column":null}},"7":{"start":{"line":33,"column":8},"end":{"line":33,"column":null}},"8":{"start":{"line":41,"column":4},"end":{"line":44,"column":null}},"9":{"start":{"line":52,"column":23},"end":{"line":52,"column":null}},"10":{"start":{"line":54,"column":4},"end":{"line":56,"column":null}},"11":{"start":{"line":55,"column":8},"end":{"line":55,"column":null}},"12":{"start":{"line":58,"column":4},"end":{"line":64,"column":null}},"13":{"start":{"line":59,"column":27},"end":{"line":59,"column":null}},"14":{"start":{"line":60,"column":8},"end":{"line":60,"column":null}},"15":{"start":{"line":62,"column":8},"end":{"line":62,"column":null}},"16":{"start":{"line":63,"column":8},"end":{"line":63,"column":null}}},"fnMap":{"0":{"name":"findConfigFile","decl":{"start":{"line":17,"column":16},"end":{"line":17,"column":31}},"loc":{"start":{"line":17,"column":59},"end":{"line":20,"column":null}},"line":17},"1":{"name":"readConfigFile","decl":{"start":{"line":26,"column":22},"end":{"line":26,"column":37}},"loc":{"start":{"line":26,"column":89},"end":{"line":35,"column":null}},"line":26},"2":{"name":"mergeWithDefaults","decl":{"start":{"line":40,"column":16},"end":{"line":40,"column":34}},"loc":{"start":{"line":40,"column":79},"end":{"line":45,"column":null}},"line":40},"3":{"name":"loadConfig","decl":{"start":{"line":51,"column":22},"end":{"line":51,"column":33}},"loc":{"start":{"line":51,"column":85},"end":{"line":65,"column":null}},"line":51}},"branchMap":{"0":{"loc":{"start":{"line":19,"column":4},"end":{"line":19,"column":null}},"type":"cond-expr","locations":[{"start":{"line":19,"column":36},"end":{"line":19,"column":49}},{"start":{"line":19,"column":49},"end":{"line":19,"column":null}}],"line":19},"1":{"loc":{"start":{"line":51,"column":33},"end":{"line":51,"column":85}},"type":"default-arg","locations":[{"start":{"line":51,"column":47},"end":{"line":51,"column":85}}],"line":51},"2":{"loc":{"start":{"line":54,"column":4},"end":{"line":56,"column":null}},"type":"if","locations":[{"start":{"line":54,"column":4},"end":{"line":56,"column":null}},{"start":{},"end":{}}],"line":54}},"s":{"0":5,"1":5,"2":2,"3":2,"4":2,"5":1,"6":1,"7":1,"8":2,"9":3,"10":3,"11":1,"12":2,"13":2,"14":1,"15":1,"16":1},"f":{"0":5,"1":2,"2":2,"3":3},"b":{"0":[3,2],"1":[3],"2":[1,2]},"meta":{"lastBranch":3,"lastFunction":4,"lastStatement":17,"seen":{"f:17:16:17:31":0,"s:18:10:18:Infinity":0,"s:19:4:19:Infinity":1,"b:19:36:19:49:19:49:19:Infinity":0,"f:26:22:26:37":1,"s:27:4:34:Infinity":2,"s:28:14:28:Infinity":3,"s:29:25:29:Infinity":4,"s:30:8:30:Infinity":5,"s:32:8:32:Infinity":6,"s:33:8:33:Infinity":7,"f:40:16:40:34":2,"s:41:4:44:Infinity":8,"f:51:22:51:33":3,"b:51:47:51:85":1,"s:52:23:52:Infinity":9,"b:54:4:56:Infinity:undefined:undefined:undefined:undefined":2,"s:54:4:56:Infinity":10,"s:55:8:55:Infinity":11,"s:58:4:64:Infinity":12,"s:59:27:59:Infinity":13,"s:60:8:60:Infinity":14,"s:62:8:62:Infinity":15,"s:63:8:63:Infinity":16}}}
,"/Users/rodionstarodubenko/Projects/fsd-generator/packages/fsd-gen/src/lib/config/validateConfig.ts": {"path":"/Users/rodionstarodubenko/Projects/fsd-generator/packages/fsd-gen/src/lib/config/validateConfig.ts","statementMap":{"0":{"start":{"line":10,"column":21},"end":{"line":14,"column":null}},"1":{"start":{"line":17,"column":19},"end":{"line":17,"column":null}},"2":{"start":{"line":19,"column":4},"end":{"line":24,"column":null}},"3":{"start":{"line":20,"column":8},"end":{"line":23,"column":null}},"4":{"start":{"line":26,"column":4},"end":{"line":29,"column":null}}},"fnMap":{"0":{"name":"validateConfig","decl":{"start":{"line":16,"column":16},"end":{"line":16,"column":31}},"loc":{"start":{"line":16,"column":107},"end":{"line":30,"column":null}},"line":16}},"branchMap":{"0":{"loc":{"start":{"line":19,"column":4},"end":{"line":24,"column":null}},"type":"if","locations":[{"start":{"line":19,"column":4},"end":{"line":24,"column":null}},{"start":{},"end":{}}],"line":19}},"s":{"0":1,"1":3,"2":3,"3":1,"4":2},"f":{"0":3},"b":{"0":[1,2]},"meta":{"lastBranch":1,"lastFunction":1,"lastStatement":5,"seen":{"s:10:21:14:Infinity":0,"f:16:16:16:31":0,"s:17:19:17:Infinity":1,"b:19:4:24:Infinity:undefined:undefined:undefined:undefined":0,"s:19:4:24:Infinity":2,"s:20:8:23:Infinity":3,"s:26:4:29:Infinity":4}}}
,"/Users/rodionstarodubenko/Projects/fsd-generator/packages/fsd-gen/src/lib/generators/generate.ts": {"path":"/Users/rodionstarodubenko/Projects/fsd-generator/packages/fsd-gen/src/lib/generators/generate.ts","statementMap":{"0":{"start":{"line":25,"column":2},"end":{"line":27,"column":null}},"1":{"start":{"line":26,"column":4},"end":{"line":26,"column":null}},"2":{"start":{"line":29,"column":23},"end":{"line":29,"column":null}},"3":{"start":{"line":30,"column":2},"end":{"line":30,"column":null}},"4":{"start":{"line":37,"column":2},"end":{"line":37,"column":null}},"5":{"start":{"line":44,"column":2},"end":{"line":44,"column":null}},"6":{"start":{"line":45,"column":2},"end":{"line":45,"column":null}},"7":{"start":{"line":52,"column":2},"end":{"line":55,"column":null}},"8":{"start":{"line":53,"column":4},"end":{"line":53,"column":null}},"9":{"start":{"line":54,"column":4},"end":{"line":54,"column":null}},"10":{"start":{"line":68,"column":2},"end":{"line":68,"column":null}},"11":{"start":{"line":70,"column":2},"end":{"line":72,"column":null}},"12":{"start":{"line":71,"column":4},"end":{"line":71,"column":null}},"13":{"start":{"line":84,"column":32},"end":{"line":84,"column":null}},"14":{"start":{"line":85,"column":38},"end":{"line":85,"column":null}},"15":{"start":{"line":87,"column":8},"end":{"line":87,"column":null}},"16":{"start":{"line":88,"column":19},"end":{"line":88,"column":null}},"17":{"start":{"line":90,"column":2},"end":{"line":90,"column":null}},"18":{"start":{"line":91,"column":2},"end":{"line":91,"column":null}},"19":{"start":{"line":92,"column":2},"end":{"line":92,"column":null}},"20":{"start":{"line":94,"column":2},"end":{"line":94,"column":null}},"21":{"start":{"line":106,"column":32},"end":{"line":106,"column":null}},"22":{"start":{"line":107,"column":37},"end":{"line":107,"column":null}},"23":{"start":{"line":109,"column":8},"end":{"line":109,"column":null}},"24":{"start":{"line":110,"column":21},"end":{"line":110,"column":null}},"25":{"start":{"line":112,"column":2},"end":{"line":112,"column":null}},"26":{"start":{"line":113,"column":2},"end":{"line":113,"column":null}},"27":{"start":{"line":115,"column":2},"end":{"line":115,"column":null}},"28":{"start":{"line":129,"column":37},"end":{"line":129,"column":null}},"29":{"start":{"line":130,"column":2},"end":{"line":130,"column":null}},"30":{"start":{"line":133,"column":32},"end":{"line":133,"column":null}},"31":{"start":{"line":136,"column":32},"end":{"line":136,"column":null}},"32":{"start":{"line":139,"column":8},"end":{"line":139,"column":null}},"33":{"start":{"line":140,"column":8},"end":{"line":140,"column":null}},"34":{"start":{"line":143,"column":24},"end":{"line":143,"column":null}},"35":{"start":{"line":144,"column":21},"end":{"line":144,"column":null}},"36":{"start":{"line":146,"column":2},"end":{"line":146,"column":null}},"37":{"start":{"line":147,"column":2},"end":{"line":147,"column":null}},"38":{"start":{"line":148,"column":2},"end":{"line":148,"column":null}},"39":{"start":{"line":151,"column":8},"end":{"line":151,"column":null}},"40":{"start":{"line":152,"column":2},"end":{"line":152,"column":null}}},"fnMap":{"0":{"name":"resolveTemplateType","decl":{"start":{"line":21,"column":16},"end":{"line":21,"column":null}},"loc":{"start":{"line":24,"column":46},"end":{"line":31,"column":null}},"line":24},"1":{"name":"ensureDirectory","decl":{"start":{"line":36,"column":22},"end":{"line":36,"column":38}},"loc":{"start":{"line":36,"column":66},"end":{"line":38,"column":null}},"line":36},"2":{"name":"writeComponentFile","decl":{"start":{"line":43,"column":22},"end":{"line":43,"column":41}},"loc":{"start":{"line":43,"column":87},"end":{"line":46,"column":null}},"line":43},"3":{"name":"writeStylesFile","decl":{"start":{"line":51,"column":22},"end":{"line":51,"column":38}},"loc":{"start":{"line":51,"column":84},"end":{"line":56,"column":null}},"line":51},"4":{"name":"updateBarrelsForBlock","decl":{"start":{"line":61,"column":16},"end":{"line":61,"column":null}},"loc":{"start":{"line":67,"column":8},"end":{"line":73,"column":null}},"line":67},"5":{"name":"generateHook","decl":{"start":{"line":78,"column":22},"end":{"line":78,"column":null}},"loc":{"start":{"line":83,"column":2},"end":{"line":95,"column":null}},"line":83},"6":{"name":"generateStyles","decl":{"start":{"line":100,"column":22},"end":{"line":100,"column":null}},"loc":{"start":{"line":105,"column":2},"end":{"line":116,"column":null}},"line":105},"7":{"name":"generateComponent","decl":{"start":{"line":122,"column":22},"end":{"line":122,"column":null}},"loc":{"start":{"line":127,"column":2},"end":{"line":153,"column":null}},"line":127}},"branchMap":{"0":{"loc":{"start":{"line":25,"column":2},"end":{"line":27,"column":null}},"type":"if","locations":[{"start":{"line":25,"column":2},"end":{"line":27,"column":null}},{"start":{},"end":{}}],"line":25},"1":{"loc":{"start":{"line":29,"column":23},"end":{"line":29,"column":null}},"type":"binary-expr","locations":[{"start":{"line":29,"column":23},"end":{"line":29,"column":51}},{"start":{"line":29,"column":51},"end":{"line":29,"column":null}}],"line":29},"2":{"loc":{"start":{"line":52,"column":2},"end":{"line":55,"column":null}},"type":"if","locations":[{"start":{"line":52,"column":2},"end":{"line":55,"column":null}},{"start":{},"end":{}}],"line":52},"3":{"loc":{"start":{"line":52,"column":6},"end":{"line":52,"column":44}},"type":"binary-expr","locations":[{"start":{"line":52,"column":6},"end":{"line":52,"column":17}},{"start":{"line":52,"column":17},"end":{"line":52,"column":44}}],"line":52},"4":{"loc":{"start":{"line":70,"column":2},"end":{"line":72,"column":null}},"type":"if","locations":[{"start":{"line":70,"column":2},"end":{"line":72,"column":null}},{"start":{},"end":{}}],"line":70},"5":{"loc":{"start":{"line":70,"column":6},"end":{"line":70,"column":101}},"type":"binary-expr","locations":[{"start":{"line":70,"column":6},"end":{"line":70,"column":41}},{"start":{"line":70,"column":41},"end":{"line":70,"column":71}},{"start":{"line":70,"column":71},"end":{"line":70,"column":101}}],"line":70},"6":{"loc":{"start":{"line":84,"column":32},"end":{"line":84,"column":null}},"type":"binary-expr","locations":[{"start":{"line":84,"column":32},"end":{"line":84,"column":49}},{"start":{"line":84,"column":32},"end":{"line":84,"column":null}}],"line":84},"7":{"loc":{"start":{"line":106,"column":32},"end":{"line":106,"column":null}},"type":"binary-expr","locations":[{"start":{"line":106,"column":32},"end":{"line":106,"column":49}},{"start":{"line":106,"column":32},"end":{"line":106,"column":null}}],"line":106},"8":{"loc":{"start":{"line":130,"column":33},"end":{"line":130,"column":110}},"type":"cond-expr","locations":[{"start":{"line":130,"column":52},"end":{"line":130,"column":67}},{"start":{"line":130,"column":67},"end":{"line":130,"column":110}}],"line":130},"9":{"loc":{"start":{"line":133,"column":32},"end":{"line":133,"column":null}},"type":"binary-expr","locations":[{"start":{"line":133,"column":32},"end":{"line":133,"column":49}},{"start":{"line":133,"column":32},"end":{"line":133,"column":null}}],"line":133}},"s":{"0":18,"1":4,"2":14,"3":18,"4":6,"5":3,"6":3,"7":5,"8":3,"9":3,"10":7,"11":7,"12":6,"13":1,"14":1,"15":1,"16":1,"17":1,"18":1,"19":1,"20":1,"21":2,"22":2,"23":2,"24":2,"25":2,"26":2,"27":2,"28":3,"29":3,"30":3,"31":3,"32":3,"33":3,"34":3,"35":3,"36":3,"37":3,"38":3,"39":3,"40":3},"f":{"0":18,"1":6,"2":3,"3":5,"4":7,"5":1,"6":2,"7":3},"b":{"0":[4,14],"1":[14,5],"2":[3,2],"3":[5,3],"4":[6,1],"5":[7,4,3],"6":[1,1],"7":[2,2],"8":[1,2],"9":[3,3]},"meta":{"lastBranch":10,"lastFunction":8,"lastStatement":41,"seen":{"f:21:16:21:Infinity":0,"b:25:2:27:Infinity:undefined:undefined:undefined:undefined":0,"s:25:2:27:Infinity":0,"s:26:4:26:Infinity":1,"s:29:23:29:Infinity":2,"b:29:23:29:51:29:51:29:Infinity":1,"s:30:2:30:Infinity":3,"f:36:22:36:38":1,"s:37:2:37:Infinity":4,"f:43:22:43:41":2,"s:44:2:44:Infinity":5,"s:45:2:45:Infinity":6,"f:51:22:51:38":3,"b:52:2:55:Infinity:undefined:undefined:undefined:undefined":2,"s:52:2:55:Infinity":7,"b:52:6:52:17:52:17:52:44":3,"s:53:4:53:Infinity":8,"s:54:4:54:Infinity":9,"f:61:16:61:Infinity":4,"s:68:2:68:Infinity":10,"b:70:2:72:Infinity:undefined:undefined:undefined:undefined":4,"s:70:2:72:Infinity":11,"b:70:6:70:41:70:41:70:71:70:71:70:101":5,"s:71:4:71:Infinity":12,"f:78:22:78:Infinity":5,"s:84:32:84:Infinity":13,"b:84:32:84:49:84:32:84:Infinity":6,"s:85:38:85:Infinity":14,"s:87:8:87:Infinity":15,"s:88:19:88:Infinity":16,"s:90:2:90:Infinity":17,"s:91:2:91:Infinity":18,"s:92:2:92:Infinity":19,"s:94:2:94:Infinity":20,"f:100:22:100:Infinity":6,"s:106:32:106:Infinity":21,"b:106:32:106:49:106:32:106:Infinity":7,"s:107:37:107:Infinity":22,"s:109:8:109:Infinity":23,"s:110:21:110:Infinity":24,"s:112:2:112:Infinity":25,"s:113:2:113:Infinity":26,"s:115:2:115:Infinity":27,"f:122:22:122:Infinity":7,"s:129:37:129:Infinity":28,"s:130:2:130:Infinity":29,"b:130:52:130:67:130:67:130:110":8,"s:133:32:133:Infinity":30,"b:133:32:133:49:133:32:133:Infinity":9,"s:136:32:136:Infinity":31,"s:139:8:139:Infinity":32,"s:140:8:140:Infinity":33,"s:143:24:143:Infinity":34,"s:144:21:144:Infinity":35,"s:146:2:146:Infinity":36,"s:147:2:147:Infinity":37,"s:148:2:148:Infinity":38,"s:151:8:151:Infinity":39,"s:152:2:152:Infinity":40}}}
,"/Users/rodionstarodubenko/Projects/fsd-generator/packages/fsd-gen/src/lib/generators/generatePreset.ts": {"path":"/Users/rodionstarodubenko/Projects/fsd-generator/packages/fsd-gen/src/lib/generators/generatePreset.ts","statementMap":{"0":{"start":{"line":17,"column":4},"end":{"line":17,"column":null}},"1":{"start":{"line":20,"column":19},"end":{"line":20,"column":null}},"2":{"start":{"line":21,"column":25},"end":{"line":21,"column":null}},"3":{"start":{"line":24,"column":22},"end":{"line":24,"column":null}},"4":{"start":{"line":25,"column":4},"end":{"line":27,"column":null}},"5":{"start":{"line":26,"column":8},"end":{"line":26,"column":null}},"6":{"start":{"line":30,"column":25},"end":{"line":30,"column":null}},"7":{"start":{"line":31,"column":4},"end":{"line":33,"column":null}},"8":{"start":{"line":32,"column":8},"end":{"line":32,"column":null}},"9":{"start":{"line":36,"column":20},"end":{"line":36,"column":null}},"10":{"start":{"line":37,"column":4},"end":{"line":40,"column":null}},"11":{"start":{"line":38,"column":8},"end":{"line":38,"column":null}},"12":{"start":{"line":39,"column":8},"end":{"line":39,"column":null}},"13":{"start":{"line":43,"column":23},"end":{"line":43,"column":null}},"14":{"start":{"line":44,"column":4},"end":{"line":44,"column":null}},"15":{"start":{"line":47,"column":4},"end":{"line":47,"column":null}},"16":{"start":{"line":49,"column":4},"end":{"line":49,"column":null}}},"fnMap":{"0":{"name":"generatePreset","decl":{"start":{"line":16,"column":22},"end":{"line":16,"column":37}},"loc":{"start":{"line":16,"column":86},"end":{"line":50,"column":null}},"line":16}},"branchMap":{"0":{"loc":{"start":{"line":21,"column":25},"end":{"line":21,"column":null}},"type":"cond-expr","locations":[{"start":{"line":21,"column":32},"end":{"line":21,"column":93}},{"start":{"line":21,"column":93},"end":{"line":21,"column":null}}],"line":21},"1":{"loc":{"start":{"line":25,"column":4},"end":{"line":27,"column":null}},"type":"if","locations":[{"start":{"line":25,"column":4},"end":{"line":27,"column":null}},{"start":{},"end":{}}],"line":25},"2":{"loc":{"start":{"line":31,"column":4},"end":{"line":33,"column":null}},"type":"if","locations":[{"start":{"line":31,"column":4},"end":{"line":33,"column":null}},{"start":{},"end":{}}],"line":31},"3":{"loc":{"start":{"line":37,"column":4},"end":{"line":40,"column":null}},"type":"if","locations":[{"start":{"line":37,"column":4},"end":{"line":40,"column":null}},{"start":{},"end":{}}],"line":37},"4":{"loc":{"start":{"line":37,"column":8},"end":{"line":37,"column":42}},"type":"binary-expr","locations":[{"start":{"line":37,"column":8},"end":{"line":37,"column":20}},{"start":{"line":37,"column":20},"end":{"line":37,"column":42}}],"line":37},"5":{"loc":{"start":{"line":43,"column":23},"end":{"line":43,"column":null}},"type":"binary-expr","locations":[{"start":{"line":43,"column":23},"end":{"line":43,"column":49}},{"start":{"line":43,"column":49},"end":{"line":43,"column":null}}],"line":43}},"s":{"0":13,"1":13,"2":13,"3":13,"4":13,"5":1,"6":12,"7":12,"8":1,"9":11,"10":11,"11":3,"12":3,"13":8,"14":13,"15":8,"16":8},"f":{"0":13},"b":{"0":[11,2],"1":[1,12],"2":[1,11],"3":[3,8],"4":[11,11],"5":[8,1]},"meta":{"lastBranch":6,"lastFunction":1,"lastStatement":17,"seen":{"f:16:22:16:37":0,"s:17:4:17:Infinity":0,"s:20:19:20:Infinity":1,"s:21:25:21:Infinity":2,"b:21:32:21:93:21:93:21:Infinity":0,"s:24:22:24:Infinity":3,"b:25:4:27:Infinity:undefined:undefined:undefined:undefined":1,"s:25:4:27:Infinity":4,"s:26:8:26:Infinity":5,"s:30:25:30:Infinity":6,"b:31:4:33:Infinity:undefined:undefined:undefined:undefined":2,"s:31:4:33:Infinity":7,"s:32:8:32:Infinity":8,"s:36:20:36:Infinity":9,"b:37:4:40:Infinity:undefined:undefined:undefined:undefined":3,"s:37:4:40:Infinity":10,"b:37:8:37:20:37:20:37:42":4,"s:38:8:38:Infinity":11,"s:39:8:39:Infinity":12,"s:43:23:43:Infinity":13,"b:43:23:43:49:43:49:43:Infinity":5,"s:44:4:44:Infinity":14,"s:47:4:47:Infinity":15,"s:49:4:49:Infinity":16}}}
,"/Users/rodionstarodubenko/Projects/fsd-generator/packages/fsd-gen/src/lib/generators/presetExecutionHelpers.ts": {"path":"/Users/rodionstarodubenko/Projects/fsd-generator/packages/fsd-gen/src/lib/generators/presetExecutionHelpers.ts","statementMap":{"0":{"start":{"line":21,"column":4},"end":{"line":29,"column":null}},"1":{"start":{"line":41,"column":4},"end":{"line":51,"column":null}},"2":{"start":{"line":42,"column":8},"end":{"line":42,"column":null}},"3":{"start":{"line":43,"column":34},"end":{"line":48,"column":null}},"4":{"start":{"line":49,"column":8},"end":{"line":49,"column":null}},"5":{"start":{"line":50,"column":8},"end":{"line":50,"column":null}},"6":{"start":{"line":53,"column":4},"end":{"line":53,"column":null}},"7":{"start":{"line":66,"column":4},"end":{"line":68,"column":null}},"8":{"start":{"line":67,"column":8},"end":{"line":67,"column":null}},"9":{"start":{"line":70,"column":24},"end":{"line":72,"column":null}},"10":{"start":{"line":71,"column":8},"end":{"line":71,"column":null}},"11":{"start":{"line":74,"column":4},"end":{"line":77,"column":null}},"12":{"start":{"line":75,"column":8},"end":{"line":75,"column":null}},"13":{"start":{"line":76,"column":8},"end":{"line":76,"column":null}},"14":{"start":{"line":79,"column":20},"end":{"line":79,"column":null}},"15":{"start":{"line":81,"column":4},"end":{"line":97,"column":null}},"16":{"start":{"line":82,"column":26},"end":{"line":82,"column":null}},"17":{"start":{"line":84,"column":14},"end":{"line":84,"column":null}},"18":{"start":{"line":85,"column":30},"end":{"line":86,"column":null}},"19":{"start":{"line":87,"column":27},"end":{"line":87,"column":null}},"20":{"start":{"line":88,"column":14},"end":{"line":88,"column":null}},"21":{"start":{"line":90,"column":8},"end":{"line":96,"column":null}}},"fnMap":{"0":{"name":"prepareTemplateVariables","decl":{"start":{"line":16,"column":16},"end":{"line":16,"column":null}},"loc":{"start":{"line":20,"column":2},"end":{"line":30,"column":null}},"line":20},"1":{"name":"resolvePresetActions","decl":{"start":{"line":35,"column":22},"end":{"line":35,"column":null}},"loc":{"start":{"line":40,"column":27},"end":{"line":54,"column":null}},"line":40},"2":{"name":"handleRouteInjection","decl":{"start":{"line":59,"column":22},"end":{"line":59,"column":null}},"loc":{"start":{"line":65,"column":17},"end":{"line":98,"column":null}},"line":65},"3":{"name":"(anonymous_3)","decl":{"start":{"line":70,"column":39},"end":{"line":70,"column":null}},"loc":{"start":{"line":71,"column":8},"end":{"line":71,"column":null}},"line":71}},"branchMap":{"0":{"loc":{"start":{"line":18,"column":4},"end":{"line":18,"column":null}},"type":"default-arg","locations":[{"start":{"line":18,"column":38},"end":{"line":18,"column":null}}],"line":18},"1":{"loc":{"start":{"line":19,"column":4},"end":{"line":19,"column":null}},"type":"default-arg","locations":[{"start":{"line":19,"column":38},"end":{"line":19,"column":null}}],"line":19},"2":{"loc":{"start":{"line":41,"column":4},"end":{"line":51,"column":null}},"type":"if","locations":[{"start":{"line":41,"column":4},"end":{"line":51,"column":null}},{"start":{},"end":{}}],"line":41},"3":{"loc":{"start":{"line":53,"column":11},"end":{"line":53,"column":null}},"type":"binary-expr","locations":[{"start":{"line":53,"column":11},"end":{"line":53,"column":35}},{"start":{"line":53,"column":35},"end":{"line":53,"column":null}}],"line":53},"4":{"loc":{"start":{"line":66,"column":4},"end":{"line":68,"column":null}},"type":"if","locations":[{"start":{"line":66,"column":4},"end":{"line":68,"column":null}},{"start":{},"end":{}}],"line":66},"5":{"loc":{"start":{"line":71,"column":8},"end":{"line":71,"column":null}},"type":"binary-expr","locations":[{"start":{"line":71,"column":8},"end":{"line":71,"column":50}},{"start":{"line":71,"column":50},"end":{"line":71,"column":null}}],"line":71},"6":{"loc":{"start":{"line":74,"column":4},"end":{"line":77,"column":null}},"type":"if","locations":[{"start":{"line":74,"column":4},"end":{"line":77,"column":null}},{"start":{},"end":{}}],"line":74},"7":{"loc":{"start":{"line":79,"column":20},"end":{"line":79,"column":null}},"type":"binary-expr","locations":[{"start":{"line":79,"column":20},"end":{"line":79,"column":38}},{"start":{"line":79,"column":38},"end":{"line":79,"column":null}}],"line":79},"8":{"loc":{"start":{"line":85,"column":30},"end":{"line":86,"column":null}},"type":"binary-expr","locations":[{"start":{"line":85,"column":30},"end":{"line":85,"column":null}},{"start":{"line":85,"column":51},"end":{"line":86,"column":null}}],"line":85},"9":{"loc":{"start":{"line":86,"column":28},"end":{"line":86,"column":65}},"type":"binary-expr","locations":[{"start":{"line":86,"column":28},"end":{"line":86,"column":47}},{"start":{"line":86,"column":47},"end":{"line":86,"column":65}}],"line":86},"10":{"loc":{"start":{"line":87,"column":27},"end":{"line":87,"column":null}},"type":"binary-expr","locations":[{"start":{"line":87,"column":27},"end":{"line":87,"column":62}},{"start":{"line":87,"column":62},"end":{"line":87,"column":null}}],"line":87}},"s":{"0":5,"1":13,"2":3,"3":3,"4":3,"5":3,"6":10,"7":11,"8":4,"9":7,"10":6,"11":7,"12":3,"13":3,"14":4,"15":11,"16":4,"17":4,"18":4,"19":4,"20":4,"21":4},"f":{"0":5,"1":13,"2":11,"3":6},"b":{"0":[5],"1":[5],"2":[3,10],"3":[10,1],"4":[4,7],"5":[6,6],"6":[3,4],"7":[4,1],"8":[4,2],"9":[2,2],"10":[4,3]},"meta":{"lastBranch":11,"lastFunction":4,"lastStatement":22,"seen":{"f:16:16:16:Infinity":0,"b:18:38:18:Infinity":0,"b:19:38:19:Infinity":1,"s:21:4:29:Infinity":0,"f:35:22:35:Infinity":1,"b:41:4:51:Infinity:undefined:undefined:undefined:undefined":2,"s:41:4:51:Infinity":1,"s:42:8:42:Infinity":2,"s:43:34:48:Infinity":3,"s:49:8:49:Infinity":4,"s:50:8:50:Infinity":5,"s:53:4:53:Infinity":6,"b:53:11:53:35:53:35:53:Infinity":3,"f:59:22:59:Infinity":2,"b:66:4:68:Infinity:undefined:undefined:undefined:undefined":4,"s:66:4:68:Infinity":7,"s:67:8:67:Infinity":8,"s:70:24:72:Infinity":9,"f:70:39:70:Infinity":3,"s:71:8:71:Infinity":10,"b:71:8:71:50:71:50:71:Infinity":5,"b:74:4:77:Infinity:undefined:undefined:undefined:undefined":6,"s:74:4:77:Infinity":11,"s:75:8:75:Infinity":12,"s:76:8:76:Infinity":13,"s:79:20:79:Infinity":14,"b:79:20:79:38:79:38:79:Infinity":7,"s:81:4:97:Infinity":15,"s:82:26:82:Infinity":16,"s:84:14:84:Infinity":17,"s:85:30:86:Infinity":18,"b:85:30:85:Infinity:85:51:86:Infinity":8,"b:86:28:86:47:86:47:86:65":9,"s:87:27:87:Infinity":19,"b:87:27:87:62:87:62:87:Infinity":10,"s:88:14:88:Infinity":20,"s:90:8:96:Infinity":21}}}
,"/Users/rodionstarodubenko/Projects/fsd-generator/packages/fsd-gen/src/lib/helpers/presetHelpers.ts": {"path":"/Users/rodionstarodubenko/Projects/fsd-generator/packages/fsd-gen/src/lib/helpers/presetHelpers.ts","statementMap":{"0":{"start":{"line":38,"column":8},"end":{"line":38,"column":null}},"1":{"start":{"line":40,"column":20},"end":{"line":40,"column":null}},"2":{"start":{"line":41,"column":24},"end":{"line":41,"column":null}},"3":{"start":{"line":42,"column":25},"end":{"line":42,"column":null}},"4":{"start":{"line":43,"column":27},"end":{"line":43,"column":null}},"5":{"start":{"line":44,"column":25},"end":{"line":44,"column":null}},"6":{"start":{"line":46,"column":29},"end":{"line":48,"column":null}},"7":{"start":{"line":50,"column":26},"end":{"line":50,"column":null}},"8":{"start":{"line":52,"column":25},"end":{"line":52,"column":null}},"9":{"start":{"line":53,"column":30},"end":{"line":55,"column":null}},"10":{"start":{"line":57,"column":24},"end":{"line":57,"column":null}},"11":{"start":{"line":58,"column":29},"end":{"line":60,"column":null}},"12":{"start":{"line":62,"column":22},"end":{"line":62,"column":null}},"13":{"start":{"line":63,"column":27},"end":{"line":65,"column":null}},"14":{"start":{"line":67,"column":4},"end":{"line":90,"column":null}}},"fnMap":{"0":{"name":"createPresetHelpers","decl":{"start":{"line":29,"column":16},"end":{"line":29,"column":null}},"loc":{"start":{"line":33,"column":17},"end":{"line":91,"column":null}},"line":33}},"branchMap":{"0":{"loc":{"start":{"line":32,"column":4},"end":{"line":32,"column":null}},"type":"default-arg","locations":[{"start":{"line":32,"column":35},"end":{"line":32,"column":null}}],"line":32},"1":{"loc":{"start":{"line":35,"column":8},"end":{"line":35,"column":null}},"type":"default-arg","locations":[{"start":{"line":35,"column":24},"end":{"line":35,"column":null}}],"line":35},"2":{"loc":{"start":{"line":36,"column":8},"end":{"line":36,"column":null}},"type":"default-arg","locations":[{"start":{"line":36,"column":23},"end":{"line":36,"column":null}}],"line":36},"3":{"loc":{"start":{"line":37,"column":8},"end":{"line":37,"column":null}},"type":"default-arg","locations":[{"start":{"line":37,"column":21},"end":{"line":37,"column":null}}],"line":37},"4":{"loc":{"start":{"line":40,"column":20},"end":{"line":40,"column":null}},"type":"binary-expr","locations":[{"start":{"line":40,"column":20},"end":{"line":40,"column":38}},{"start":{"line":40,"column":38},"end":{"line":40,"column":null}}],"line":40},"5":{"loc":{"start":{"line":46,"column":29},"end":{"line":48,"column":null}},"type":"cond-expr","locations":[{"start":{"line":47,"column":10},"end":{"line":47,"column":null}},{"start":{"line":48,"column":10},"end":{"line":48,"column":null}}],"line":46},"6":{"loc":{"start":{"line":53,"column":30},"end":{"line":55,"column":null}},"type":"cond-expr","locations":[{"start":{"line":54,"column":10},"end":{"line":54,"column":null}},{"start":{"line":55,"column":10},"end":{"line":55,"column":null}}],"line":53},"7":{"loc":{"start":{"line":58,"column":29},"end":{"line":60,"column":null}},"type":"cond-expr","locations":[{"start":{"line":59,"column":10},"end":{"line":59,"column":null}},{"start":{"line":60,"column":10},"end":{"line":60,"column":null}}],"line":58},"8":{"loc":{"start":{"line":63,"column":27},"end":{"line":65,"column":null}},"type":"cond-expr","locations":[{"start":{"line":64,"column":10},"end":{"line":64,"column":null}},{"start":{"line":65,"column":10},"end":{"line":65,"column":null}}],"line":63}},"s":{"0":5,"1":5,"2":5,"3":5,"4":5,"5":5,"6":5,"7":5,"8":5,"9":5,"10":5,"11":5,"12":5,"13":5,"14":5},"f":{"0":5},"b":{"0":[5],"1":[5],"2":[5],"3":[5],"4":[5,3],"5":[1,4],"6":[1,4],"7":[1,4],"8":[1,4]},"meta":{"lastBranch":9,"lastFunction":1,"lastStatement":15,"seen":{"f:29:16:29:Infinity":0,"b:32:35:32:Infinity":0,"s:38:8:38:Infinity":0,"b:35:24:35:Infinity":1,"b:36:23:36:Infinity":2,"b:37:21:37:Infinity":3,"s:40:20:40:Infinity":1,"b:40:20:40:38:40:38:40:Infinity":4,"s:41:24:41:Infinity":2,"s:42:25:42:Infinity":3,"s:43:27:43:Infinity":4,"s:44:25:44:Infinity":5,"s:46:29:48:Infinity":6,"b:47:10:47:Infinity:48:10:48:Infinity":5,"s:50:26:50:Infinity":7,"s:52:25:52:Infinity":8,"s:53:30:55:Infinity":9,"b:54:10:54:Infinity:55:10:55:Infinity":6,"s:57:24:57:Infinity":10,"s:58:29:60:Infinity":11,"b:59:10:59:Infinity:60:10:60:Infinity":7,"s:62:22:62:Infinity":12,"s:63:27:65:Infinity":13,"b:64:10:64:Infinity:65:10:65:Infinity":8,"s:67:4:90:Infinity":14}}}
,"/Users/rodionstarodubenko/Projects/fsd-generator/packages/fsd-gen/src/lib/naming/names.ts": {"path":"/Users/rodionstarodubenko/Projects/fsd-generator/packages/fsd-gen/src/lib/naming/names.ts","statementMap":{"0":{"start":{"line":8,"column":4},"end":{"line":8,"column":null}},"1":{"start":{"line":8,"column":48},"end":{"line":8,"column":84}},"2":{"start":{"line":12,"column":4},"end":{"line":12,"column":null}},"3":{"start":{"line":12,"column":42},"end":{"line":12,"column":64}},"4":{"start":{"line":16,"column":4},"end":{"line":16,"column":null}}},"fnMap":{"0":{"name":"toPascalCase","decl":{"start":{"line":7,"column":16},"end":{"line":7,"column":29}},"loc":{"start":{"line":7,"column":50},"end":{"line":9,"column":null}},"line":7},"1":{"name":"(anonymous_1)","decl":{"start":{"line":8,"column":37},"end":{"line":8,"column":38}},"loc":{"start":{"line":8,"column":48},"end":{"line":8,"column":84}},"line":8},"2":{"name":"toCamelCase","decl":{"start":{"line":11,"column":16},"end":{"line":11,"column":28}},"loc":{"start":{"line":11,"column":49},"end":{"line":13,"column":null}},"line":11},"3":{"name":"(anonymous_3)","decl":{"start":{"line":12,"column":31},"end":{"line":12,"column":32}},"loc":{"start":{"line":12,"column":42},"end":{"line":12,"column":64}},"line":12},"4":{"name":"toKebabCase","decl":{"start":{"line":15,"column":16},"end":{"line":15,"column":28}},"loc":{"start":{"line":15,"column":49},"end":{"line":17,"column":null}},"line":15}},"branchMap":{},"s":{"0":4,"1":5,"2":1,"3":1,"4":2},"f":{"0":4,"1":5,"2":1,"3":1,"4":2},"b":{},"meta":{"lastBranch":0,"lastFunction":5,"lastStatement":5,"seen":{"f:7:16:7:29":0,"s:8:4:8:Infinity":0,"f:8:37:8:38":1,"s:8:48:8:84":1,"f:11:16:11:28":2,"s:12:4:12:Infinity":2,"f:12:31:12:32":3,"s:12:42:12:64":3,"f:15:16:15:28":4,"s:16:4:16:Infinity":4}}}
,"/Users/rodionstarodubenko/Projects/fsd-generator/packages/fsd-gen/src/lib/naming/resolvePaths.ts": {"path":"/Users/rodionstarodubenko/Projects/fsd-generator/packages/fsd-gen/src/lib/naming/resolvePaths.ts","statementMap":{"0":{"start":{"line":21,"column":4},"end":{"line":21,"column":null}},"1":{"start":{"line":28,"column":21},"end":{"line":28,"column":null}},"2":{"start":{"line":29,"column":4},"end":{"line":29,"column":null}},"3":{"start":{"line":36,"column":4},"end":{"line":36,"column":null}},"4":{"start":{"line":44,"column":21},"end":{"line":44,"column":null}},"5":{"start":{"line":45,"column":4},"end":{"line":45,"column":null}},"6":{"start":{"line":52,"column":4},"end":{"line":52,"column":null}},"7":{"start":{"line":65,"column":22},"end":{"line":65,"column":null}},"8":{"start":{"line":66,"column":22},"end":{"line":66,"column":null}},"9":{"start":{"line":67,"column":19},"end":{"line":67,"column":null}},"10":{"start":{"line":68,"column":26},"end":{"line":68,"column":null}},"11":{"start":{"line":70,"column":4},"end":{"line":70,"column":null}},"12":{"start":{"line":72,"column":4},"end":{"line":77,"column":null}}},"fnMap":{"0":{"name":"getLayerPlural","decl":{"start":{"line":20,"column":16},"end":{"line":20,"column":31}},"loc":{"start":{"line":20,"column":54},"end":{"line":22,"column":null}},"line":20},"1":{"name":"buildLayerPath","decl":{"start":{"line":27,"column":16},"end":{"line":27,"column":31}},"loc":{"start":{"line":27,"column":71},"end":{"line":30,"column":null}},"line":27},"2":{"name":"buildSlicePath","decl":{"start":{"line":35,"column":16},"end":{"line":35,"column":31}},"loc":{"start":{"line":35,"column":73},"end":{"line":37,"column":null}},"line":35},"3":{"name":"buildUiPath","decl":{"start":{"line":43,"column":16},"end":{"line":43,"column":28}},"loc":{"start":{"line":43,"column":70},"end":{"line":46,"column":null}},"line":43},"4":{"name":"buildComponentPath","decl":{"start":{"line":51,"column":16},"end":{"line":51,"column":35}},"loc":{"start":{"line":51,"column":82},"end":{"line":53,"column":null}},"line":51},"5":{"name":"resolveFsdPaths","decl":{"start":{"line":59,"column":16},"end":{"line":59,"column":null}},"loc":{"start":{"line":64,"column":12},"end":{"line":78,"column":null}},"line":64}},"branchMap":{"0":{"loc":{"start":{"line":21,"column":11},"end":{"line":21,"column":null}},"type":"binary-expr","locations":[{"start":{"line":21,"column":11},"end":{"line":21,"column":35}},{"start":{"line":21,"column":35},"end":{"line":21,"column":null}}],"line":21},"1":{"loc":{"start":{"line":45,"column":11},"end":{"line":45,"column":null}},"type":"cond-expr","locations":[{"start":{"line":45,"column":22},"end":{"line":45,"column":34}},{"start":{"line":45,"column":22},"end":{"line":45,"column":null}}],"line":45}},"s":{"0":54,"1":42,"2":42,"3":38,"4":39,"5":39,"6":37,"7":34,"8":34,"9":34,"10":34,"11":34,"12":34},"f":{"0":54,"1":42,"2":38,"3":39,"4":37,"5":34},"b":{"0":[54,8],"1":[6,33]},"meta":{"lastBranch":2,"lastFunction":6,"lastStatement":13,"seen":{"f:20:16:20:31":0,"s:21:4:21:Infinity":0,"b:21:11:21:35:21:35:21:Infinity":0,"f:27:16:27:31":1,"s:28:21:28:Infinity":1,"s:29:4:29:Infinity":2,"f:35:16:35:31":2,"s:36:4:36:Infinity":3,"f:43:16:43:28":3,"s:44:21:44:Infinity":4,"s:45:4:45:Infinity":5,"b:45:22:45:34:45:22:45:Infinity":1,"f:51:16:51:35":4,"s:52:4:52:Infinity":6,"f:59:16:59:Infinity":5,"s:65:22:65:Infinity":7,"s:66:22:66:Infinity":8,"s:67:19:67:Infinity":9,"s:68:26:68:Infinity":10,"s:70:4:70:Infinity":11,"s:72:4:77:Infinity":12}}}
,"/Users/rodionstarodubenko/Projects/fsd-generator/packages/fsd-gen/src/lib/preset/actionExecution.ts": {"path":"/Users/rodionstarodubenko/Projects/fsd-generator/packages/fsd-gen/src/lib/preset/actionExecution.ts","statementMap":{"0":{"start":{"line":18,"column":6},"end":{"line":18,"column":null}},"1":{"start":{"line":19,"column":6},"end":{"line":19,"column":null}},"2":{"start":{"line":20,"column":6},"end":{"line":20,"column":null}},"3":{"start":{"line":30,"column":4},"end":{"line":35,"column":null}},"4":{"start":{"line":46,"column":10},"end":{"line":46,"column":null}},"5":{"start":{"line":47,"column":10},"end":{"line":47,"column":null}},"6":{"start":{"line":49,"column":10},"end":{"line":54,"column":null}},"7":{"start":{"line":56,"column":20},"end":{"line":65,"column":null}},"8":{"start":{"line":67,"column":4},"end":{"line":67,"column":null}},"9":{"start":{"line":78,"column":10},"end":{"line":78,"column":null}},"10":{"start":{"line":79,"column":10},"end":{"line":79,"column":null}},"11":{"start":{"line":81,"column":10},"end":{"line":86,"column":null}},"12":{"start":{"line":88,"column":20},"end":{"line":97,"column":null}},"13":{"start":{"line":99,"column":4},"end":{"line":99,"column":null}},"14":{"start":{"line":110,"column":10},"end":{"line":110,"column":null}},"15":{"start":{"line":111,"column":10},"end":{"line":111,"column":null}},"16":{"start":{"line":113,"column":10},"end":{"line":118,"column":null}},"17":{"start":{"line":120,"column":20},"end":{"line":129,"column":null}},"18":{"start":{"line":131,"column":4},"end":{"line":131,"column":null}},"19":{"start":{"line":141,"column":10},"end":{"line":141,"column":null}},"20":{"start":{"line":142,"column":25},"end":{"line":142,"column":null}},"21":{"start":{"line":144,"column":4},"end":{"line":146,"column":null}},"22":{"start":{"line":145,"column":8},"end":{"line":145,"column":null}},"23":{"start":{"line":147,"column":4},"end":{"line":147,"column":null}},"24":{"start":{"line":149,"column":4},"end":{"line":170,"column":null}},"25":{"start":{"line":150,"column":8},"end":{"line":169,"column":null}},"26":{"start":{"line":152,"column":12},"end":{"line":162,"column":null}},"27":{"start":{"line":153,"column":16},"end":{"line":161,"column":null}},"28":{"start":{"line":154,"column":35},"end":{"line":154,"column":null}},"29":{"start":{"line":155,"column":20},"end":{"line":158,"column":null}},"30":{"start":{"line":156,"column":24},"end":{"line":156,"column":null}},"31":{"start":{"line":157,"column":24},"end":{"line":157,"column":null}},"32":{"start":{"line":164,"column":28},"end":{"line":164,"column":null}},"33":{"start":{"line":165,"column":12},"end":{"line":165,"column":null}},"34":{"start":{"line":166,"column":12},"end":{"line":166,"column":null}},"35":{"start":{"line":172,"column":4},"end":{"line":172,"column":null}},"36":{"start":{"line":183,"column":10},"end":{"line":187,"column":null}},"37":{"start":{"line":189,"column":4},"end":{"line":189,"column":null}},"38":{"start":{"line":191,"column":4},"end":{"line":213,"column":null}},"39":{"start":{"line":192,"column":24},"end":{"line":199,"column":null}},"40":{"start":{"line":201,"column":24},"end":{"line":201,"column":null}},"41":{"start":{"line":202,"column":14},"end":{"line":202,"column":null}},"42":{"start":{"line":203,"column":8},"end":{"line":203,"column":null}},"43":{"start":{"line":204,"column":8},"end":{"line":204,"column":null}},"44":{"start":{"line":207,"column":8},"end":{"line":212,"column":null}},"45":{"start":{"line":208,"column":18},"end":{"line":208,"column":null}},"46":{"start":{"line":209,"column":24},"end":{"line":209,"column":null}},"47":{"start":{"line":210,"column":18},"end":{"line":210,"column":null}},"48":{"start":{"line":211,"column":12},"end":{"line":211,"column":null}},"49":{"start":{"line":226,"column":4},"end":{"line":243,"column":null}},"50":{"start":{"line":227,"column":26},"end":{"line":227,"column":null}},"51":{"start":{"line":229,"column":8},"end":{"line":242,"column":null}},"52":{"start":{"line":231,"column":16},"end":{"line":231,"column":null}},"53":{"start":{"line":232,"column":16},"end":{"line":232,"column":null}},"54":{"start":{"line":234,"column":16},"end":{"line":234,"column":null}},"55":{"start":{"line":235,"column":16},"end":{"line":235,"column":null}},"56":{"start":{"line":237,"column":16},"end":{"line":237,"column":null}},"57":{"start":{"line":238,"column":16},"end":{"line":238,"column":null}},"58":{"start":{"line":240,"column":16},"end":{"line":240,"column":null}},"59":{"start":{"line":241,"column":16},"end":{"line":241,"column":null}},"60":{"start":{"line":245,"column":4},"end":{"line":245,"column":null}}},"fnMap":{"0":{"name":"prepareActionVariables","decl":{"start":{"line":25,"column":16},"end":{"line":25,"column":null}},"loc":{"start":{"line":29,"column":23},"end":{"line":36,"column":null}},"line":29},"1":{"name":"executeComponentAction","decl":{"start":{"line":41,"column":22},"end":{"line":41,"column":null}},"loc":{"start":{"line":45,"column":17},"end":{"line":68,"column":null}},"line":45},"2":{"name":"executeHookAction","decl":{"start":{"line":73,"column":22},"end":{"line":73,"column":null}},"loc":{"start":{"line":77,"column":17},"end":{"line":100,"column":null}},"line":77},"3":{"name":"executeStylesAction","decl":{"start":{"line":105,"column":22},"end":{"line":105,"column":null}},"loc":{"start":{"line":109,"column":17},"end":{"line":132,"column":null}},"line":109},"4":{"name":"loadFileTemplate","decl":{"start":{"line":137,"column":22},"end":{"line":137,"column":null}},"loc":{"start":{"line":140,"column":60},"end":{"line":173,"column":null}},"line":140},"5":{"name":"executeFileAction","decl":{"start":{"line":178,"column":22},"end":{"line":178,"column":null}},"loc":{"start":{"line":182,"column":17},"end":{"line":214,"column":null}},"line":182},"6":{"name":"executeActions","decl":{"start":{"line":220,"column":22},"end":{"line":220,"column":null}},"loc":{"start":{"line":225,"column":17},"end":{"line":246,"column":null}},"line":225}},"branchMap":{"0":{"loc":{"start":{"line":46,"column":42},"end":{"line":46,"column":71}},"type":"binary-expr","locations":[{"start":{"line":46,"column":42},"end":{"line":46,"column":57}},{"start":{"line":46,"column":57},"end":{"line":46,"column":71}}],"line":46},"1":{"loc":{"start":{"line":78,"column":42},"end":{"line":78,"column":71}},"type":"binary-expr","locations":[{"start":{"line":78,"column":42},"end":{"line":78,"column":57}},{"start":{"line":78,"column":57},"end":{"line":78,"column":71}}],"line":78},"2":{"loc":{"start":{"line":110,"column":42},"end":{"line":110,"column":71}},"type":"binary-expr","locations":[{"start":{"line":110,"column":42},"end":{"line":110,"column":57}},{"start":{"line":110,"column":57},"end":{"line":110,"column":71}}],"line":110},"3":{"loc":{"start":{"line":144,"column":4},"end":{"line":146,"column":null}},"type":"if","locations":[{"start":{"line":144,"column":4},"end":{"line":146,"column":null}},{"start":{},"end":{}}],"line":144},"4":{"loc":{"start":{"line":152,"column":12},"end":{"line":162,"column":null}},"type":"if","locations":[{"start":{"line":152,"column":12},"end":{"line":162,"column":null}},{"start":{},"end":{}}],"line":152},"5":{"loc":{"start":{"line":152,"column":16},"end":{"line":152,"column":78}},"type":"binary-expr","locations":[{"start":{"line":152,"column":16},"end":{"line":152,"column":37}},{"start":{"line":152,"column":37},"end":{"line":152,"column":59}},{"start":{"line":152,"column":59},"end":{"line":152,"column":78}}],"line":152},"6":{"loc":{"start":{"line":155,"column":20},"end":{"line":158,"column":null}},"type":"if","locations":[{"start":{"line":155,"column":20},"end":{"line":158,"column":null}},{"start":{},"end":{}}],"line":155},"7":{"loc":{"start":{"line":185,"column":8},"end":{"line":185,"column":null}},"type":"binary-expr","locations":[{"start":{"line":185,"column":8},"end":{"line":185,"column":28}},{"start":{"line":185,"column":28},"end":{"line":185,"column":null}}],"line":185},"8":{"loc":{"start":{"line":191,"column":4},"end":{"line":213,"column":null}},"type":"if","locations":[{"start":{"line":191,"column":4},"end":{"line":213,"column":null}},{"start":{},"end":{}}],"line":191},"9":{"loc":{"start":{"line":196,"column":27},"end":{"line":196,"column":null}},"type":"binary-expr","locations":[{"start":{"line":196,"column":27},"end":{"line":196,"column":50}},{"start":{"line":196,"column":50},"end":{"line":196,"column":null}}],"line":196},"10":{"loc":{"start":{"line":197,"column":23},"end":{"line":197,"column":null}},"type":"cond-expr","locations":[{"start":{"line":197,"column":61},"end":{"line":197,"column":79}},{"start":{"line":197,"column":79},"end":{"line":197,"column":null}}],"line":197},"11":{"loc":{"start":{"line":207,"column":8},"end":{"line":212,"column":null}},"type":"if","locations":[{"start":{"line":207,"column":8},"end":{"line":212,"column":null}},{"start":{},"end":{}}],"line":207},"12":{"loc":{"start":{"line":207,"column":8},"end":{"line":207,"column":143}},"type":"binary-expr","locations":[{"start":{"line":207,"column":13},"end":{"line":207,"column":64}},{"start":{"line":207,"column":64},"end":{"line":207,"column":109}},{"start":{"line":207,"column":109},"end":{"line":207,"column":143}}],"line":207},"13":{"loc":{"start":{"line":209,"column":24},"end":{"line":209,"column":null}},"type":"cond-expr","locations":[{"start":{"line":209,"column":67},"end":{"line":209,"column":89}},{"start":{"line":209,"column":89},"end":{"line":209,"column":null}}],"line":209},"14":{"loc":{"start":{"line":229,"column":8},"end":{"line":242,"column":null}},"type":"switch","locations":[{"start":{"line":230,"column":12},"end":{"line":232,"column":null}},{"start":{"line":233,"column":12},"end":{"line":235,"column":null}},{"start":{"line":236,"column":12},"end":{"line":238,"column":null}},{"start":{"line":239,"column":12},"end":{"line":241,"column":null}}],"line":229}},"s":{"0":8,"1":8,"2":8,"3":14,"4":3,"5":3,"6":3,"7":3,"8":3,"9":4,"10":4,"11":4,"12":4,"13":4,"14":4,"15":4,"16":4,"17":4,"18":4,"19":10,"20":10,"21":10,"22":4,"23":10,"24":10,"25":10,"26":10,"27":8,"28":8,"29":1,"30":1,"31":1,"32":9,"33":5,"34":5,"35":4,"36":7,"37":7,"38":7,"39":6,"40":6,"41":4,"42":4,"43":4,"44":4,"45":1,"46":1,"47":1,"48":1,"49":1,"50":4,"51":4,"52":1,"53":1,"54":1,"55":1,"56":1,"57":1,"58":1,"59":1,"60":1},"f":{"0":14,"1":3,"2":4,"3":4,"4":10,"5":7,"6":1},"b":{"0":[3,1],"1":[4,1],"2":[4,1],"3":[4,6],"4":[8,2],"5":[10,4,2],"6":[1,0],"7":[7,6],"8":[6,1],"9":[6,3],"10":[0,6],"11":[1,3],"12":[4,1,3],"13":[0,1],"14":[1,1,1,1]},"meta":{"lastBranch":15,"lastFunction":7,"lastStatement":61,"seen":{"s:18:6:18:Infinity":0,"s:19:6:19:Infinity":1,"s:20:6:20:Infinity":2,"f:25:16:25:Infinity":0,"s:30:4:35:Infinity":3,"f:41:22:41:Infinity":1,"s:46:10:46:Infinity":4,"b:46:42:46:57:46:57:46:71":0,"s:47:10:47:Infinity":5,"s:49:10:54:Infinity":6,"s:56:20:65:Infinity":7,"s:67:4:67:Infinity":8,"f:73:22:73:Infinity":2,"s:78:10:78:Infinity":9,"b:78:42:78:57:78:57:78:71":1,"s:79:10:79:Infinity":10,"s:81:10:86:Infinity":11,"s:88:20:97:Infinity":12,"s:99:4:99:Infinity":13,"f:105:22:105:Infinity":3,"s:110:10:110:Infinity":14,"b:110:42:110:57:110:57:110:71":2,"s:111:10:111:Infinity":15,"s:113:10:118:Infinity":16,"s:120:20:129:Infinity":17,"s:131:4:131:Infinity":18,"f:137:22:137:Infinity":4,"s:141:10:141:Infinity":19,"s:142:25:142:Infinity":20,"b:144:4:146:Infinity:undefined:undefined:undefined:undefined":3,"s:144:4:146:Infinity":21,"s:145:8:145:Infinity":22,"s:147:4:147:Infinity":23,"s:149:4:170:Infinity":24,"s:150:8:169:Infinity":25,"b:152:12:162:Infinity:undefined:undefined:undefined:undefined":4,"s:152:12:162:Infinity":26,"b:152:16:152:37:152:37:152:59:152:59:152:78":5,"s:153:16:161:Infinity":27,"s:154:35:154:Infinity":28,"b:155:20:158:Infinity:undefined:undefined:undefined:undefined":6,"s:155:20:158:Infinity":29,"s:156:24:156:Infinity":30,"s:157:24:157:Infinity":31,"s:164:28:164:Infinity":32,"s:165:12:165:Infinity":33,"s:166:12:166:Infinity":34,"s:172:4:172:Infinity":35,"f:178:22:178:Infinity":5,"s:183:10:187:Infinity":36,"b:185:8:185:28:185:28:185:Infinity":7,"s:189:4:189:Infinity":37,"b:191:4:213:Infinity:undefined:undefined:undefined:undefined":8,"s:191:4:213:Infinity":38,"s:192:24:199:Infinity":39,"b:196:27:196:50:196:50:196:Infinity":9,"b:197:61:197:79:197:79:197:Infinity":10,"s:201:24:201:Infinity":40,"s:202:14:202:Infinity":41,"s:203:8:203:Infinity":42,"s:204:8:204:Infinity":43,"b:207:8:212:Infinity:undefined:undefined:undefined:undefined":11,"s:207:8:212:Infinity":44,"b:207:13:207:64:207:64:207:109:207:109:207:143":12,"s:208:18:208:Infinity":45,"s:209:24:209:Infinity":46,"b:209:67:209:89:209:89:209:Infinity":13,"s:210:18:210:Infinity":47,"s:211:12:211:Infinity":48,"f:220:22:220:Infinity":6,"s:226:4:243:Infinity":49,"s:227:26:227:Infinity":50,"b:230:12:232:Infinity:233:12:235:Infinity:236:12:238:Infinity:239:12:241:Infinity":14,"s:229:8:242:Infinity":51,"s:231:16:231:Infinity":52,"s:232:16:232:Infinity":53,"s:234:16:234:Infinity":54,"s:235:16:235:Infinity":55,"s:237:16:237:Infinity":56,"s:238:16:238:Infinity":57,"s:240:16:240:Infinity":58,"s:241:16:241:Infinity":59,"s:245:4:245:Infinity":60}}}
,"/Users/rodionstarodubenko/Projects/fsd-generator/packages/fsd-gen/src/lib/preset/presetDiscovery.ts": {"path":"/Users/rodionstarodubenko/Projects/fsd-generator/packages/fsd-gen/src/lib/preset/presetDiscovery.ts","statementMap":{"0":{"start":{"line":21,"column":4},"end":{"line":23,"column":null}},"1":{"start":{"line":22,"column":8},"end":{"line":22,"column":null}},"2":{"start":{"line":24,"column":4},"end":{"line":26,"column":null}},"3":{"start":{"line":25,"column":8},"end":{"line":25,"column":null}},"4":{"start":{"line":27,"column":4},"end":{"line":29,"column":null}},"5":{"start":{"line":28,"column":8},"end":{"line":28,"column":null}},"6":{"start":{"line":30,"column":4},"end":{"line":30,"column":null}},"7":{"start":{"line":44,"column":36},"end":{"line":44,"column":null}},"8":{"start":{"line":45,"column":19},"end":{"line":51,"column":null}},"9":{"start":{"line":53,"column":4},"end":{"line":80,"column":null}},"10":{"start":{"line":54,"column":14},"end":{"line":54,"column":null}},"11":{"start":{"line":55,"column":8},"end":{"line":55,"column":null}},"12":{"start":{"line":55,"column":35},"end":{"line":55,"column":null}},"13":{"start":{"line":57,"column":28},"end":{"line":57,"column":null}},"14":{"start":{"line":58,"column":31},"end":{"line":58,"column":null}},"15":{"start":{"line":60,"column":30},"end":{"line":77,"column":null}},"16":{"start":{"line":61,"column":28},"end":{"line":61,"column":null}},"17":{"start":{"line":63,"column":12},"end":{"line":76,"column":null}},"18":{"start":{"line":64,"column":22},"end":{"line":64,"column":null}},"19":{"start":{"line":65,"column":22},"end":{"line":65,"column":null}},"20":{"start":{"line":67,"column":16},"end":{"line":75,"column":null}},"21":{"start":{"line":68,"column":20},"end":{"line":68,"column":null}},"22":{"start":{"line":69,"column":16},"end":{"line":75,"column":null}},"23":{"start":{"line":70,"column":20},"end":{"line":74,"column":null}},"24":{"start":{"line":79,"column":8},"end":{"line":79,"column":null}},"25":{"start":{"line":82,"column":4},"end":{"line":82,"column":null}}},"fnMap":{"0":{"name":"resolveLayerSliceName","decl":{"start":{"line":16,"column":16},"end":{"line":16,"column":null}},"loc":{"start":{"line":20,"column":10},"end":{"line":31,"column":null}},"line":20},"1":{"name":"discoverTemplates","decl":{"start":{"line":38,"column":22},"end":{"line":38,"column":null}},"loc":{"start":{"line":43,"column":27},"end":{"line":83,"column":null}},"line":43},"2":{"name":"(anonymous_2)","decl":{"start":{"line":60,"column":30},"end":{"line":60,"column":37}},"loc":{"start":{"line":60,"column":82},"end":{"line":77,"column":null}},"line":60}},"branchMap":{"0":{"loc":{"start":{"line":19,"column":4},"end":{"line":19,"column":null}},"type":"default-arg","locations":[{"start":{"line":19,"column":36},"end":{"line":19,"column":null}}],"line":19},"1":{"loc":{"start":{"line":21,"column":4},"end":{"line":23,"column":null}},"type":"if","locations":[{"start":{"line":21,"column":4},"end":{"line":23,"column":null}},{"start":{},"end":{}}],"line":21},"2":{"loc":{"start":{"line":22,"column":31},"end":{"line":22,"column":72}},"type":"binary-expr","locations":[{"start":{"line":22,"column":31},"end":{"line":22,"column":64}},{"start":{"line":22,"column":64},"end":{"line":22,"column":72}}],"line":22},"3":{"loc":{"start":{"line":24,"column":4},"end":{"line":26,"column":null}},"type":"if","locations":[{"start":{"line":24,"column":4},"end":{"line":26,"column":null}},{"start":{},"end":{}}],"line":24},"4":{"loc":{"start":{"line":25,"column":31},"end":{"line":25,"column":68}},"type":"binary-expr","locations":[{"start":{"line":25,"column":31},"end":{"line":25,"column":62}},{"start":{"line":25,"column":62},"end":{"line":25,"column":68}}],"line":25},"5":{"loc":{"start":{"line":27,"column":4},"end":{"line":29,"column":null}},"type":"if","locations":[{"start":{"line":27,"column":4},"end":{"line":29,"column":null}},{"start":{},"end":{}}],"line":27},"6":{"loc":{"start":{"line":28,"column":18},"end":{"line":28,"column":60}},"type":"binary-expr","locations":[{"start":{"line":28,"column":18},"end":{"line":28,"column":52}},{"start":{"line":28,"column":52},"end":{"line":28,"column":60}}],"line":28},"7":{"loc":{"start":{"line":42,"column":4},"end":{"line":42,"column":null}},"type":"default-arg","locations":[{"start":{"line":42,"column":36},"end":{"line":42,"column":null}}],"line":42},"8":{"loc":{"start":{"line":55,"column":8},"end":{"line":55,"column":null}},"type":"if","locations":[{"start":{"line":55,"column":8},"end":{"line":55,"column":null}},{"start":{},"end":{}}],"line":55},"9":{"loc":{"start":{"line":57,"column":28},"end":{"line":57,"column":null}},"type":"binary-expr","locations":[{"start":{"line":57,"column":28},"end":{"line":57,"column":52}},{"start":{"line":57,"column":52},"end":{"line":57,"column":null}}],"line":57},"10":{"loc":{"start":{"line":60,"column":57},"end":{"line":60,"column":82}},"type":"default-arg","locations":[{"start":{"line":60,"column":75},"end":{"line":60,"column":82}}],"line":60},"11":{"loc":{"start":{"line":67,"column":16},"end":{"line":75,"column":null}},"type":"if","locations":[{"start":{"line":67,"column":16},"end":{"line":75,"column":null}},{"start":{"line":69,"column":16},"end":{"line":75,"column":null}}],"line":67},"12":{"loc":{"start":{"line":69,"column":16},"end":{"line":75,"column":null}},"type":"if","locations":[{"start":{"line":69,"column":16},"end":{"line":75,"column":null}},{"start":{},"end":{}}],"line":69}},"s":{"0":12,"1":2,"2":10,"3":2,"4":8,"5":4,"6":4,"7":7,"8":7,"9":7,"10":35,"11":35,"12":23,"13":12,"14":35,"15":35,"16":15,"17":15,"18":11,"19":11,"20":11,"21":3,"22":8,"23":8,"24":35,"25":7},"f":{"0":12,"1":7,"2":15},"b":{"0":[12],"1":[2,10],"2":[2,1],"3":[2,8],"4":[2,1],"5":[4,4],"6":[4,2],"7":[7],"8":[23,12],"9":[12,0],"10":[15],"11":[3,8],"12":[8,0]},"meta":{"lastBranch":13,"lastFunction":3,"lastStatement":26,"seen":{"f:16:16:16:Infinity":0,"b:19:36:19:Infinity":0,"b:21:4:23:Infinity:undefined:undefined:undefined:undefined":1,"s:21:4:23:Infinity":0,"s:22:8:22:Infinity":1,"b:22:31:22:64:22:64:22:72":2,"b:24:4:26:Infinity:undefined:undefined:undefined:undefined":3,"s:24:4:26:Infinity":2,"s:25:8:25:Infinity":3,"b:25:31:25:62:25:62:25:68":4,"b:27:4:29:Infinity:undefined:undefined:undefined:undefined":5,"s:27:4:29:Infinity":4,"s:28:8:28:Infinity":5,"b:28:18:28:52:28:52:28:60":6,"s:30:4:30:Infinity":6,"f:38:22:38:Infinity":1,"b:42:36:42:Infinity":7,"s:44:36:44:Infinity":7,"s:45:19:51:Infinity":8,"s:53:4:80:Infinity":9,"s:54:14:54:Infinity":10,"b:55:8:55:Infinity:undefined:undefined:undefined:undefined":8,"s:55:8:55:Infinity":11,"s:55:35:55:Infinity":12,"s:57:28:57:Infinity":13,"b:57:28:57:52:57:52:57:Infinity":9,"s:58:31:58:Infinity":14,"s:60:30:77:Infinity":15,"f:60:30:60:37":2,"b:60:75:60:82":10,"s:61:28:61:Infinity":16,"s:63:12:76:Infinity":17,"s:64:22:64:Infinity":18,"s:65:22:65:Infinity":19,"b:67:16:75:Infinity:69:16:75:Infinity":11,"s:67:16:75:Infinity":20,"s:68:20:68:Infinity":21,"b:69:16:75:Infinity:undefined:undefined:undefined:undefined":12,"s:69:16:75:Infinity":22,"s:70:20:74:Infinity":23,"s:79:8:79:Infinity":24,"s:82:4:82:Infinity":25}}}
,"/Users/rodionstarodubenko/Projects/fsd-generator/packages/fsd-gen/src/lib/preset/presetLoading.ts": {"path":"/Users/rodionstarodubenko/Projects/fsd-generator/packages/fsd-gen/src/lib/preset/presetLoading.ts","statementMap":{"0":{"start":{"line":17,"column":10},"end":{"line":17,"column":null}},"1":{"start":{"line":19,"column":4},"end":{"line":29,"column":null}},"2":{"start":{"line":20,"column":8},"end":{"line":20,"column":null}},"3":{"start":{"line":21,"column":8},"end":{"line":21,"column":null}},"4":{"start":{"line":23,"column":14},"end":{"line":23,"column":null}},"5":{"start":{"line":24,"column":25},"end":{"line":24,"column":null}},"6":{"start":{"line":25,"column":8},"end":{"line":25,"column":null}},"7":{"start":{"line":27,"column":8},"end":{"line":27,"column":null}},"8":{"start":{"line":28,"column":8},"end":{"line":28,"column":null}},"9":{"start":{"line":37,"column":10},"end":{"line":37,"column":null}},"10":{"start":{"line":39,"column":4},"end":{"line":45,"column":null}},"11":{"start":{"line":40,"column":24},"end":{"line":40,"column":null}},"12":{"start":{"line":41,"column":8},"end":{"line":41,"column":null}},"13":{"start":{"line":42,"column":8},"end":{"line":42,"column":null}},"14":{"start":{"line":44,"column":8},"end":{"line":44,"column":null}},"15":{"start":{"line":55,"column":4},"end":{"line":57,"column":null}},"16":{"start":{"line":56,"column":8},"end":{"line":56,"column":null}},"17":{"start":{"line":58,"column":4},"end":{"line":58,"column":null}},"18":{"start":{"line":72,"column":23},"end":{"line":72,"column":null}},"19":{"start":{"line":75,"column":4},"end":{"line":77,"column":null}},"20":{"start":{"line":76,"column":8},"end":{"line":76,"column":null}},"21":{"start":{"line":79,"column":4},"end":{"line":81,"column":null}},"22":{"start":{"line":80,"column":8},"end":{"line":80,"column":null}},"23":{"start":{"line":84,"column":35},"end":{"line":84,"column":null}},"24":{"start":{"line":85,"column":4},"end":{"line":85,"column":null}}},"fnMap":{"0":{"name":"loadPresetTs","decl":{"start":{"line":16,"column":22},"end":{"line":16,"column":35}},"loc":{"start":{"line":16,"column":101},"end":{"line":30,"column":null}},"line":16},"1":{"name":"loadPresetJson","decl":{"start":{"line":36,"column":22},"end":{"line":36,"column":37}},"loc":{"start":{"line":36,"column":86},"end":{"line":46,"column":null}},"line":36},"2":{"name":"evaluatePresetConfig","decl":{"start":{"line":51,"column":16},"end":{"line":51,"column":null}},"loc":{"start":{"line":54,"column":16},"end":{"line":59,"column":null}},"line":54},"3":{"name":"loadPresetConfig","decl":{"start":{"line":66,"column":22},"end":{"lin
[...]
,"/Users/rodionstarodubenko/Projects/fsd-generator/packages/fsd-gen/src/lib/templates/templateLoader.ts": {"path":"/Users/rodionstarodubenko/Projects/fsd-generator/packages/fsd-gen/src/lib/templates/templateLoader.ts","statementMap":{"0":{"start":{"line":9,"column":6},"end":{"line":9,"column":null}},"1":{"start":{"line":10,"column":6},"end":{"line":10,"column":null}},"2":{"start":{"line":12,"column":6},"end":{"line":12,"column":null}},"3":{"start":{"line":19,"column":10},"end":{"line":19,"column":null}},"4":{"start":{"line":21,"column":4},"end":{"line":23,"column":null}},"5":{"start":{"line":22,"column":8},"end":{"line":22,"column":null}},"6":{"start":{"line":25,"column":4},"end":{"line":25,"column":null}},"7":{"start":{"line":37,"column":4},"end":{"line":48,"column":null}},"8":{"start":{"line":38,"column":28},"end":{"line":40,"column":null}},"9":{"start":{"line":42,"column":8},"end":{"line":47,"column":null}},"10":{"start":{"line":43,"column":12},"end":{"line":43,"column":null}},"11":{"start":{"line":44,"column":12},"end":{"line":44,"column":null}},"12":{"start":{"line":50,"column":4},"end":{"line":50,"column":null}},"13":{"start":{"line":59,"column":23},"end":{"line":59,"column":null}},"14":{"start":{"line":62,"column":26},"end":{"line":70,"column":null}},"15":{"start":{"line":73,"column":4},"end":{"line":87,"column":null}},"16":{"start":{"line":74,"column":8},"end":{"line":86,"column":null}},"17":{"start":{"line":75,"column":12},"end":{"line":85,"column":null}},"18":{"start":{"line":76,"column":22},"end":{"line":76,"column":null}},"19":{"start":{"line":77,"column":16},"end":{"line":77,"column":null}},"20":{"start":{"line":79,"column":31},"end":{"line":79,"column":null}},"21":{"start":{"line":80,"column":16},"end":{"line":82,"column":null}},"22":{"start":{"line":81,"column":20},"end":{"line":81,"column":null}},"23":{"start":{"line":91,"column":26},"end":{"line":91,"column":null}},"24":{"start":{"line":92,"column":4},"end":{"line":96,"column":null}},"25":{"start":{"line":93,"column":8},"end":{"line":93,"column":null}},"26":{"start":{"line":98,"column":32},"end":{"line":110,"column":null}},"27":{"start":{"line":99,"column":18},"end":{"line":99,"column":61}},"28":{"start":{"line":101,"column":12},"end":{"line":108,"column":null}},"29":{"start":{"line":112,"column":4},"end":{"line":141,"column":null}},"30":{"start":{"line":114,"column":8},"end":{"line":114,"column":null}},"31":{"start":{"line":114,"column":45},"end":{"line":114,"column":null}},"32":{"start":{"line":116,"column":8},"end":{"line":116,"column":null}},"33":{"start":{"line":116,"column":65},"end":{"line":116,"column":null}},"34":{"start":{"line":118,"column":25},"end":{"line":118,"column":null}},"35":{"start":{"line":121,"column":8},"end":{"line":132,"column":null}},"36":{"start":{"line":122,"column":12},"end":{"line":131,"column":null}},"37":{"start":{"line":123,"column":22},"end":{"line":123,"column":null}},"38":{"start":{"line":124,"column":16},"end":{"line":124,"column":null}},"39":{"start":{"line":125,"column":31},"end":{"line":125,"column":null}},"40":{"start":{"line":126,"column":16},"end":{"line":128,"column":null}},"41":{"start":{"line":127,"column":20},"end":{"line":127,"column":null}},"42":{"start":{"line":135,"column":8},"end":{"line":140,"column":null}},"43":{"start":{"line":136,"column":18},"end":{"line":136,"column":null}},"44":{"start":{"line":137,"column":12},"end":{"line":137,"column":null}},"45":{"start":{"line":143,"column":4},"end":{"line":143,"column":null}},"46":{"start":{"line":152,"column":23},"end":{"line":152,"column":null}},"47":{"start":{"line":155,"column":4},"end":{"line":168,"column":null}},"48":{"start":{"line":156,"column":8},"end":{"line":167,"column":null}},"49":{"start":{"line":158,"column":18},"end":{"line":158,"column":null}},"50":{"start":{"line":159,"column":12},"end":{"line":159,"column":null}},"51":{"start":{"line":161,"column":27},"end":{"line":161,"column":null}},"52":{"start":{"line":162,"column":12},"end":{"line":164,"column":null}},"53":{"start":{"line":163,"column":16},"end":{"line":163,"column":null}},"54":{"start":{"line":170,"column":10},"end":{"line":170,"column":null}},"55":{"start":{"line":171,"column":4},"end":{"line":175,"column":null}},"56":{"start":{"line":172,"column":8},"end":{"line":172,"column":null}},"57":{"start":{"line":174,"column":8},"end":{"line":174,"column":null}},"58":{"start":{"line":187,"column":23},"end":{"line":187,"column":null}},"59":{"start":{"line":188,"column":24},"end":{"line":188,"column":null}},"60":{"start":{"line":190,"column":4},"end":{"line":193,"column":null}},"61":{"start":{"line":191,"column":8},"end":{"line":191,"column":null}},"62":{"start":{"line":192,"column":8},"end":{"line":192,"column":null}},"63":{"start":{"line":195,"column":22},"end":{"line":195,"column":null}},"64":{"start":{"line":196,"column":19},"end":{"line":196,"column":null}},"65":{"start":{"line":198,"column":4},"end":{"line":198,"column":null}},"66":{"start":{"line":199,"column":4},"end":{"line":199,"column":null}},"67":{"start":{"line":203,"column":4},"end":{"line":205,"column":null}},"68":{"start":{"line":204,"column":8},"end":{"line":204,"column":null}},"69":{"start":{"line":206,"column":4},"end":{"line":206,"column":null}},"70":{"start":{"line":206,"column":69},"end":{"line":206,"column":97}},"71":{"start":{"line":210,"column":10},"end":{"line":210,"column":null}},"72":{"start":{"line":211,"column":20},"end":{"line":211,"column":null}},"73":{"start":{"line":213,"column":24},"end":{"line":213,"column":null}},"74":{"start":{"line":214,"column":4},"end":{"line":216,"column":null}},"75":{"start":{"line":215,"column":8},"end":{"line":215,"column":null}},"76":{"start":{"line":218,"column":4},"end":{"line":230,"column":null}},"77":{"start":{"line":219,"column":14},"end":{"line":219,"column":null}},"78":{"start":{"line":220,"column":8},"end":{"line":229,"column":null}},"79":{"start":{"line":221,"column":28},"end":{"line":221,"column":null}},"80":{"start":{"line":222,"column":12},"end":{"line":226,"column":null}},"81":{"start":{"line":223,"column":16},"end":{"line":225,"column":null}},"82":{"start":{"line":224,"column":20},"end":{"line":224,"column":null}},"83":{"start":{"line":232,"column":4},"end":{"line":232,"column":null}},"84":{"start":{"line":236,"column":10},"end":{"line":236,"column":null}},"85":{"start":{"line":237,"column":24},"end":{"line":237,"column":null}},"86":{"start":{"line":238,"column":4},"end":{"line":240,"column":null}},"87":{"start":{"line":239,"column":8},"end":{"line":239,"column":null}},"88":{"start":{"line":242,"column":4},"end":{"line":250,"column":null}},"89":{"start":{"line":243,"column":14},"end":{"line":243,"column":null}},"90":{"start":{"line":244,"column":8},"end":{"line":249,"column":null}},"91":{"start":{"line":245,"column":12},"end":{"line":245,"column":null}},"92":{"start":{"line":246,"column":12},"end":{"line":246,"column":null}},"93":{"start":{"line":251,"column":4},"end":{"line":251,"column":null}}},"fnMap":{"0":{"name":"resolveTemplateDirs","decl":{"start":{"line":18,"column":16},"end":{"line":18,"column":36}},"loc":{"start":{"line":18,"column":75},"end":{"line":26,"column":null}},"line":18},"1":{"name":"findTemplateDir","decl":{"start":{"line":32,"column":22},"end":{"line":32,"column":null}},"loc":{"start":{"line":36,"column":26},"end":{"line":51,"column":null}},"line":36},"2":{"name":"readComponentTemplate","decl":{"start":{"line":57,"column":22},"end":{"line":57,"column":44}},"loc":{"start":{"line":57,"column":123},"end":{"line":144,"column":null}},"line":57},"3":{"name":"(anonymous_3)","decl":{"start":{"line":99,"column":13},"end":{"line":99,"column":18}},"loc":{"start":{"line":99,"column":18},"end":{"line":99,"column":61}},"line":99},"4":{"name":"(anonymous_4)","decl":{"start":{"line":100,"column":16},"end":{"line":100,"column":null}},"loc":{"start":{"line":101,"column":12},"end":{"line":108,"column":null}},"line":101},"5":{"name":"readStylesTemplate","decl":{"start":{"line":150,"column":22},"end":{"line":150,"column":41}},"loc":{"start":{"line":150,"column":120},"end":{"line":176,"column":null}},"line":150},"6":{"name":"loadTemplate","decl":{"start":{"line":182,"column":22},"end":{"line":182,"column":null}},"loc":{"start":{"line":186,"column":132},"end":{"line":200,"column":null}},"line":186},"7":{"name":"processTemplate","decl":{"start":{"line":202,"column":16},"end":{"line":202,"column":32}},"loc":{"start":{"line":202,"column":148},"end":{"line":207,"column":null}},"line":202},"8":{"name":"(anonymous_8)","decl":{"start":{"line":206,"column":57},"end":{"line":206,"column":58}},"loc":{"start":{"line":206,"column":69},"end":{"line":206,"column":97}},"line":206},"9":{"name":"listPresets","decl":{"start":{"line":209,"column":22},"end":{"line":209,"column":34}},"loc":{"start":{"line":209,"column":82},"end":{"line":233,"column":null}},"line":209},"10":{"name":"resolvePresetDir","decl":{"start":{"line":235,"column":22},"end":{"line":235,"column":39}},"loc":{"start":{"line":235,"column":112},"end":{"line":252,"column":null}},"line":235}},"branchMap":{"0":{"loc":{"start":{"line":21,"column":4},"end":{"line":23,"column":null}},"type":"if","locations":[{"start":{"line":21,"column":4},"end":{"line":23,"column":null}},{"start":{},"end":{}}],"line":21},"1":{"loc":{"start":{"line":38,"column":28},"end":{"line":40,"column":null}},"type":"cond-expr","locations":[{"start":{"line":38,"column":28},"end":{"line":39,"column":null}},{"start":{"line":39,"column":44},"end":{"line":40,"column":null}}],"line":38},"2":{"loc":{"start":{"line":80,"column":16},"end":{"line":82,"column":null}},"type":"if","locations":[{"start":{"line":80,"column":16},"end":{"line":82,"column":null}},{"start":{},"end":{}}],"line":80},"3":{"loc":{"start":{"line":93,"column":19},"end":{"line":93,"column":null}},"type":"binary-expr","locations":[{"start":{"line":93,"column":19},"end":{"line":93,"column":49}},{"start":{"line":93,"column":49},"end":{"line":93,"column":null}}],"line":93},"4":{"loc":{"start":{"line":99,"column":18},"end":{"line":99,"column":61}},"type":"cond-expr","locations":[{"start":{"line":99,"column":42},"end":{"line":99,"column":47}},{"start":{"line":99,"column":47},"end":{"line":99,"column":61}}],"line":99},"5":{"loc":{"start":{"line":101,"column":12},"end":{"line":108,"column":null}},"type":"binary-expr","locations":[{"start":{"line":101,"column":12},"end":{"line":101,"column":null}},{"start":{"line":102,"column":16},"end":{"line":102,"column":null}},{"start":{"line":103,"column":16},"end":{"line":103,"column":null}},{"start":{"line":104,"column":16},"end":{"line":104,"column":null}},{"start":{"line":105,"column":16},"end":{"line":105,"column":null}},{"start":{"line":106,"column":16},"end":{"line":106,"column":null}},{"start":{"line":107,"column":16},"end":{"line":107,"column":null}},{"start":{"line":108,"column":17},"end":{"line":108,"column":47}},{"start":{"line":108,"column":47},"end":{"line":108,"column":69}},{"start":{"line":108,"column":69},"end":{"line":108,"column":90}},{"start":{"line":108,"column":90},"end":{"line":108,"column":111}},{"start":{"line":108,"column":111},"end":{"line":108,"column":null}}],"line":101},"6":{"loc":{"start":{"line":114,"column":8},"end":{"line":114,"column":null}},"type":"if","locations":[{"start":{"line":114,"column":8},"end":{"line":114,"column":null}},{"start":{},"end":{}}],"line":114},"7":{"loc":{"start":{"line":116,"column":8},"end":{"line":116,"column":null}},"type":"if","locations":[{"start":{"line":116,"column":8},"end":{"line":116,"column":null}},{"start":{},"end":{}}],"line":116},"8":{"loc":{"start":{"line":116,"column":12},"end":{"line":116,"column":65}},"type":"binary-expr","locations":[{"start":{"line":116,"column":12},"end":{"line":116,"column":39}},{"start":{"line":116,"column":39},"end":{"line":116,"column":65}}],"line":116},"9":{"loc":{"start":{"line":126,"column":16},"end":{"line":128,"column":null}},"type":"if","locations":[{"start":{"line":126,"column":16},"end":{"line":128,"column":null}},{"start":{},"end":{}}],"line":126},"10":{"loc":{"start":{"line":162,"column":12},"end":{"line":164,"column":null}},"type":"if","locations":[{"start":{"line":162,"column":12},"end":{"line":164,"column":null}},{"start":{},"end":{}}],"line":162},"11":{"loc":{"start":{"line":184,"column":4},"end":{"line":184,"column":null}},"type":"default-arg","locations":[{"start":{"line":184,"column":19},"end":{"line":184,"column":null}}],"line":184},"12":{"loc":{"start":{"line":190,"column":4},"end":{"line":193,"column":null}},"type":"if","locations":[{"start":{"line":190,"column":4},"end":{"line":193,"column":null}},{"start":{},"end":{}}],"line":190},"13":{"loc":{"start":{"line":203,"column":4},"end":{"line":205,"column":null}},"type":"if","locations":[{"start":{"line":203,"column":4},"end":{"line":205,"column":null}},{"start":{},"end":{}}],"line":203},"14":{"loc":{"start":{"line":206,"column":76},"end":{"line":206,"column":96}},"type":"binary-expr","locations":[{"start":{"line":206,"column":76},"end":{"line":206,"column":94}},{"start":{"line":206,"column":94},"end":{"line":206,"column":96}}],"line":206},"15":{"loc":{"start":{"line":214,"column":4},"end":{"line":216,"column":null}},"type":"if","locations":[{"start":{"line":214,"column":4},"end":{"line":216,"column":null}},{"start":{},"end":{}}],"line":214},"16":{"loc":{"start":{"line":223,"column":16},"end":{"line":225,"column":null}},"type":"if","locations":[{"start":{"line":223,"column":16},"end":{"line":225,"column":null}},{"start":{},"end":{}}],"line":223},"17":{"loc":{"start":{"line":238,"column":4},"end":{"line":240,"column":null}},"type":"if","locations":[{"start":{"line":238,"column":4},"end":{"line":240,"column":null}},{"start":{},"end":{}}],"line":238}},"s":{"0":12,"1":12,"2":12,"3":5,"4":5,"5":2,"6":3,"7":6,"8":7,"9":7,"10":7,"11":4,"12":2,"13":8,"14":8,"15":8,"16":38,"17":108,"18":108,"19":108,"20":66,"21":24,"22":3,"23":5,"24":5,"25":5,"26":5,"27":4,"28":4,"29":5,"30":4,"31":0,"32":4,"33":0,"34":4,"35":4,"36":12,"37":12,"38":12,"39":9,"40":3,"41":0,"42":4,"43":4,"44":4,"45":1,"46":4,"47":4,"48":7,"49":7,"50":7,"51":5,"52":1,"53":1,"54":3,"55":3,"56":3,"57":2,"58":3,"59":3,"60":3,"61":1,"62":1,"63":2,"64":2,"65":2,"66":2,"67":43,"68":2,"69":41,"70":167,"71":3,"72":3,"73":3,"74":3,"75":1,"76":3,"77":4,"78":4,"79":4,"80":3,"81":4,"82":3,"83":3,"84":3,"85":3,"86":3,"87":2,"88":3,"89":3,"90":3,"91":3,"92":2,"93":1},"f":{"0":5,"1":6,"2":8,"3":4,"4":4,"5":4,"6":3,"7":43,"8":167,"9":3,"10":3},"b":{"0":[2,3],"1":[6,1],"2":[3,21],"3":[5,0],"4":[4,0],"5":[4,4,4,4,4,4,4,4,4,0,0,0],"6":[0,4],"7":[0,4],"8":[4,4],"9":[0,3],"10":[1,0],"11":[3],"12":[1,2],"13":[2,41],"14":[167,5],"15":[1,2],"16":[3,1],"17":[2,1]},"meta":{"lastBranch":18,"lastFunction":11,"lastStatement":94,"seen":{"s:9:6:9:Infinity":0,"s:10:6:10:Infinity":1,"s:12:6:12:Infinity":2,"f:18:16:18:36":0,"s:19:10:19:Infinity":3,"b:21:4:23:Infinity:undefined:undefined:undefined:undefined":0,"s:21:4:23:Infinity":4,"s:22:8:22:Infinity":5,"s:25:4:25:Infinity":6,"f:32:22:32:Infinity":1,"s:37:4:48:Infinity":7,"s:38:28:40:Infinity":8,"b:38:28:39:Infinity:39:44:40:Infinity":1,"s:42:8:47:Infinity":9,"s:43:12:43:Infinity":10,"s:44:12:44:Infinity":11,"s:50:4:50:Infinity":12,"f:57:22:57:44":2,"s:59:23:59:Infinity":13,"s:62:26:70:Infinity":14,"s:73:4:87:Infinity":15,"s:74:8:86:Infinity":16,"s:75:12:85:Infinity":17,"s:76:22:76:Infinity":18,"s:77:16:77:Infinity":19,"s:79:31:79:Infinity":20,"b:80:16:82:Infinity:undefined:undefined:undefined:undefined":2,"s:80:16:82:Infinity":21,"s:81:20:81:Infinity":22,"s:91:26:91:Infinity":23,"s:92:4:96:Infinity":24,"s:93:8:93:Infinity":25,"b:93:19:93:49:93:49:93:Infinity":3,"s:98:32:110:Infinity":26,"f:99:13:99:18":3,"s:99:18:99:61":27,"b:99:42:99:47:99:47:99:61":4,"f:100:16:100:Infinity":4,"s:101:12:108:Infinity":28,"b:101:12:101:Infinity:102:16:102:Infinity:103:16:103:Infinity:104:16:104:Infinity:105:16:105:Infinity:106:16:106:Infinity:107:16:107:Infinity:108:17:108:47:108:47:108:69:108:69:108:90:108:90:108:111:108:111:108:Infinity":5,"s:112:4:141:Infinity":29,"b:114:8:114:Infinity:undefined:undefined:undefined:undefined":6,"s:114:8:114:Infinity":30,"s:114:45:114:Infinity":31,"b:116:8:116:Infinity:undefined:undefined:undefined:undefined":7,"s:116:8:116:Infinity":32,"b:116:12:116:39:116:39:116:65":8,"s:116:65:116:Infinity":33,"s:118:25:118:Infinity":34,"s:121:8:132:Infinity":35,"s:122:12:131:Infinity":36,"s:123:22:123:Infinity":37,"s:124:16:124:Infinity":38,"s:125:31:125:Infinity":39,"b:126:16:128:Infinity:undefined:undefined:undefined:undefined":9,"s:126:16:128:Infinity":40,"s:127:20:127:Infinity":41,"s:135:8:140:Infinity":42,"s:136:18:136:Infinity":43,"s:137:12:137:Infinity":44,"s:143:4:143:Infinity":45,"f:150:22:150:41":5,"s:152:23:152:Infinity":46,"s:155:4:168:Infinity":47,"s:156:8:167:Infinity":48,"s:158:18:158:Infinity":49,"s:159:12:159:Infinity":50,"s:161:27:161:Infinity":51,"b:162:12:164:Infinity:undefined:undefined:undefined:undefined":10,"s:162:12:164:Infinity":52,"s:163:16:163:Infinity":53,"s:170:10:170:Infinity":54,"s:171:4:175:Infinity":55,"s:172:8:172:Infinity":56,"s:174:8:174:Infinity":57,"f:182:22:182:Infinity":6,"b:184:19:184:Infinity":11,"s:187:23:187:Infinity":58,"s:188:24:188:Infinity":59,"b:190:4:193:Infinity:undefined:undefined:undefined:undefined":12,"s:190:4:193:Infinity":60,"s:191:8:191:Infinity":61,"s:192:8:192:Infinity":62,"s:195:22:195:Infinity":63,"s:196:19:196:Infinity":64,"s:198:4:198:Infinity":65,"s:199:4:199:Infinity":66,"f:202:16:202:32":7,"b:203:4:205:Infinity:undefined:undefined:undefined:undefined":13,"s:203:4:205:Infinity":67,"s:204:8:204:Infinity":68,"s:206:4:206:Infinity":69,"f:206:57:206:58":8,"s:206:69:206:97":70,"b:206:76:206:94:206:94:206:96":14,"f:209:22:209:34":9,"s:210:10:210:Infinity":71,"s:211:20:211:Infinity":72,"s:213:24:213:Infinity":73,"b:214:4:216:Infinity:undefined:undefined:undefined:undefined":15,"s:214:4:216:Infinity":74,"s:215:8:215:Infinity":75,"s:218:4:230:Infinity":76,"s:219:14:219:Infinity":77,"s:220:8:229:Infinity":78,"s:221:28:221:Infinity":79,"s:222:12:226:Infinity":80,"b:223:16:225:Infinity:undefined:undefined:undefined:undefined":16,"s:223:16:225:Infinity":81,"s:224:20:224:Infinity":82,"s:232:4:232:Infinity":83,"f:235:22:235:39":10,"s:236:10:236:Infinity":84,"s:237:24:237:Infinity":85,"b:238:4:240:Infinity:undefined:undefined:undefined:undefined":17,"s:238:4:240:Infinity":86,"s:239:8:239:Infinity":87,"s:242:4:250:Infinity":88,"s:243:14:243:Infinity":89,"s:244:8:249:Infinity":90,"s:245:12:245:Infinity":91,"s:246:12:246:Infinity":92,"s:251:4:251:Infinity":93}}}
}
