{"/Users/rodionstarodubenko/Projects/fsd-generator/packages/fsd-gen/src/config/defineConfig.ts": {"path":"/Users/rodionstarodubenko/Projects/fsd-generator/packages/fsd-gen/src/config/defineConfig.ts","statementMap":{"0":{"start":{"line":9,"column":4},"end":{"line":9,"column":null}}},"fnMap":{"0":{"name":"defineConfig","decl":{"start":{"line":8,"column":16},"end":{"line":8,"column":29}},"loc":{"start":{"line":8,"column":65},"end":{"line":10,"column":null}},"line":8}},"branchMap":{},"s":{"0":1},"f":{"0":1},"b":{},"meta":{"lastBranch":0,"lastFunction":1,"lastStatement":1,"seen":{"f:8:16:8:29":0,"s:9:4:9:Infinity":0}}}
,"/Users/rodionstarodubenko/Projects/fsd-generator/packages/fsd-gen/src/config/types.ts": {"path":"/Users/rodionstarodubenko/Projects/fsd-generator/packages/fsd-gen/src/config/types.ts","statementMap":{"0":{"start":{"line":31,"column":43},"end":{"line":35,"column":null}},"1":{"start":{"line":123,"column":4},"end":{"line":123,"column":null}}},"fnMap":{"0":{"name":"definePreset","decl":{"start":{"line":122,"column":16},"end":{"line":122,"column":29}},"loc":{"start":{"line":122,"column":99},"end":{"line":124,"column":null}},"line":122}},"branchMap":{},"s":{"0":9,"1":2},"f":{"0":2},"b":{},"meta":{"lastBranch":0,"lastFunction":1,"lastStatement":2,"seen":{"s:31:43:35:Infinity":0,"f:122:16:122:29":0,"s:123:4:123:Infinity":1}}}
,"/Users/rodionstarodubenko/Projects/fsd-generator/packages/fsd-gen/src/lib/constants.ts": {"path":"/Users/rodionstarodubenko/Projects/fsd-generator/packages/fsd-gen/src/lib/constants.ts","statementMap":{"0":{"start":{"line":4,"column":26},"end":{"line":10,"column":null}},"1":{"start":{"line":12,"column":53},"end":{"line":18,"column":null}},"2":{"start":{"line":23,"column":28},"end":{"line":29,"column":null}},"3":{"start":{"line":34,"column":57},"end":{"line":40,"column":null}},"4":{"start":{"line":45,"column":31},"end":{"line":52,"column":null}},"5":{"start":{"line":57,"column":28},"end":{"line":61,"column":null}},"6":{"start":{"line":66,"column":27},"end":{"line":70,"column":null}},"7":{"start":{"line":75,"column":30},"end":{"line":80,"column":null}},"8":{"start":{"line":85,"column":57},"end":{"line":90,"column":null}},"9":{"start":{"line":95,"column":32},"end":{"line":95,"column":null}},"10":{"start":{"line":100,"column":32},"end":{"line":100,"column":null}},"11":{"start":{"line":105,"column":28},"end":{"line":110,"column":null}},"12":{"start":{"line":115,"column":31},"end":{"line":118,"column":null}},"13":{"start":{"line":123,"column":28},"end":{"line":127,"column":null}},"14":{"start":{"line":132,"column":23},"end":{"line":136,"column":null}},"15":{"start":{"line":141,"column":30},"end":{"line":144,"column":null}}},"fnMap":{},"branchMap":{},"s":{"0":22,"1":22,"2":22,"3":22,"4":22,"5":22,"6":22,"7":22,"8":22,"9":22,"10":22,"11":22,"12":22,"13":22,"14":22,"15":22},"f":{},"b":{},"meta":{"lastBranch":0,"lastFunction":0,"lastStatement":16,"seen":{"s:4:26:10:Infinity":0,"s:12:53:18:Infinity":1,"s:23:28:29:Infinity":2,"s:34:57:40:Infinity":3,"s:45:31:52:Infinity":4,"s:57:28:61:Infinity":5,"s:66:27:70:Infinity":6,"s:75:30:80:Infinity":7,"s:85:57:90:Infinity":8,"s:95:32:95:Infinity":9,"s:100:32:100:Infinity":10,"s:105:28:110:Infinity":11,"s:115:31:118:Infinity":12,"s:123:28:127:Infinity":13,"s:132:23:136:Infinity":14,"s:141:30:144:Infinity":15}}}
,"/Users/rodionstarodubenko/Projects/fsd-generator/packages/fsd-gen/src/lib/barrels/updateBarrels.ts": {"path":"/Users/rodionstarodubenko/Projects/fsd-generator/packages/fsd-gen/src/lib/barrels/updateBarrels.ts","statementMap":{"0":{"start":{"line":13,"column":10},"end":{"line":13,"column":null}},"1":{"start":{"line":14,"column":18},"end":{"line":14,"column":null}},"2":{"start":{"line":16,"column":4},"end":{"line":18,"column":null}},"3":{"start":{"line":17,"column":8},"end":{"line":17,"column":null}},"4":{"start":{"line":21,"column":28},"end":{"line":21,"column":null}},"5":{"start":{"line":24,"column":4},"end":{"line":26,"column":null}},"6":{"start":{"line":25,"column":8},"end":{"line":25,"column":null}},"7":{"start":{"line":29,"column":4},"end":{"line":31,"column":null}},"8":{"start":{"line":30,"column":8},"end":{"line":30,"column":null}},"9":{"start":{"line":33,"column":23},"end":{"line":33,"column":null}},"10":{"start":{"line":34,"column":4},"end":{"line":34,"column":null}},"11":{"start":{"line":35,"column":4},"end":{"line":35,"column":null}}},"fnMap":{"0":{"name":"updateBarrel","decl":{"start":{"line":12,"column":16},"end":{"line":12,"column":29}},"loc":{"start":{"line":12,"column":88},"end":{"line":36,"column":null}},"line":12}},"branchMap":{"0":{"loc":{"start":{"line":16,"column":4},"end":{"line":18,"column":null}},"type":"if","locations":[{"start":{"line":16,"column":4},"end":{"line":18,"column":null}},{"start":{},"end":{}}],"line":16},"1":{"loc":{"start":{"line":24,"column":4},"end":{"line":26,"column":null}},"type":"if","locations":[{"start":{"line":24,"column":4},"end":{"line":26,"column":null}},{"start":{},"end":{}}],"line":24},"2":{"loc":{"start":{"line":29,"column":4},"end":{"line":31,"column":null}},"type":"if","locations":[{"start":{"line":29,"column":4},"end":{"line":31,"column":null}},{"start":{},"end":{}}],"line":29},"3":{"loc":{"start":{"line":33,"column":34},"end":{"line":33,"column":90}},"type":"cond-expr","locations":[{"start":{"line":33,"column":77},"end":{"line":33,"column":82}},{"start":{"line":33,"column":82},"end":{"line":33,"column":90}}],"line":33},"4":{"loc":{"start":{"line":33,"column":34},"end":{"line":33,"column":77}},"type":"binary-expr","locations":[{"start":{"line":33,"column":34},"end":{"line":33,"column":60}},{"start":{"line":33,"column":60},"end":{"line":33,"column":77}}],"line":33}},"s":{"0":6,"1":6,"2":6,"3":5,"4":6,"5":6,"6":1,"7":5,"8":1,"9":4,"10":6,"11":6},"f":{"0":6},"b":{"0":[5,1],"1":[1,5],"2":[1,4],"3":[2,2],"4":[4,3]},"meta":{"lastBranch":5,"lastFunction":1,"lastStatement":12,"seen":{"f:12:16:12:29":0,"s:13:10:13:Infinity":0,"s:14:18:14:Infinity":1,"b:16:4:18:Infinity:undefined:undefined:undefined:undefined":0,"s:16:4:18:Infinity":2,"s:17:8:17:Infinity":3,"s:21:28:21:Infinity":4,"b:24:4:26:Infinity:undefined:undefined:undefined:undefined":1,"s:24:4:26:Infinity":5,"s:25:8:25:Infinity":6,"b:29:4:31:Infinity:undefined:undefined:undefined:undefined":2,"s:29:4:31:Infinity":7,"s:30:8:30:Infinity":8,"s:33:23:33:Infinity":9,"b:33:77:33:82:33:82:33:90":3,"b:33:34:33:60:33:60:33:77":4,"s:34:4:34:Infinity":10,"s:35:4:35:Infinity":11}}}
,"/Users/rodionstarodubenko/Projects/fsd-generator/packages/fsd-gen/src/lib/config/loadConfig.ts": {"path":"/Users/rodionstarodubenko/Projects/fsd-generator/packages/fsd-gen/src/lib/config/loadConfig.ts","statementMap":{"0":{"start":{"line":18,"column":10},"end":{"line":18,"column":null}},"1":{"start":{"line":19,"column":4},"end":{"line":19,"column":null}},"2":{"start":{"line":27,"column":4},"end":{"line":34,"column":null}},"3":{"start":{"line":28,"column":14},"end":{"line":28,"column":null}},"4":{"start":{"line":29,"column":25},"end":{"line":29,"column":null}},"5":{"start":{"line":30,"column":8},"end":{"line":30,"column":null}},"6":{"start":{"line":32,"column":8},"end":{"line":32,"column":null}},"7":{"start":{"line":33,"column":8},"end":{"line":33,"column":null}},"8":{"start":{"line":41,"column":4},"end":{"line":44,"column":null}},"9":{"start":{"line":52,"column":23},"end":{"line":52,"column":null}},"10":{"start":{"line":54,"column":4},"end":{"line":56,"column":null}},"11":{"start":{"line":55,"column":8},"end":{"line":55,"column":null}},"12":{"start":{"line":58,"column":4},"end":{"line":64,"column":null}},"13":{"start":{"line":59,"column":27},"end":{"line":59,"column":null}},"14":{"start":{"line":60,"column":8},"end":{"line":60,"column":null}},"15":{"start":{"line":62,"column":8},"end":{"line":62,"column":null}},"16":{"start":{"line":63,"column":8},"end":{"line":63,"column":null}}},"fnMap":{"0":{"name":"findConfigFile","decl":{"start":{"line":17,"column":16},"end":{"line":17,"column":31}},"loc":{"start":{"line":17,"column":59},"end":{"line":20,"column":null}},"line":17},"1":{"name":"readConfigFile","decl":{"start":{"line":26,"column":22},"end":{"line":26,"column":37}},"loc":{"start":{"line":26,"column":89},"end":{"line":35,"column":null}},"line":26},"2":{"name":"mergeWithDefaults","decl":{"start":{"line":40,"column":16},"end":{"line":40,"column":34}},"loc":{"start":{"line":40,"column":79},"end":{"line":45,"column":null}},"line":40},"3":{"name":"loadConfig","decl":{"start":{"line":51,"column":22},"end":{"line":51,"column":33}},"loc":{"start":{"line":51,"column":85},"end":{"line":65,"column":null}},"line":51}},"branchMap":{"0":{"loc":{"start":{"line":19,"column":4},"end":{"line":19,"column":null}},"type":"cond-expr","locations":[{"start":{"line":19,"column":36},"end":{"line":19,"column":49}},{"start":{"line":19,"column":49},"end":{"line":19,"column":null}}],"line":19},"1":{"loc":{"start":{"line":51,"column":33},"end":{"line":51,"column":85}},"type":"default-arg","locations":[{"start":{"line":51,"column":47},"end":{"line":51,"column":85}}],"line":51},"2":{"loc":{"start":{"line":54,"column":4},"end":{"line":56,"column":null}},"type":"if","locations":[{"start":{"line":54,"column":4},"end":{"line":56,"column":null}},{"start":{},"end":{}}],"line":54}},"s":{"0":5,"1":5,"2":2,"3":2,"4":2,"5":1,"6":1,"7":1,"8":2,"9":3,"10":3,"11":1,"12":2,"13":2,"14":1,"15":1,"16":1},"f":{"0":5,"1":2,"2":2,"3":3},"b":{"0":[3,2],"1":[3],"2":[1,2]},"meta":{"lastBranch":3,"lastFunction":4,"lastStatement":17,"seen":{"f:17:16:17:31":0,"s:18:10:18:Infinity":0,"s:19:4:19:Infinity":1,"b:19:36:19:49:19:49:19:Infinity":0,"f:26:22:26:37":1,"s:27:4:34:Infinity":2,"s:28:14:28:Infinity":3,"s:29:25:29:Infinity":4,"s:30:8:30:Infinity":5,"s:32:8:32:Infinity":6,"s:33:8:33:Infinity":7,"f:40:16:40:34":2,"s:41:4:44:Infinity":8,"f:51:22:51:33":3,"b:51:47:51:85":1,"s:52:23:52:Infinity":9,"b:54:4:56:Infinity:undefined:undefined:undefined:undefined":2,"s:54:4:56:Infinity":10,"s:55:8:55:Infinity":11,"s:58:4:64:Infinity":12,"s:59:27:59:Infinity":13,"s:60:8:60:Infinity":14,"s:62:8:62:Infinity":15,"s:63:8:63:Infinity":16}}}
,"/Users/rodionstarodubenko/Projects/fsd-generator/packages/fsd-gen/src/lib/config/validateConfig.ts": {"path":"/Users/rodionstarodubenko/Projects/fsd-generator/packages/fsd-gen/src/lib/config/validateConfig.ts","statementMap":{"0":{"start":{"line":10,"column":21},"end":{"line":14,"column":null}},"1":{"start":{"line":17,"column":19},"end":{"line":17,"column":null}},"2":{"start":{"line":19,"column":4},"end":{"line":24,"column":null}},"3":{"start":{"line":20,"column":8},"end":{"line":23,"column":null}},"4":{"start":{"line":26,"column":4},"end":{"line":29,"column":null}}},"fnMap":{"0":{"name":"validateConfig","decl":{"start":{"line":16,"column":16},"end":{"line":16,"column":31}},"loc":{"start":{"line":16,"column":107},"end":{"line":30,"column":null}},"line":16}},"branchMap":{"0":{"loc":{"start":{"line":19,"column":4},"end":{"line":24,"column":null}},"type":"if","locations":[{"start":{"line":19,"column":4},"end":{"line":24,"column":null}},{"start":{},"end":{}}],"line":19}},"s":{"0":1,"1":3,"2":3,"3":1,"4":2},"f":{"0":3},"b":{"0":[1,2]},"meta":{"lastBranch":1,"lastFunction":1,"lastStatement":5,"seen":{"s:10:21:14:Infinity":0,"f:16:16:16:31":0,"s:17:19:17:Infinity":1,"b:19:4:24:Infinity:undefined:undefined:undefined:undefined":0,"s:19:4:24:Infinity":2,"s:20:8:23:Infinity":3,"s:26:4:29:Infinity":4}}}
,"/Users/rodionstarodubenko/Projects/fsd-generator/packages/fsd-gen/src/lib/generators/generate.ts": {"path":"/Users/rodionstarodubenko/Projects/fsd-generator/packages/fsd-gen/src/lib/generators/generate.ts","statementMap":{"0":{"start":{"line":25,"column":2},"end":{"line":27,"column":null}},"1":{"start":{"line":26,"column":4},"end":{"line":26,"column":null}},"2":{"start":{"line":29,"column":23},"end":{"line":29,"column":null}},"3":{"start":{"line":30,"column":2},"end":{"line":30,"column":null}},"4":{"start":{"line":37,"column":2},"end":{"line":37,"column":null}},"5":{"start":{"line":44,"column":2},"end":{"line":44,"column":null}},"6":{"start":{"line":45,"column":2},"end":{"line":45,"column":null}},"7":{"start":{"line":52,"column":2},"end":{"line":55,"column":null}},"8":{"start":{"line":53,"column":4},"end":{"line":53,"column":null}},"9":{"start":{"line":54,"column":4},"end":{"line":54,"column":null}},"10":{"start":{"line":68,"column":2},"end":{"line":68,"column":null}},"11":{"start":{"line":70,"column":2},"end":{"line":72,"column":null}},"12":{"start":{"line":71,"column":4},"end":{"line":71,"column":null}},"13":{"start":{"line":84,"column":32},"end":{"line":84,"column":null}},"14":{"start":{"line":85,"column":38},"end":{"line":85,"column":null}},"15":{"start":{"line":87,"column":8},"end":{"line":87,"column":null}},"16":{"start":{"line":88,"column":19},"end":{"line":88,"column":null}},"17":{"start":{"line":90,"column":2},"end":{"line":90,"column":null}},"18":{"start":{"line":91,"column":2},"end":{"line":91,"column":null}},"19":{"start":{"line":92,"column":2},"end":{"line":92,"column":null}},"20":{"start":{"line":94,"column":2},"end":{"line":94,"column":null}},"21":{"start":{"line":106,"column":32},"end":{"line":106,"column":null}},"22":{"start":{"line":107,"column":37},"end":{"line":107,"column":null}},"23":{"start":{"line":109,"column":8},"end":{"line":109,"column":null}},"24":{"start":{"line":110,"column":21},"end":{"line":110,"column":null}},"25":{"start":{"line":112,"column":2},"end":{"line":112,"column":null}},"26":{"start":{"line":113,"column":2},"end":{"line":113,"column":null}},"27":{"start":{"line":115,"column":2},"end":{"line":115,"column":null}},"28":{"start":{"line":129,"column":37},"end":{"line":129,"column":null}},"29":{"start":{"line":130,"column":2},"end":{"line":130,"column":null}},"30":{"start":{"line":133,"column":32},"end":{"line":133,"column":null}},"31":{"start":{"line":136,"column":32},"end":{"line":136,"column":null}},"32":{"start":{"line":139,"column":8},"end":{"line":139,"column":null}},"33":{"start":{"line":140,"column":8},"end":{"line":140,"column":null}},"34":{"start":{"line":143,"column":24},"end":{"line":143,"column":null}},"35":{"start":{"line":144,"column":21},"end":{"line":144,"column":null}},"36":{"start":{"line":146,"column":2},"end":{"line":146,"column":null}},"37":{"start":{"line":147,"column":2},"end":{"line":147,"column":null}},"38":{"start":{"line":148,"column":2},"end":{"line":148,"column":null}},"39":{"start":{"line":151,"column":8},"end":{"line":151,"column":null}},"40":{"start":{"line":152,"column":2},"end":{"line":152,"column":null}}},"fnMap":{"0":{"name":"resolveTemplateType","decl":{"start":{"line":21,"column":16},"end":{"line":21,"column":null}},"loc":{"start":{"line":24,"column":46},"end":{"line":31,"column":null}},"line":24},"1":{"name":"ensureDirectory","decl":{"start":{"line":36,"column":22},"end":{"line":36,"column":38}},"loc":{"start":{"line":36,"column":66},"end":{"line":38,"column":null}},"line":36},"2":{"name":"writeComponentFile","decl":{"start":{"line":43,"column":22},"end":{"line":43,"column":41}},"loc":{"start":{"line":43,"column":87},"end":{"line":46,"column":null}},"line":43},"3":{"name":"writeStylesFile","decl":{"start":{"line":51,"column":22},"end":{"line":51,"column":38}},"loc":{"start":{"line":51,"column":84},"end":{"line":56,"column":null}},"line":51},"4":{"name":"updateBarrelsForBlock","decl":{"start":{"line":61,"column":16},"end":{"line":61,"column":null}},"loc":{"start":{"line":67,"column":8},"end":{"line":73,"column":null}},"line":67},"5":{"name":"generateHook","decl":{"start":{"line":78,"column":22},"end":{"line":78,"column":null}},"loc":{"start":{"line":83,"column":2},"end":{"line":95,"column":null}},"line":83},"6":{"name":"generateStyles","decl":{"start":{"line":100,"column":22},"end":{"line":100,"column":null}},"loc":{"start":{"line":105,"column":2},"end":{"line":116,"column":null}},"line":105},"7":{"name":"generateComponent","decl":{"start":{"line":122,"column":22},"end":{"line":122,"column":null}},"loc":{"start":{"line":127,"column":2},"end":{"line":153,"column":null}},"line":127}},"branchMap":{"0":{"loc":{"start":{"line":25,"column":2},"end":{"line":27,"column":null}},"type":"if","locations":[{"start":{"line":25,"column":2},"end":{"line":27,"column":null}},{"start":{},"end":{}}],"line":25},"1":{"loc":{"start":{"line":29,"column":23},"end":{"line":29,"column":null}},"type":"binary-expr","locations":[{"start":{"line":29,"column":23},"end":{"line":29,"column":51}},{"start":{"line":29,"column":51},"end":{"line":29,"column":null}}],"line":29},"2":{"loc":{"start":{"line":52,"column":2},"end":{"line":55,"column":null}},"type":"if","locations":[{"start":{"line":52,"column":2},"end":{"line":55,"column":null}},{"start":{},"end":{}}],"line":52},"3":{"loc":{"start":{"line":52,"column":6},"end":{"line":52,"column":44}},"type":"binary-expr","locations":[{"start":{"line":52,"column":6},"end":{"line":52,"column":17}},{"start":{"line":52,"column":17},"end":{"line":52,"column":44}}],"line":52},"4":{"loc":{"start":{"line":70,"column":2},"end":{"line":72,"column":null}},"type":"if","locations":[{"start":{"line":70,"column":2},"end":{"line":72,"column":null}},{"start":{},"end":{}}],"line":70},"5":{"loc":{"start":{"line":70,"column":6},"end":{"line":70,"column":101}},"type":"binary-expr","locations":[{"start":{"line":70,"column":6},"end":{"line":70,"column":41}},{"start":{"line":70,"column":41},"end":{"line":70,"column":71}},{"start":{"line":70,"column":71},"end":{"line":70,"column":101}}],"line":70},"6":{"loc":{"start":{"line":84,"column":32},"end":{"line":84,"column":null}},"type":"binary-expr","locations":[{"start":{"line":84,"column":32},"end":{"line":84,"column":49}},{"start":{"line":84,"column":32},"end":{"line":84,"column":null}}],"line":84},"7":{"loc":{"start":{"line":106,"column":32},"end":{"line":106,"column":null}},"type":"binary-expr","locations":[{"start":{"line":106,"column":32},"end":{"line":106,"column":49}},{"start":{"line":106,"column":32},"end":{"line":106,"column":null}}],"line":106},"8":{"loc":{"start":{"line":130,"column":33},"end":{"line":130,"column":110}},"type":"cond-expr","locations":[{"start":{"line":130,"column":52},"end":{"line":130,"column":67}},{"start":{"line":130,"column":67},"end":{"line":130,"column":110}}],"line":130},"9":{"loc":{"start":{"line":133,"column":32},"end":{"line":133,"column":null}},"type":"binary-expr","locations":[{"start":{"line":133,"column":32},"end":{"line":133,"column":49}},{"start":{"line":133,"column":32},"end":{"line":133,"column":null}}],"line":133}},"s":{"0":18,"1":4,"2":14,"3":18,"4":6,"5":3,"6":3,"7":5,"8":3,"9":3,"10":7,"11":7,"12":6,"13":1,"14":1,"15":1,"16":1,"17":1,"18":1,"19":1,"20":1,"21":2,"22":2,"23":2,"24":2,"25":2,"26":2,"27":2,"28":3,"29":3,"30":3,"31":3,"32":3,"33":3,"34":3,"35":3,"36":3,"37":3,"38":3,"39":3,"40":3},"f":{"0":18,"1":6,"2":3,"3":5,"4":7,"5":1,"6":2,"7":3},"b":{"0":[4,14],"1":[14,5],"2":[3,2],"3":[5,3],"4":[6,1],"5":[7,4,3],"6":[1,1],"7":[2,2],"8":[1,2],"9":[3,3]},"meta":{"lastBranch":10,"lastFunction":8,"lastStatement":41,"seen":{"f:21:16:21:Infinity":0,"b:25:2:27:Infinity:undefined:undefined:undefined:undefined":0,"s:25:2:27:Infinity":0,"s:26:4:26:Infinity":1,"s:29:23:29:Infinity":2,"b:29:23:29:51:29:51:29:Infinity":1,"s:30:2:30:Infinity":3,"f:36:22:36:38":1,"s:37:2:37:Infinity":4,"f:43:22:43:41":2,"s:44:2:44:Infinity":5,"s:45:2:45:Infinity":6,"f:51:22:51:38":3,"b:52:2:55:Infinity:undefined:undefined:undefined:undefined":2,"s:52:2:55:Infinity":7,"b:52:6:52:17:52:17:52:44":3,"s:53:4:53:Infinity":8,"s:54:4:54:Infinity":9,"f:61:16:61:Infinity":4,"s:68:2:68:Infinity":10,"b:70:2:72:Infinity:undefined:undefined:undefined:undefined":4,"s:70:2:72:Infinity":11,"b:70:6:70:41:70:41:70:71:70:71:70:101":5,"s:71:4:71:Infinity":12,"f:78:22:78:Infinity":5,"s:84:32:84:Infinity":13,"b:84:32:84:49:84:32:84:Infinity":6,"s:85:38:85:Infinity":14,"s:87:8:87:Infinity":15,"s:88:19:88:Infinity":16,"s:90:2:90:Infinity":17,"s:91:2:91:Infinity":18,"s:92:2:92:Infinity":19,"s:94:2:94:Infinity":20,"f:100:22:100:Infinity":6,"s:106:32:106:Infinity":21,"b:106:32:106:49:106:32:106:Infinity":7,"s:107:37:107:Infinity":22,"s:109:8:109:Infinity":23,"s:110:21:110:Infinity":24,"s:112:2:112:Infinity":25,"s:113:2:113:Infinity":26,"s:115:2:115:Infinity":27,"f:122:22:122:Infinity":7,"s:129:37:129:Infinity":28,"s:130:2:130:Infinity":29,"b:130:52:130:67:130:67:130:110":8,"s:133:32:133:Infinity":30,"b:133:32:133:49:133:32:133:Infinity":9,"s:136:32:136:Infinity":31,"s:139:8:139:Infinity":32,"s:140:8:140:Infinity":33,"s:143:24:143:Infinity":34,"s:144:21:144:Infinity":35,"s:146:2:146:Infinity":36,"s:147:2:147:Infinity":37,"s:148:2:148:Infinity":38,"s:151:8:151:Infinity":39,"s:152:2:152:Infinity":40}}}
,"/Users/rodionstarodubenko/Projects/fsd-generator/packages/fsd-gen/src/lib/generators/generatePreset.ts": {"path":"/Users/rodionstarodubenko/Projects/fsd-generator/packages/fsd-gen/src/lib/generators/generatePreset.ts","statementMap":{"0":{"start":{"line":34,"column":4},"end":{"line":44,"column":null}},"1":{"start":{"line":35,"column":8},"end":{"line":35,"column":null}},"2":{"start":{"line":36,"column":34},"end":{"line":41,"column":null}},"3":{"start":{"line":42,"column":8},"end":{"line":42,"column":null}},"4":{"start":{"line":43,"column":8},"end":{"line":43,"column":null}},"5":{"start":{"line":46,"column":4},"end":{"line":46,"column":null}},"6":{"start":{"line":56,"column":4},"end":{"line":58,"column":null}},"7":{"start":{"line":57,"column":8},"end":{"line":57,"column":null}},"8":{"start":{"line":61,"column":24},"end":{"line":63,"column":null}},"9":{"start":{"line":62,"column":8},"end":{"line":62,"column":null}},"10":{"start":{"line":65,"column":4},"end":{"line":68,"column":null}},"11":{"start":{"line":66,"column":8},"end":{"line":66,"column":null}},"12":{"start":{"line":67,"column":8},"end":{"line":67,"column":null}},"13":{"start":{"line":70,"column":4},"end":{"line":97,"column":null}},"14":{"start":{"line":72,"column":26},"end":{"line":80,"column":null}},"15":{"start":{"line":82,"column":14},"end":{"line":82,"column":null}},"16":{"start":{"line":83,"column":30},"end":{"line":84,"column":null}},"17":{"start":{"line":85,"column":27},"end":{"line":85,"column":null}},"18":{"start":{"line":88,"column":14},"end":{"line":88,"column":null}},"19":{"start":{"line":90,"column":8},"end":{"line":96,"column":null}},"20":{"start":{"line":105,"column":4},"end":{"line":105,"column":null}},"21":{"start":{"line":108,"column":19},"end":{"line":108,"column":null}},"22":{"start":{"line":109,"column":25},"end":{"line":109,"column":null}},"23":{"start":{"line":112,"column":22},"end":{"line":112,"column":null}},"24":{"start":{"line":113,"column":4},"end":{"line":115,"column":null}},"25":{"start":{"line":114,"column":8},"end":{"line":114,"column":null}},"26":{"start":{"line":118,"column":25},"end":{"line":118,"column":null}},"27":{"start":{"line":119,"column":4},"end":{"line":121,"column":null}},"28":{"start":{"line":120,"column":8},"end":{"line":120,"column":null}},"29":{"start":{"line":124,"column":20},"end":{"line":124,"column":null}},"30":{"start":{"line":126,"column":4},"end":{"line":129,"column":null}},"31":{"start":{"line":127,"column":8},"end":{"line":127,"column":null}},"32":{"start":{"line":128,"column":8},"end":{"line":128,"column":null}},"33":{"start":{"line":132,"column":23},"end":{"line":132,"column":null}},"34":{"start":{"line":133,"column":4},"end":{"line":133,"column":null}},"35":{"start":{"line":136,"column":4},"end":{"line":136,"column":null}},"36":{"start":{"line":138,"column":4},"end":{"line":138,"column":null}}},"fnMap":{"0":{"name":"resolvePresetActions","decl":{"start":{"line":28,"column":15},"end":{"line":28,"column":null}},"loc":{"start":{"line":33,"column":27},"end":{"line":47,"column":null}},"line":33},"1":{"name":"handleRouteInjection","decl":{"start":{"line":49,"column":15},"end":{"line":49,"column":null}},"loc":{"start":{"line":55,"column":17},"end":{"line":98,"column":null}},"line":55},"2":{"name":"(anonymous_2)","decl":{"start":{"line":61,"column":39},"end":{"line":61,"column":null}},"loc":{"start":{"line":62,"column":8},"end":{"line":62,"column":null}},"line":62},"3":{"name":"generatePreset","decl":{"start":{"line":104,"column":22},"end":{"line":104,"column":37}},"loc":{"start":{"line":104,"column":86},"end":{"line":139,"column":null}},"line":104}},"branchMap":{"0":{"loc":{"start":{"line":34,"column":4},"end":{"line":44,"column":null}},"type":"if","locations":[{"start":{"line":34,"column":4},"end":{"line":44,"column":null}},{"start":{},"end":{}}],"line":34},"1":{"loc":{"start":{"line":46,"column":11},"end":{"line":46,"column":null}},"type":"binary-expr","locations":[{"start":{"line":46,"column":11},"end":{"line":46,"column":35}},{"start":{"line":46,"column":35},"end":{"line":46,"column":null}}],"line":46},"2":{"loc":{"start":{"line":56,"column":4},"end":{"line":58,"column":null}},"type":"if","locations":[{"start":{"line":56,"column":4},"end":{"line":58,"column":null}},{"start":{},"end":{}}],"line":56},"3":{"loc":{"start":{"line":62,"column":8},"end":{"line":62,"column":null}},"type":"binary-expr","locations":[{"start":{"line":62,"column":8},"end":{"line":62,"column":50}},{"start":{"line":62,"column":50},"end":{"line":62,"column":null}}],"line":62},"4":{"loc":{"start":{"line":65,"column":4},"end":{"line":68,"column":null}},"type":"if","locations":[{"start":{"line":65,"column":4},"end":{"line":68,"column":null}},{"start":{},"end":{}}],"line":65},"5":{"loc":{"start":{"line":83,"column":30},"end":{"line":84,"column":null}},"type":"binary-expr","locations":[{"start":{"line":83,"column":30},"end":{"line":83,"column":null}},{"start":{"line":83,"column":51},"end":{"line":84,"column":null}}],"line":83},"6":{"loc":{"start":{"line":84,"column":28},"end":{"line":84,"column":65}},"type":"binary-expr","locations":[{"start":{"line":84,"column":28},"end":{"line":84,"column":47}},{"start":{"line":84,"column":47},"end":{"line":84,"column":65}}],"line":84},"7":{"loc":{"start":{"line":85,"column":27},"end":{"line":85,"column":null}},"type":"binary-expr","locations":[{"start":{"line":85,"column":27},"end":{"line":85,"column":62}},{"start":{"line":85,"column":62},"end":{"line":85,"column":null}}],"line":85},"8":{"loc":{"start":{"line":91,"column":21},"end":{"line":91,"column":null}},"type":"binary-expr","locations":[{"start":{"line":91,"column":21},"end":{"line":91,"column":39}},{"start":{"line":91,"column":39},"end":{"line":91,"column":null}}],"line":91},"9":{"loc":{"start":{"line":109,"column":25},"end":{"line":109,"column":null}},"type":"cond-expr","locations":[{"start":{"line":109,"column":32},"end":{"line":109,"column":93}},{"start":{"line":109,"column":93},"end":{"line":109,"column":null}}],"line":109},"10":{"loc":{"start":{"line":113,"column":4},"end":{"line":115,"column":null}},"type":"if","locations":[{"start":{"line":113,"column":4},"end":{"line":115,"column":null}},{"start":{},"end":{}}],"line":113},"11":{"loc":{"start":{"line":119,"column":4},"end":{"line":121,"column":null}},"type":"if","locations":[{"start":{"line":119,"column":4},"end":{"line":121,"column":null}},{"start":{},"end":{}}],"line":119},"12":{"loc":{"start":{"line":126,"column":4},"end":{"line":129,"column":null}},"type":"if","locations":[{"start":{"line":126,"column":4},"end":{"line":129,"column":null}},{"start":{},"end":{}}],"line":126},"13":{"loc":{"start":{"line":126,"column":8},"end":{"line":126,"column":42}},"type":"binary-expr","locations":[{"start":{"line":126,"column":8},"end":{"line":126,"column":20}},{"start":{"line":126,"column":20},"end":{"line":126,"column":42}}],"line":126},"14":{"loc":{"start":{"line":132,"column":23},"end":{"line":132,"column":null}},"type":"binary-expr","locations":[{"start":{"line":132,"column":23},"end":{"line":132,"column":49}},{"start":{"line":132,"column":49},"end":{"line":132,"column":null}}],"line":132}},"s":{"0":11,"1":2,"2":2,"3":2,"4":2,"5":9,"6":8,"7":3,"8":5,"9":5,"10":5,"11":2,"12":2,"13":3,"14":3,"15":3,"16":3,"17":3,"18":3,"19":3,"20":13,"21":13,"22":13,"23":13,"24":13,"25":1,"26":12,"27":12,"28":1,"29":11,"30":11,"31":3,"32":3,"33":8,"34":13,"35":8,"36":8},"f":{"0":11,"1":8,"2":5,"3":13},"b":{"0":[2,9],"1":[9,1],"2":[3,5],"3":[5,5],"4":[2,3],"5":[3,1],"6":[1,1],"7":[3,2],"8":[3,1],"9":[11,2],"10":[1,12],"11":[1,11],"12":[3,8],"13":[11,11],"14":[8,1]},"meta":{"lastBranch":15,"lastFunction":4,"lastStatement":37,"seen":{"f:28:15:28:Infinity":0,"b:34:4:44:Infinity:undefined:undefined:undefined:undefined":0,"s:34:4:44:Infinity":0,"s:35:8:35:Infinity":1,"s:36:34:41:Infinity":2,"s:42:8:42:Infinity":3,"s:43:8:43:Infinity":4,"s:46:4:46:Infinity":5,"b:46:11:46:35:46:35:46:Infinity":1,"f:49:15:49:Infinity":1,"b:56:4:58:Infinity:undefined:undefined:undefined:undefined":2,"s:56:4:58:Infinity":6,"s:57:8:57:Infinity":7,"s:61:24:63:Infinity":8,"f:61:39:61:Infinity":2,"s:62:8:62:Infinity":9,"b:62:8:62:50:62:50:62:Infinity":3,"b:65:4:68:Infinity:undefined:undefined:undefined:undefined":4,"s:65:4:68:Infinity":10,"s:66:8:66:Infinity":11,"s:67:8:67:Infinity":12,"s:70:4:97:Infinity":13,"s:72:26:80:Infinity":14,"s:82:14:82:Infinity":15,"s:83:30:84:Infinity":16,"b:83:30:83:Infinity:83:51:84:Infinity":5,"b:84:28:84:47:84:47:84:65":6,"s:85:27:85:Infinity":17,"b:85:27:85:62:85:62:85:Infinity":7,"s:88:14:88:Infinity":18,"s:90:8:96:Infinity":19,"b:91:21:91:39:91:39:91:Infinity":8,"f:104:22:104:37":3,"s:105:4:105:Infinity":20,"s:108:19:108:Infinity":21,"s:109:25:109:Infinity":22,"b:109:32:109:93:109:93:109:Infinity":9,"s:112:22:112:Infinity":23,"b:113:4:115:Infinity:undefined:undefined:undefined:undefined":10,"s:113:4:115:Infinity":24,"s:114:8:114:Infinity":25,"s:118:25:118:Infinity":26,"b:119:4:121:Infinity:undefined:undefined:undefined:undefined":11,"s:119:4:121:Infinity":27,"s:120:8:120:Infinity":28,"s:124:20:124:Infinity":29,"b:126:4:129:Infinity:undefined:undefined:undefined:undefined":12,"s:126:4:129:Infinity":30,"b:126:8:126:20:126:20:126:42":13,"s:127:8:127:Infinity":31,"s:128:8:128:Infinity":32,"s:132:23:132:Infinity":33,"b:132:23:132:49:132:49:132:Infinity":14,"s:133:4:133:Infinity":34,"s:136:4:136:Infinity":35,"s:138:4:138:Infinity":36}}}
,"/Users/rodionstarodubenko/Projects/fsd-generator/packages/fsd-gen/src/lib/helpers/presetHelpers.ts": {"path":"/Users/rodionstarodubenko/Projects/fsd-generator/packages/fsd-gen/src/lib/helpers/presetHelpers.ts","statementMap":{"0":{"start":{"line":38,"column":8},"end":{"line":38,"column":null}},"1":{"start":{"line":40,"column":20},"end":{"line":40,"column":null}},"2":{"start":{"line":41,"column":24},"end":{"line":41,"column":null}},"3":{"start":{"line":42,"column":25},"end":{"line":42,"column":null}},"4":{"start":{"line":43,"column":27},"end":{"line":43,"column":null}},"5":{"start":{"line":44,"column":25},"end":{"line":44,"column":null}},"6":{"start":{"line":46,"column":29},"end":{"line":48,"column":null}},"7":{"start":{"line":50,"column":26},"end":{"line":50,"column":null}},"8":{"start":{"line":52,"column":25},"end":{"line":52,"column":null}},"9":{"start":{"line":53,"column":30},"end":{"line":55,"column":null}},"10":{"start":{"line":57,"column":24},"end":{"line":57,"column":null}},"11":{"start":{"line":58,"column":29},"end":{"line":60,"column":null}},"12":{"start":{"line":62,"column":22},"end":{"line":62,"column":null}},"13":{"start":{"line":63,"column":27},"end":{"line":65,"column":null}},"14":{"start":{"line":67,"column":4},"end":{"line":90,"column":null}}},"fnMap":{"0":{"name":"createPresetHelpers","decl":{"start":{"line":29,"column":16},"end":{"line":29,"column":null}},"loc":{"start":{"line":33,"column":17},"end":{"line":91,"column":null}},"line":33}},"branchMap":{"0":{"loc":{"start":{"line":32,"column":4},"end":{"line":32,"column":null}},"type":"default-arg","locations":[{"start":{"line":32,"column":35},"end":{"line":32,"column":null}}],"line":32},"1":{"loc":{"start":{"line":35,"column":8},"end":{"line":35,"column":null}},"type":"default-arg","locations":[{"start":{"line":35,"column":24},"end":{"line":35,"column":null}}],"line":35},"2":{"loc":{"start":{"line":36,"column":8},"end":{"line":36,"column":null}},"type":"default-arg","locations":[{"start":{"line":36,"column":23},"end":{"line":36,"column":null}}],"line":36},"3":{"loc":{"start":{"line":37,"column":8},"end":{"line":37,"column":null}},"type":"default-arg","locations":[{"start":{"line":37,"column":21},"end":{"line":37,"column":null}}],"line":37},"4":{"loc":{"start":{"line":40,"column":20},"end":{"line":40,"column":null}},"type":"binary-expr","locations":[{"start":{"line":40,"column":20},"end":{"line":40,"column":38}},{"start":{"line":40,"column":38},"end":{"line":40,"column":null}}],"line":40},"5":{"loc":{"start":{"line":46,"column":29},"end":{"line":48,"column":null}},"type":"cond-expr","locations":[{"start":{"line":47,"column":10},"end":{"line":47,"column":null}},{"start":{"line":48,"column":10},"end":{"line":48,"column":null}}],"line":46},"6":{"loc":{"start":{"line":53,"column":30},"end":{"line":55,"column":null}},"type":"cond-expr","locations":[{"start":{"line":54,"column":10},"end":{"line":54,"column":null}},{"start":{"line":55,"column":10},"end":{"line":55,"column":null}}],"line":53},"7":{"loc":{"start":{"line":58,"column":29},"end":{"line":60,"column":null}},"type":"cond-expr","locations":[{"start":{"line":59,"column":10},"end":{"line":59,"column":null}},{"start":{"line":60,"column":10},"end":{"line":60,"column":null}}],"line":58},"8":{"loc":{"start":{"line":63,"column":27},"end":{"line":65,"column":null}},"type":"cond-expr","locations":[{"start":{"line":64,"column":10},"end":{"line":64,"column":null}},{"start":{"line":65,"column":10},"end":{"line":65,"column":null}}],"line":63}},"s":{"0":3,"1":3,"2":3,"3":3,"4":3,"5":3,"6":3,"7":3,"8":3,"9":3,"10":3,"11":3,"12":3,"13":3,"14":3},"f":{"0":3},"b":{"0":[3],"1":[3],"2":[3],"3":[3],"4":[3,1],"5":[1,2],"6":[1,2],"7":[1,2],"8":[1,2]},"meta":{"lastBranch":9,"lastFunction":1,"lastStatement":15,"seen":{"f:29:16:29:Infinity":0,"b:32:35:32:Infinity":0,"s:38:8:38:Infinity":0,"b:35:24:35:Infinity":1,"b:36:23:36:Infinity":2,"b:37:21:37:Infinity":3,"s:40:20:40:Infinity":1,"b:40:20:40:38:40:38:40:Infinity":4,"s:41:24:41:Infinity":2,"s:42:25:42:Infinity":3,"s:43:27:43:Infinity":4,"s:44:25:44:Infinity":5,"s:46:29:48:Infinity":6,"b:47:10:47:Infinity:48:10:48:Infinity":5,"s:50:26:50:Infinity":7,"s:52:25:52:Infinity":8,"s:53:30:55:Infinity":9,"b:54:10:54:Infinity:55:10:55:Infinity":6,"s:57:24:57:Infinity":10,"s:58:29:60:Infinity":11,"b:59:10:59:Infinity:60:10:60:Infinity":7,"s:62:22:62:Infinity":12,"s:63:27:65:Infinity":13,"b:64:10:64:Infinity:65:10:65:Infinity":8,"s:67:4:90:Infinity":14}}}
,"/Users/rodionstarodubenko/Projects/fsd-generator/packages/fsd-gen/src/lib/naming/resolvePaths.ts": {"path":"/Users/rodionstarodubenko/Projects/fsd-generator/packages/fsd-gen/src/lib/naming/resolvePaths.ts","statementMap":{"0":{"start":{"line":21,"column":4},"end":{"line":21,"column":null}},"1":{"start":{"line":28,"column":21},"end":{"line":28,"column":null}},"2":{"start":{"line":29,"column":4},"end":{"line":29,"column":null}},"3":{"start":{"line":36,"column":4},"end":{"line":36,"column":null}},"4":{"start":{"line":44,"column":21},"end":{"line":44,"column":null}},"5":{"start":{"line":45,"column":4},"end":{"line":45,"column":null}},"6":{"start":{"line":52,"column":4},"end":{"line":52,"column":null}},"7":{"start":{"line":65,"column":22},"end":{"line":65,"column":null}},"8":{"start":{"line":66,"column":22},"end":{"line":66,"column":null}},"9":{"start":{"line":67,"column":19},"end":{"line":67,"column":null}},"10":{"start":{"line":68,"column":26},"end":{"line":68,"column":null}},"11":{"start":{"line":70,"column":4},"end":{"line":70,"column":null}},"12":{"start":{"line":72,"column":4},"end":{"line":77,"column":null}}},"fnMap":{"0":{"name":"getLayerPlural","decl":{"start":{"line":20,"column":16},"end":{"line":20,"column":31}},"loc":{"start":{"line":20,"column":54},"end":{"line":22,"column":null}},"line":20},"1":{"name":"buildLayerPath","decl":{"start":{"line":27,"column":16},"end":{"line":27,"column":31}},"loc":{"start":{"line":27,"column":71},"end":{"line":30,"column":null}},"line":27},"2":{"name":"buildSlicePath","decl":{"start":{"line":35,"column":16},"end":{"line":35,"column":31}},"loc":{"start":{"line":35,"column":73},"end":{"line":37,"column":null}},"line":35},"3":{"name":"buildUiPath","decl":{"start":{"line":43,"column":16},"end":{"line":43,"column":28}},"loc":{"start":{"line":43,"column":70},"end":{"line":46,"column":null}},"line":43},"4":{"name":"buildComponentPath","decl":{"start":{"line":51,"column":16},"end":{"line":51,"column":35}},"loc":{"start":{"line":51,"column":82},"end":{"line":53,"column":null}},"line":51},"5":{"name":"resolveFsdPaths","decl":{"start":{"line":59,"column":16},"end":{"line":59,"column":null}},"loc":{"start":{"line":64,"column":12},"end":{"line":78,"column":null}},"line":64}},"branchMap":{"0":{"loc":{"start":{"line":21,"column":11},"end":{"line":21,"column":null}},"type":"binary-expr","locations":[{"start":{"line":21,"column":11},"end":{"line":21,"column":35}},{"start":{"line":21,"column":35},"end":{"line":21,"column":null}}],"line":21},"1":{"loc":{"start":{"line":45,"column":11},"end":{"line":45,"column":null}},"type":"cond-expr","locations":[{"start":{"line":45,"column":22},"end":{"line":45,"column":34}},{"start":{"line":45,"column":22},"end":{"line":45,"column":null}}],"line":45}},"s":{"0":52,"1":40,"2":40,"3":36,"4":37,"5":37,"6":35,"7":32,"8":32,"9":32,"10":32,"11":32,"12":32},"f":{"0":52,"1":40,"2":36,"3":37,"4":35,"5":32},"b":{"0":[52,8],"1":[6,31]},"meta":{"lastBranch":2,"lastFunction":6,"lastStatement":13,"seen":{"f:20:16:20:31":0,"s:21:4:21:Infinity":0,"b:21:11:21:35:21:35:21:Infinity":0,"f:27:16:27:31":1,"s:28:21:28:Infinity":1,"s:29:4:29:Infinity":2,"f:35:16:35:31":2,"s:36:4:36:Infinity":3,"f:43:16:43:28":3,"s:44:21:44:Infinity":4,"s:45:4:45:Infinity":5,"b:45:22:45:34:45:22:45:Infinity":1,"f:51:16:51:35":4,"s:52:4:52:Infinity":6,"f:59:16:59:Infinity":5,"s:65:22:65:Infinity":7,"s:66:22:66:Infinity":8,"s:67:19:67:Infinity":9,"s:68:26:68:Infinity":10,"s:70:4:70:Infinity":11,"s:72:4:77:Infinity":12}}}
,"/Users/rodionstarodubenko/Projects/fsd-generator/packages/fsd-gen/src/lib/preset/actionExecution.ts": {"path":"/Users/rodionstarodubenko/Projects/fsd-generator/packages/fsd-gen/src/lib/preset/actionExecution.ts","statementMap":{"0":{"start":{"line":18,"column":6},"end":{"line":18,"column":null}},"1":{"start":{"line":19,"column":6},"end":{"line":19,"column":null}},"2":{"start":{"line":20,"column":6},"end":{"line":20,"column":null}},"3":{"start":{"line":30,"column":4},"end":{"line":35,"column":null}},"4":{"start":{"line":46,"column":10},"end":{"line":46,"column":null}},"5":{"start":{"line":47,"column":10},"end":{"line":47,"column":null}},"6":{"start":{"line":49,"column":10},"end":{"line":54,"column":null}},"7":{"start":{"line":56,"column":20},"end":{"line":65,"column":null}},"8":{"start":{"line":67,"column":4},"end":{"line":67,"column":null}},"9":{"start":{"line":78,"column":10},"end":{"line":78,"column":null}},"10":{"start":{"line":79,"column":10},"end":{"line":79,"column":null}},"11":{"start":{"line":81,"column":10},"end":{"line":86,"column":null}},"12":{"start":{"line":88,"column":20},"end":{"line":97,"column":null}},"13":{"start":{"line":99,"column":4},"end":{"line":99,"column":null}},"14":{"start":{"line":110,"column":10},"end":{"line":110,"column":null}},"15":{"start":{"line":111,"column":10},"end":{"line":111,"column":null}},"16":{"start":{"line":113,"column":10},"end":{"line":118,"column":null}},"17":{"start":{"line":120,"column":20},"end":{"line":129,"column":null}},"18":{"start":{"line":131,"column":4},"end":{"line":131,"column":null}},"19":{"start":{"line":141,"column":10},"end":{"line":141,"column":null}},"20":{"start":{"line":142,"column":25},"end":{"line":142,"column":null}},"21":{"start":{"line":144,"column":4},"end":{"line":146,"column":null}},"22":{"start":{"line":145,"column":8},"end":{"line":145,"column":null}},"23":{"start":{"line":147,"column":4},"end":{"line":147,"column":null}},"24":{"start":{"line":149,"column":4},"end":{"line":170,"column":null}},"25":{"start":{"line":150,"column":8},"end":{"line":169,"column":null}},"26":{"start":{"line":152,"column":12},"end":{"line":162,"column":null}},"27":{"start":{"line":153,"column":16},"end":{"line":161,"column":null}},"28":{"start":{"line":154,"column":35},"end":{"line":154,"column":null}},"29":{"start":{"line":155,"column":20},"end":{"line":158,"column":null}},"30":{"start":{"line":156,"column":24},"end":{"line":156,"column":null}},"31":{"start":{"line":157,"column":24},"end":{"line":157,"column":null}},"32":{"start":{"line":164,"column":28},"end":{"line":164,"column":null}},"33":{"start":{"line":165,"column":12},"end":{"line":165,"column":null}},"34":{"start":{"line":166,"column":12},"end":{"line":166,"column":null}},"35":{"start":{"line":172,"column":4},"end":{"line":172,"column":null}},"36":{"start":{"line":183,"column":10},"end":{"line":187,"column":null}},"37":{"start":{"line":189,"column":4},"end":{"line":189,"column":null}},"38":{"start":{"line":191,"column":4},"end":{"line":213,"column":null}},"39":{"start":{"line":192,"column":24},"end":{"line":199,"column":null}},"40":{"start":{"line":201,"column":24},"end":{"line":201,"column":null}},"41":{"start":{"line":202,"column":14},"end":{"line":202,"column":null}},"42":{"start":{"line":203,"column":8},"end":{"line":203,"column":null}},"43":{"start":{"line":204,"column":8},"end":{"line":204,"column":null}},"44":{"start":{"line":207,"column":8},"end":{"line":212,"column":null}},"45":{"start":{"line":208,"column":18},"end":{"line":208,"column":null}},"46":{"start":{"line":209,"column":24},"end":{"line":209,"column":null}},"47":{"start":{"line":210,"column":18},"end":{"line":210,"column":null}},"48":{"start":{"line":211,"column":12},"end":{"line":211,"column":null}},"49":{"start":{"line":226,"column":4},"end":{"line":243,"column":null}},"50":{"start":{"line":227,"column":26},"end":{"line":227,"column":null}},"51":{"start":{"line":229,"column":8},"end":{"line":242,"column":null}},"52":{"start":{"line":231,"column":16},"end":{"line":231,"column":null}},"53":{"start":{"line":232,"column":16},"end":{"line":232,"column":null}},"54":{"start":{"line":234,"column":16},"end":{"line":234,"column":null}},"55":{"start":{"line":235,"column":16},"end":{"line":235,"column":null}},"56":{"start":{"line":237,"column":16},"end":{"line":237,"column":null}},"57":{"start":{"line":238,"column":16},"end":{"line":238,"column":null}},"58":{"start":{"line":240,"column":16},"end":{"line":240,"column":null}},"59":{"start":{"line":241,"column":16},"end":{"line":241,"column":null}},"60":{"start":{"line":245,"column":4},"end":{"line":245,"column":null}}},"fnMap":{"0":{"name":"prepareActionVariables","decl":{"start":{"line":25,"column":16},"end":{"line":25,"column":null}},"loc":{"start":{"line":29,"column":23},"end":{"line":36,"column":null}},"line":29},"1":{"name":"executeComponentAction","decl":{"start":{"line":41,"column":22},"end":{"line":41,"column":null}},"loc":{"start":{"line":45,"column":17},"end":{"line":68,"column":null}},"line":45},"2":{"name":"executeHookAction","decl":{"start":{"line":73,"column":22},"end":{"line":73,"column":null}},"loc":{"start":{"line":77,"column":17},"end":{"line":100,"column":null}},"line":77},"3":{"name":"executeStylesAction","decl":{"start":{"line":105,"column":22},"end":{"line":105,"column":null}},"loc":{"start":{"line":109,"column":17},"end":{"line":132,"column":null}},"line":109},"4":{"name":"loadFileTemplate","decl":{"start":{"line":137,"column":22},"end":{"line":137,"column":null}},"loc":{"start":{"line":140,"column":60},"end":{"line":173,"column":null}},"line":140},"5":{"name":"executeFileAction","decl":{"start":{"line":178,"column":22},"end":{"line":178,"column":null}},"loc":{"start":{"line":182,"column":17},"end":{"line":214,"column":null}},"line":182},"6":{"name":"executeActions","decl":{"start":{"line":220,"column":22},"end":{"line":220,"column":null}},"loc":{"start":{"line":225,"column":17},"end":{"line":246,"column":null}},"line":225}},"branchMap":{"0":{"loc":{"start":{"line":46,"column":42},"end":{"line":46,"column":71}},"type":"binary-expr","locations":[{"start":{"line":46,"column":42},"end":{"line":46,"column":57}},{"start":{"line":46,"column":57},"end":{"line":46,"column":71}}],"line":46},"1":{"loc":{"start":{"line":78,"column":42},"end":{"line":78,"column":71}},"type":"binary-expr","locations":[{"start":{"line":78,"column":42},"end":{"line":78,"column":57}},{"start":{"line":78,"column":57},"end":{"line":78,"column":71}}],"line":78},"2":{"loc":{"start":{"line":110,"column":42},"end":{"line":110,"column":71}},"type":"binary-expr","locations":[{"start":{"line":110,"column":42},"end":{"line":110,"column":57}},{"start":{"line":110,"column":57},"end":{"line":110,"column":71}}],"line":110},"3":{"loc":{"start":{"line":144,"column":4},"end":{"line":146,"column":null}},"type":"if","locations":[{"start":{"line":144,"column":4},"end":{"line":146,"column":null}},{"start":{},"end":{}}],"line":144},"4":{"loc":{"start":{"line":152,"column":12},"end":{"line":162,"column":null}},"type":"if","locations":[{"start":{"line":152,"column":12},"end":{"line":162,"column":null}},{"start":{},"end":{}}],"line":152},"5":{"loc":{"start":{"line":152,"column":16},"end":{"line":152,"column":78}},"type":"binary-expr","locations":[{"start":{"line":152,"column":16},"end":{"line":152,"column":37}},{"start":{"line":152,"column":37},"end":{"line":152,"column":59}},{"start":{"line":152,"column":59},"end":{"line":152,"column":78}}],"line":152},"6":{"loc":{"start":{"line":155,"column":20},"end":{"line":158,"column":null}},"type":"if","locations":[{"start":{"line":155,"column":20},"end":{"line":158,"column":null}},{"start":{},"end":{}}],"line":155},"7":{"loc":{"start":{"line":191,"column":4},"end":{"line":213,"column":null}},"type":"if","locations":[{"start":{"line":191,"column":4},"end":{"line":213,"column":null}},{"start":{},"end":{}}],"line":191},"8":{"loc":{"start":{"line":196,"column":27},"end":{"line":196,"column":null}},"type":"binary-expr","locations":[{"start":{"line":196,"column":27},"end":{"line":196,"column":50}},{"start":{"line":196,"column":50},"end":{"line":196,"column":null}}],"line":196},"9":{"loc":{"start":{"line":197,"column":23},"end":{"line":197,"column":null}},"type":"cond-expr","locations":[{"start":{"line":197,"column":61},"end":{"line":197,"column":79}},{"start":{"line":197,"column":79},"end":{"line":197,"column":null}}],"line":197},"10":{"loc":{"start":{"line":207,"column":8},"end":{"line":212,"column":null}},"type":"if","locations":[{"start":{"line":207,"column":8},"end":{"line":212,"column":null}},{"start":{},"end":{}}],"line":207},"11":{"loc":{"start":{"line":207,"column":8},"end":{"line":207,"column":143}},"type":"binary-expr","locations":[{"start":{"line":207,"column":13},"end":{"line":207,"column":64}},{"start":{"line":207,"column":64},"end":{"line":207,"column":109}},{"start":{"line":207,"column":109},"end":{"line":207,"column":143}}],"line":207},"12":{"loc":{"start":{"line":209,"column":24},"end":{"line":209,"column":null}},"type":"cond-expr","locations":[{"start":{"line":209,"column":67},"end":{"line":209,"column":89}},{"start":{"line":209,"column":89},"end":{"line":209,"column":null}}],"line":209},"13":{"loc":{"start":{"line":229,"column":8},"end":{"line":242,"column":null}},"type":"switch","locations":[{"start":{"line":230,"column":12},"end":{"line":232,"column":null}},{"start":{"line":233,"column":12},"end":{"line":235,"column":null}},{"start":{"line":236,"column":12},"end":{"line":238,"column":null}},{"start":{"line":239,"column":12},"end":{"line":241,"column":null}}],"line":229}},"s":{"0":6,"1":6,"2":6,"3":14,"4":3,"5":3,"6":3,"7":3,"8":3,"9":4,"10":4,"11":4,"12":4,"13":4,"14":4,"15":4,"16":4,"17":4,"18":4,"19":6,"20":6,"21":6,"22":2,"23":6,"24":6,"25":6,"26":6,"27":4,"28":4,"29":1,"30":1,"31":1,"32":5,"33":3,"34":3,"35":2,"36":2,"37":2,"38":2,"39":2,"40":2,"41":2,"42":2,"43":2,"44":2,"45":1,"46":1,"47":1,"48":1,"49":1,"50":4,"51":4,"52":1,"53":1,"54":1,"55":1,"56":1,"57":1,"58":1,"59":1,"60":1},"f":{"0":14,"1":3,"2":4,"3":4,"4":6,"5":2,"6":1},"b":{"0":[3,1],"1":[4,1],"2":[4,1],"3":[2,4],"4":[4,2],"5":[6,2,2],"6":[1,0],"7":[2,0],"8":[2,1],"9":[0,2],"10":[1,1],"11":[2,1,1],"12":[0,1],"13":[1,1,1,1]},"meta":{"lastBranch":14,"lastFunction":7,"lastStatement":61,"seen":{"s:18:6:18:Infinity":0,"s:19:6:19:Infinity":1,"s:20:6:20:Infinity":2,"f:25:16:25:Infinity":0,"s:30:4:35:Infinity":3,"f:41:22:41:Infinity":1,"s:46:10:46:Infinity":4,"b:46:42:46:57:46:57:46:71":0,"s:47:10:47:Infinity":5,"s:49:10:54:Infinity":6,"s:56:20:65:Infinity":7,"s:67:4:67:Infinity":8,"f:73:22:73:Infinity":2,"s:78:10:78:Infinity":9,"b:78:42:78:57:78:57:78:71":1,"s:79:10:79:Infinity":10,"s:81:10:86:Infinity":11,"s:88:20:97:Infinity":12,"s:99:4:99:Infinity":13,"f:105:22:105:Infinity":3,"s:110:10:110:Infinity":14,"b:110:42:110:57:110:57:110:71":2,"s:111:10:111:Infinity":15,"s:113:10:118:Infinity":16,"s:120:20:129:Infinity":17,"s:131:4:131:Infinity":18,"f:137:22:137:Infinity":4,"s:141:10:141:Infinity":19,"s:142:25:142:Infinity":20,"b:144:4:146:Infinity:undefined:undefined:undefined:undefined":3,"s:144:4:146:Infinity":21,"s:145:8:145:Infinity":22,"s:147:4:147:Infinity":23,"s:149:4:170:Infinity":24,"s:150:8:169:Infinity":25,"b:152:12:162:Infinity:undefined:undefined:undefined:undefined":4,"s:152:12:162:Infinity":26,"b:152:16:152:37:152:37:152:59:152:59:152:78":5,"s:153:16:161:Infinity":27,"s:154:35:154:Infinity":28,"b:155:20:158:Infinity:undefined:undefined:undefined:undefined":6,"s:155:20:158:Infinity":29,"s:156:24:156:Infinity":30,"s:157:24:157:Infinity":31,"s:164:28:164:Infinity":32,"s:165:12:165:Infinity":33,"s:166:12:166:Infinity":34,"s:172:4:172:Infinity":35,"f:178:22:178:Infinity":5,"s:183:10:187:Infinity":36,"s:189:4:189:Infinity":37,"b:191:4:213:Infinity:undefined:undefined:undefined:undefined":7,"s:191:4:213:Infinity":38,"s:192:24:199:Infinity":39,"b:196:27:196:50:196:50:196:Infinity":8,"b:197:61:197:79:197:79:197:Infinity":9,"s:201:24:201:Infinity":40,"s:202:14:202:Infinity":41,"s:203:8:203:Infinity":42,"s:204:8:204:Infinity":43,"b:207:8:212:Infinity:undefined:undefined:undefined:undefined":10,"s:207:8:212:Infinity":44,"b:207:13:207:64:207:64:207:109:207:109:207:143":11,"s:208:18:208:Infinity":45,"s:209:24:209:Infinity":46,"b:209:67:209:89:209:89:209:Infinity":12,"s:210:18:210:Infinity":47,"s:211:12:211:Infinity":48,"f:220:22:220:Infinity":6,"s:226:4:243:Infinity":49,"s:227:26:227:Infinity":50,"b:230:12:232:Infinity:233:12:235:Infinity:236:12:238:Infinity:239:12:241:Infinity":13,"s:229:8:242:Infinity":51,"s:231:16:231:Infinity":52,"s:232:16:232:Infinity":53,"s:234:16:234:Infinity":54,"s:235:16:235:Infinity":55,"s:237:16:237:Infinity":56,"s:238:16:238:Infinity":57,"s:240:16:240:Infinity":58,"s:241:16:241:Infinity":59,"s:245:4:245:Infinity":60}}}
,"/Users/rodionstarodubenko/Projects/fsd-generator/packages/fsd-gen/src/lib/preset/presetDiscovery.ts": {"path":"/Users/rodionstarodubenko/Projects/fsd-generator/packages/fsd-gen/src/lib/preset/presetDiscovery.ts","statementMap":{"0":{"start":{"line":32,"column":10},"end":{"line":32,"column":null}},"1":{"start":{"line":34,"column":4},"end":{"line":41,"column":null}},"2":{"start":{"line":35,"column":26},"end":{"line":35,"column":null}},"3":{"start":{"line":36,"column":8},"end":{"line":36,"column":null}},"4":{"start":{"line":36,"column":38},"end":{"line":36,"column":null}},"5":{"start":{"line":38,"column":8},"end":{"line":38,"column":null}},"6":{"start":{"line":40,"column":8},"end":{"line":40,"column":null}},"7":{"start":{"line":53,"column":21},"end":{"line":53,"column":null}},"8":{"start":{"line":54,"column":24},"end":{"line":54,"column":null}},"9":{"start":{"line":56,"column":4},"end":{"line":60,"column":null}},"10":{"start":{"line":70,"column":4},"end":{"line":76,"column":null}},"11":{"start":{"line":87,"column":36},"end":{"line":87,"column":null}},"12":{"start":{"line":88,"column":23},"end":{"line":88,"column":null}},"13":{"start":{"line":90,"column":4},"end":{"line":106,"column":null}},"14":{"start":{"line":91,"column":8},"end":{"line":105,"column":null}},"15":{"start":{"line":92,"column":29},"end":{"line":92,"column":null}},"16":{"start":{"line":93,"column":31},"end":{"line":93,"column":null}},"17":{"start":{"line":94,"column":25},"end":{"line":96,"column":null}},"18":{"start":{"line":98,"column":12},"end":{"line":104,"column":null}},"19":{"start":{"line":108,"column":4},"end":{"line":108,"column":null}},"20":{"start":{"line":123,"column":36},"end":{"line":123,"column":null}},"21":{"start":{"line":124,"column":26},"end":{"line":124,"column":null}},"22":{"start":{"line":125,"column":27},"end":{"line":125,"column":null}},"23":{"start":{"line":127,"column":4},"end":{"line":139,"column":null}},"24":{"start":{"line":128,"column":8},"end":{"line":138,"column":null}},"25":{"start":{"line":129,"column":32},"end":{"line":129,"column":null}},"26":{"start":{"line":130,"column":36},"end":{"line":130,"column":null}},"27":{"start":{"line":131,"column":12},"end":{"line":137,"column":null}},"28":{"start":{"line":141,"column":4},"end":{"line":141,"column":null}},"29":{"start":{"line":153,"column":25},"end":{"line":153,"column":null}},"30":{"start":{"line":155,"column":4},"end":{"line":161,"column":null}},"31":{"start":{"line":176,"column":23},"end":{"line":176,"column":null}},"32":{"start":{"line":178,"column":4},"end":{"line":184,"column":null}},"33":{"start":{"line":197,"column":4},"end":{"line":203,"column":null}},"34":{"start":{"line":217,"column":36},"end":{"line":217,"column":null}},"35":{"start":{"line":218,"column":20},"end":{"line":218,"column":null}},"36":{"start":{"line":219,"column":24},"end":{"line":219,"column":null}},"37":{"start":{"line":221,"column":30},"end":{"line":228,"column":null}},"38":{"start":{"line":230,"column":4},"end":{"line":244,"column":null}},"39":{"start":{"line":231,"column":8},"end":{"line":243,"column":null}},"40":{"start":{"line":232,"column":12},"end":{"line":232,"column":null}},"41":{"start":{"line":232,"column":50},"end":{"line":232,"column":null}},"42":{"start":{"line":233,"column":12},"end":{"line":233,"column":null}},"43":{"start":{"line":233,"column":56},"end":{"line":233,"column":null}},"44":{"start":{"line":236,"column":12},"end":{"line":236,"column":null}},"45":{"start":{"line":236,"column":91},"end":{"line":236,"column":null}},"46":{"start":{"line":238,"column":12},"end":{"line":242,"column":null}},"47":{"start":{"line":245,"column":4},"end":{"line":245,"column":null}},"48":{"start":{"line":258,"column":36},"end":{"line":258,"column":null}},"49":{"start":{"line":259,"column":19},"end":{"line":259,"column":null}},"50":{"start":{"line":261,"column":4},"end":{"line":293,"column":null}},"51":{"start":{"line":262,"column":14},"end":{"line":262,"column":null}},"52":{"start":{"line":263,"column":8},"end":{"line":263,"column":null}},"53":{"start":{"line":263,"column":35},"end":{"line":263,"column":null}},"54":{"start":{"line":265,"column":28},"end":{"line":265,"column":null}},"55":{"start":{"line":268,"column":29},"end":{"line":268,"column":null}},"56":{"start":{"line":269,"column":8},"end":{"line":271,"column":null}},"57":{"start":{"line":269,"column":41},"end":{"line":269,"column":null}},"58":{"start":{"line":269,"column":115},"end":{"line":271,"column":null}},"59":{"start":{"line":270,"column":44},"end":{"line":270,"column":null}},"60":{"start":{"line":270,"column":114},"end":{"line":271,"column":null}},"61":{"start":{"line":271,"column":47},"end":{"line":271,"column":null}},"62":{"start":{"line":273,"column":30},"end":{"line":290,"column":null}},"63":{"start":{"line":274,"column":28},"end":{"line":274,"column":null}},"64":{"start":{"line":276,"column":12},"end":{"line":289,"column":null}},"65":{"start":{"line":277,"column":22},"end":{"line":277,"column":null}},"66":{"start":{"line":278,"column":22},"end":{"line":278,"column":null}},"67":{"start":{"line":280,"column":16},"end":{"line":288,"column":null}},"68":{"start":{"line":281,"column":20},"end":{"line":281,"column":null}},"69":{"start":{"line":282,"column":16},"end":{"line":288,"column":null}},"70":{"start":{"line":283,"column":20},"end":{"line":287,"column":null}},"71":{"start":{"line":292,"column":8},"end":{"line":292,"column":null}},"72":{"start":{"line":295,"column":4},"end":{"line":295,"column":null}}},"fnMap":{"0":{"name":"scanLayerDirectory","decl":{"start":{"line":31,"column":22},"end":{"line":31,"column":41}},"loc":{"start":{"line":31,"column":94},"end":{"line":42,"column":null}},"line":31},"1":{"name":"createFileAction","decl":{"start":{"line":47,"column":16},"end":{"line":47,"column":null}},"loc":{"start":{"line":52,"column":20},"end":{"line":61,"column":null}},"line":52},"2":{"name":"createEntityUiAction","decl":{"start":{"line":66,"column":16},"end":{"line":66,"column":null}},"loc":{"start":{"line":69,"column":25},"end":{"line":77,"column":null}},"line":69},"3":{"name":"createEntityApiActions","decl":{"start":{"line":82,"column":22},"end":{"line":82,"column":null}},"loc":{"start":{"line":86,"column":27},"end":{"line":109,"column":null}},"line":86},"4":{"name":"createFeatureActions","decl":{"start":{"line":117,"column":22},"end":{"line":117,"column":null}},"loc":{"start":{"line":122,"column":27},"end":{"line":142,"column":null}},"line":122},"5":{"name":"createWidgetAction","decl":{"start":{"line":147,"column":16},"end":{"line":147,"column":null}},"loc":{"start":{"line":152,"column":25},"end":{"line":162,"column":null}},"line":152},"6":{"name":"createPageAction","decl":{"start":{"line":170,"column":16},"end":{"line":170,"column":null}},"loc":{"start":{"line":175,"column":25},"end":{"line":185,"column":null}},"line":175},"7":{"name":"createSharedAction","decl":{"start":{"line":190,"column":16},"end":{"line":190,"column":null}},"loc":{"start":{"line":194,"column":25},"end":{"line":204,"column":null}},"line":194},"8":{"name":"discoverExtraFiles","decl":{"start":{"line":209,"column":15},"end":{"line":209,"column":null}},"loc":{"start":{"line":216,"column":27},"end":{"line":246,"column":null}},"line":216},"9":{"name":"discoverTemplates","decl":{"start":{"line":252,"column":22},"end":{"line":252,"column":null}},"loc":{"start":{"line":257,"column":27},"end":{"line":296,"column":null}},"line":257},"10":{"name":"(anonymous_10)","decl":{"start":{"line":273,"column":30},"end":{"line":273,"column":37}},"loc":{"start":{"line":273,"column":82},"end":{"line":290,"column":null}},"line":273}},"branchMap":{"0":{"loc":{"start":{"line":36,"column":8},"end":{"line":36,"column":null}},"type":"if","locations":[{"start":{"line":36,"column":8},"end":{"line":36,"column":null}},{"start":{},"end":{}}],"line":36},"1":{"loc":{"start":{"line":54,"column":24},"end":{"line":54,"column":null}},"type":"binary-expr","locations":[{"start":{"line":54,"column":24},"end":{"line":54,"column":48}},{"start":{"line":54,"column":48},"end":{"line":54,"column":null}}],"line":54},"2":{"loc":{"start":{"line":91,"column":8},"end":{"line":105,"column":null}},"type":"if","locations":[{"start":{"line":91,"column":8},"end":{"line":105,"column":null}},{"start":{},"end":{}}],"line":91},"3":{"loc":{"start":{"line":94,"column":25},"end":{"line":96,"column":null}},"type":"cond-expr","locations":[{"start":{"line":95,"column":18},"end":{"line":95,"column":null}},{"start":{"line":96,"column":18},"end":{"line":96,"column":null}}],"line":94},"4":{"loc":{"start":{"line":95,"column":47},"end":{"line":95,"column":89}},"type":"cond-expr","locations":[{"start":{"line":95,"column":81},"end":{"line":95,"column":87}},{"start":{"line":95,"column":87},"end":{"line":95,"column":89}}],"line":95},"5":{"loc":{"start":{"line":124,"column":26},"end":{"line":124,"column":null}},"type":"binary-expr","locations":[{"start":{"line":124,"column":26},"end":{"line":124,"column":60}},{"start":{"line":124,"column":60},"end":{"line":124,"column":null}}],"line":124},"6":{"loc":{"start":{"line":128,"column":8},"end":{"line":138,"column":null}},"type":"if","locations":[{"start":{"line":128,"column":8},"end":{"line":138,"column":null}},{"start":{},"end":{}}],"line":128},"7":{"loc":{"start":{"line":153,"column":25},"end":{"line":153,"column":null}},"type":"binary-expr","locations":[{"start":{"line":153,"column":25},"end":{"line":153,"column":58}},{"start":{"line":153,"column":58},"end":{"line":153,"column":null}}],"line":153},"8":{"loc":{"start":{"line":176,"column":23},"end":{"line":176,"column":null}},"type":"binary-expr","locations":[{"start":{"line":176,"column":23},"end":{"line":176,"column":54}},{"start":{"line":176,"column":54},"end":{"line":176,"column":null}}],"line":176},"9":{"loc":{"start":{"line":200,"column":15},"end":{"line":200,"column":null}},"type":"cond-expr","locations":[{"start":{"line":200,"column":49},"end":{"line":200,"column":62}},{"start":{"line":200,"column":62},"end":{"line":200,"column":null}}],"line":200},"10":{"loc":{"start":{"line":201,"column":14},"end":{"line":201,"column":null}},"type":"cond-expr","locations":[{"start":{"line":201,"column":48},"end":{"line":201,"column":61}},{"start":{"line":201,"column":61},"end":{"line":201,"column":null}}],"line":201},"11":{"loc":{"start":{"line":219,"column":24},"end":{"line":219,"column":null}},"type":"binary-expr","locations":[{"start":{"line":219,"column":24},"end":{"line":219,"column":48}},{"start":{"line":219,"column":48},"end":{"line":219,"column":null}}],"line":219},"12":{"loc":{"start":{"line":231,"column":8},"end":{"line":243,"column":null}},"type":"if","locations":[{"start":{"line":231,"column":8},"end":{"line":243,"column":null}},{"start":{},"end":{}}],"line":231},"13":{"loc":{"start":{"line":232,"column":12},"end":{"line":232,"column":null}},"type":"if","locations":[{"start":{"line":232,"column":12},"end":{"line":232,"column":null}},{"start":{},"end":{}}],"line":232},"14":{"loc":{"start":{"line":233,"column":12},"end":{"line":233,"column":null}},"type":"if","locations":[{"start":{"line":233,"column":12},"end":{"line":233,"column":null}},{"start":{},"end":{}}],"line":233},"15":{"loc":{"start":{"line":236,"column":12},"end":{"line":236,"column":null}},"type":"if","locations":[{"start":{"line":236,"column":12},"end":{"line":236,"column":null}},{"start":{},"end":{}}],"line":236},"16":{"loc":{"start":{"line":236,"column":16},"end":{"line":236,"column":91}},"type":"binary-expr","locations":[{"start":{"line":236,"column":16},"end":{"line":236,"column":56}},{"start":{"line":236,"column":56},"end":{"line":236,"column":91}}],"line":236},"17":{"loc":{"start":{"line":256,"column":4},"end":{"line":256,"column":null}},"type":"default-arg","locations":[{"start":{"line":256,"column":36},"end":{"line":256,"column":null}}],"line":256},"18":{"loc":{"start":{"line":263,"column":8},"end":{"line":263,"column":null}},"type":"if","locations":[{"start":{"line":263,"column":8},"end":{"line":263,"column":null}},{"start":{},"end":{}}],"line":263},"19":{"loc":{"start":{"line":265,"column":28},"end":{"line":265,"column":null}},"type":"binary-expr","locations":[{"start":{"line":265,"column":28},"end":{"line":265,"column":52}},{"start":{"line":265,"column":52},"end":{"line":265,"column":null}}],"line":265},"20":{"loc":{"start":{"line":269,"column":8},"end":{"line":271,"column":null}},"type":"if","locations":[{"start":{"line":269,"column":8},"end":{"line":271,"column":null}},{"start":{"line":269,"column":115},"end":{"line":271,"column":null}}],"line":269},"21":{"loc":{"start":{"line":269,"column":74},"end":{"line":269,"column":115}},"type":"binary-expr","locations":[{"start":{"line":269,"column":74},"end":{"line":269,"column":107}},{"start":{"line":269,"column":107},"end":{"line":269,"column":115}}],"line":269},"22":{"loc":{"start":{"line":269,"column":115},"end":{"line":271,"column":null}},"type":"if","locations":[{"start":{"line":269,"column":115},"end":{"line":271,"column":null}},{"start":{"line":270,"column":114},"end":{"line":271,"column":null}}],"line":269},"23":{"loc":{"start":{"line":270,"column":77},"end":{"line":270,"column":114}},"type":"binary-expr","locations":[{"start":{"line":270,"column":77},"end":{"line":270,"column":108}},{"start":{"line":270,"column":108},"end":{"line":270,"column":114}}],"line":270},"24":{"loc":{"start":{"line":270,"column":114},"end":{"line":271,"column":null}},"type":"if","locations":[{"start":{"line":270,"column":114},"end":{"line":271,"column":null}},{"start":{},"end":{}}],"line":270},"25":{"loc":{"start":{"line":271,"column":67},"end":{"line":271,"column":109}},"type":"binary-expr","locations":[{"start":{"line":271,"column":67},"end":{"line":271,"column":101}},{"start":{"line":271,"column":101},"end":{"line":271,"column":109}}],"line":271},"26":{"loc":{"start":{"line":273,"column":57},"end":{"line":273,"column":82}},"type":"default-arg","locations":[{"start":{"line":273,"column":75},"end":{"line":273,"column":82}}],"line":273},"27":{"loc":{"start":{"line":280,"column":16},"end":{"line":288,"column":null}},"type":"if","locations":[{"start":{"line":280,"column":16},"end":{"line":288,"column":null}},{"start":{"line":282,"column":16},"end":{"line":288,"column":null}}],"line":280},"28":{"loc":{"start":{"line":282,"column":16},"end":{"line":288,"column":null}},"type":"if","locations":[{"start":{"line":282,"column":16},"end":{"line":288,"column":null}},{"start":{},"end":{}}],"line":282}},"s":{"0":0,"1":0,"2":0,"3":0,"4":0,"5":0,"6":0,"7":0,"8":0,"9":0,"10":0,"11":0,"12":0,"13":0,"14":0,"15":0,"16":0,"17":0,"18":0,"19":0,"20":0,"21":0,"22":0,"23":0,"24":0,"25":0,"26":0,"27":0,"28":0,"29":0,"30":0,"31":0,"32":0,"33":2,"34":0,"35":0,"36":0,"37":0,"38":0,"39":0,"40":0,"41":0,"42":0,"43":0,"44":0,"45":0,"46":0,"47":0,"48":7,"49":7,"50":7,"51":35,"52":35,"53":23,"54":12,"55":35,"56":35,"57":2,"58":10,"59":2,"60":8,"61":4,"62":12,"63":15,"64":15,"65":11,"66":11,"67":11,"68":3,"69":8,"70":8,"71":12,"72":7},"f":{"0":0,"1":0,"2":0,"3":0,"4":0,"5":0,"6":0,"7":2,"8":0,"9":7,"10":15},"b":{"0":[0,0],"1":[0,0],"2":[0,0],"3":[0,0],"4":[0,0],"5":[0,0],"6":[0,0],"7":[0,0],"8":[0,0],"9":[1,1],"10":[1,1],"11":[0,0],"12":[0,0],"13":[0,0],"14":[0,0],"15":[0,0],"16":[0,0],"17":[7],"18":[23,12],"19":[12,0],"20":[2,10],"21":[2,1],"22":[2,8],"23":[2,1],"24":[4,4],"25":[4,2],"26":[15],"27":[3,8],"28":[8,0]},"meta":{"lastBranch":29,"lastFunction":11,"lastStatement":73,"seen":{"f:31:22:31:41":0,"s:32:10:32:Infinity":0,"s:34:4:41:Infinity":1,"s:35:26:35:Infinity":2,"b:36:8:36:Infinity:undefined:undefined:undefined:undefined":0,"s:36:8:36:Infinity":3,"s:36:38:36:Infinity":4,"s:38:8:38:Infinity":5,"s:40:8:40:Infinity":6,"f:47:16:47:Infinity":1,"s:53:21:53:Infinity":7,"s:54:24:54:Infinity":8,"b:54:24:54:48:54:48:54:Infinity":1,"s:56:4:60:Infinity":9,"f:66:16:66:Infinity":2,"s:70:4:76:Infinity":10,"f:82:22:82:Infinity":3,"s:87:36:87:Infinity":11,"s:88:23:88:Infinity":12,"s:90:4:106:Infinity":13,"b:91:8:105:Infinity:undefined:undefined:undefined:undefined":2,"s:91:8:105:Infinity":14,"s:92:29:92:Infinity":15,"s:93:31:93:Infinity":16,"s:94:25:96:Infinity":17,"b:95:18:95:Infinity:96:18:96:Infinity":3,"b:95:81:95:87:95:87:95:89":4,"s:98:12:104:Infinity":18,"s:108:4:108:Infinity":19,"f:117:22:117:Infinity":4,"s:123:36:123:Infinity":20,"s:124:26:124:Infinity":21,"b:124:26:124:60:124:60:124:Infinity":5,"s:125:27:125:Infinity":22,"s:127:4:139:Infinity":23,"b:128:8:138:Infinity:undefined:undefined:undefined:undefined":6,"s:128:8:138:Infinity":24,"s:129:32:129:Infinity":25,"s:130:36:130:Infinity":26,"s:131:12:137:Infinity":27,"s:141:4:141:Infinity":28,"f:147:16:147:Infinity":5,"s:153:25:153:Infinity":29,"b:153:25:153:58:153:58:153:Infinity":7,"s:155:4:161:Infinity":30,"f:170:16:170:Infinity":6,"s:176:23:176:Infinity":31,"b:176:23:176:54:176:54:176:Infinity":8,"s:178:4:184:Infinity":32,"f:190:16:190:Infinity":7,"s:197:4:203:Infinity":33,"b:200:49:200:62:200:62:200:Infinity":9,"b:201:48:201:61:201:61:201:Infinity":10,"f:209:15:209:Infinity":8,"s:217:36:217:Infinity":34,"s:218:20:218:Infinity":35,"s:219:24:219:Infinity":36,"b:219:24:219:48:219:48:219:Infinity":11,"s:221:30:228:Infinity":37,"s:230:4:244:Infinity":38,"b:231:8:243:Infinity:undefined:undefined:undefined:undefined":12,"s:231:8:243:Infinity":39,"b:232:12:232:Infinity:undefined:undefined:undefined:undefined":13,"s:232:12:232:Infinity":40,"s:232:50:232:Infinity":41,"b:233:12:233:Infinity:undefined:undefined:undefined:undefined":14,"s:233:12:233:Infinity":42,"s:233:56:233:Infinity":43,"b:236:12:236:Infinity:undefined:undefined:undefined:undefined":15,"s:236:12:236:Infinity":44,"b:236:16:236:56:236:56:236:91":16,"s:236:91:236:Infinity":45,"s:238:12:242:Infinity":46,"s:245:4:245:Infinity":47,"f:252:22:252:Infinity":9,"b:256:36:256:Infinity":17,"s:258:36:258:Infinity":48,"s:259:19:259:Infinity":49,"s:261:4:293:Infinity":50,"s:262:14:262:Infinity":51,"b:263:8:263:Infinity:undefined:undefined:undefined:undefined":18,"s:263:8:263:Infinity":52,"s:263:35:263:Infinity":53,"s:265:28:265:Infinity":54,"b:265:28:265:52:265:52:265:Infinity":19,"s:268:29:268:Infinity":55,"b:269:8:271:Infinity:269:115:271:Infinity":20,"s:269:8:271:Infinity":56,"s:269:41:269:Infinity":57,"b:269:74:269:107:269:107:269:115":21,"b:269:115:271:Infinity:270:114:271:Infinity":22,"s:269:115:271:Infinity":58,"s:270:44:270:Infinity":59,"b:270:77:270:108:270:108:270:114":23,"b:270:114:271:Infinity:undefined:undefined:undefined:undefined":24,"s:270:114:271:Infinity":60,"s:271:47:271:Infinity":61,"b:271:67:271:101:271:101:271:109":25,"s:273:30:290:Infinity":62,"f:273:30:273:37":10,"b:273:75:273:82":26,"s:274:28:274:Infinity":63,"s:276:12:289:Infinity":64,"s:277:22:277:Infinity":65,"s:278:22:278:Infinity":66,"b:280:16:288:Infinity:282:16:288:Infinity":27,"s:280:16:288:Infinity":67,"s:281:20:281:Infinity":68,"b:282:16:288:Infinity:undefined:undefined:undefined:undefined":28,"s:282:16:288:Infinity":69,"s:283:20:287:Infinity":70,"s:292:8:292:Infinity":71,"s:295:4:295:Infinity":72}}}
,"/Users/rodionstarodubenko/Projects/fsd-generator/packages/fsd-gen/src/lib/preset/presetLoading.ts": {"path":"/Users/rodionstarodubenko/Projects/fsd-generator/packages/fsd-gen/src/lib/preset/presetLoading.ts","statementMap":{"0":{"start":{"line":17,"column":10},"end":{"line":17,"column":null}},"1":{"start":{"line":19,"column":4},"end":{"line":29,"column":null}},"2":{"start":{"line":20,"column":8},"end":{"line":20,"column":null}},"3":{"start":{"line":21,"column":8},"end":{"line":21,"column":null}},"4":{"start":{"line":23,"column":14},"end":{"line":23,"column":null}},"5":{"start":{"line":24,"column":25},"end":{"line":24,"column":null}},"6":{"start":{"line":25,"column":8},"end":{"line":25,"column":null}},"7":{"start":{"line":27,"column":8},"end":{"line":27,"column":null}},"8":{"start":{"line":28,"column":8},"end":{"line":28,"column":null}},"9":{"start":{"line":37,"column":10},"end":{"line":37,"column":null}},"10":{"start":{"line":39,"column":4},"end":{"line":45,"column":null}},"11":{"start":{"line":40,"column":24},"end":{"line":40,"column":null}},"12":{"start":{"line":41,"column":8},"end":{"line":41,"column":null}},"13":{"start":{"line":42,"column":8},"end":{"line":42,"column":null}},"14":{"start":{"line":44,"column":8},"end":{"line":44,"column":null}},"15":{"start":{"line":55,"column":4},"end":{"line":57,"column":null}},"16":{"start":{"line":56,"column":8},"end":{"line":56,"column":null}},"17":{"start":{"line":58,"column":4},"end":{"line":58,"column":null}},"18":{"start":{"line":72,"column":23},"end":{"line":72,"column":null}},"19":{"start":{"line":75,"column":4},"end":{"line":77,"column":null}},"20":{"start":{"line":76,"column":8},"end":{"line":76,"column":null}},"21":{"start":{"line":79,"column":4},"end":{"line":81,"column":null}},"22":{"start":{"line":80,"column":8},"end":{"line":80,"column":null}},"23":{"start":{"line":84,"column":35},"end":{"line":84,"column":null}},"24":{"start":{"line":85,"column":4},"end":{"line":85,"column":null}}},"fnMap":{"0":{"name":"loadPresetTs","decl":{"start":{"line":16,"column":22},"end":{"line":16,"column":35}},"loc":{"start":{"line":16,"column":101},"end":{"line":30,"column":null}},"line":16},"1":{"name":"loadPresetJson","decl":{"start":{"line":36,"column":22},"end":{"line":36,"column":37}},"loc":{"start":{"line":36,"column":86},"end":{"line":46,"column":null}},"line":36},"2":{"name":"evaluatePresetConfig","decl":{"start":{"line":51,"column":16},"end":{"line":51,"column":null}},"loc":{"start":{"line":54,"column":16},"end":{"line":59,"column":null}},"line":54},"3":{"name":"loadPresetConfig","decl":{"start":{"line":66,"column":22},"end":{"line":66,"column":null}},"loc":{"start":{"line":70,"column":32},"end":{"line":86,"column":null}},"line":70}},"branchMap":{"0":{"loc":{"start":{"line":25,"column":15},"end":{"line":25,"column":null}},"type":"binary-expr","locations":[{"start":{"line":25,"column":15},"end":{"line":25,"column":35}},{"start":{"line":25,"column":35},"end":{"line":25,"column":null}}],"line":25},"1":{"loc":{"start":{"line":55,"column":4},"end":{"line":57,"column":null}},"type":"if","locations":[{"start":{"line":55,"column":4},"end":{"line":57,"column":null}},{"start":{},"end":{}}],"line":55},"2":{"loc":{"start":{"line":75,"column":4},"end":{"line":77,"column":null}},"type":"if","locations":[{"start":{"line":75,"column":4},"end":{"line":77,"column":null}},{"start":{},"end":{}}],"line":75},"3":{"loc":{"start":{"line":79,"column":4},"end":{"line":81,"column":null}},"type":"if","locations":[{"start":{"line":79,"column":4},"end":{"line":81,"column":null}},{"start":{},"end":{}}],"line":79}},"s":{"0":6,"1":6,"2":6,"3":3,"4":3,"5":3,"6":3,"7":3,"8":3,"9":4,"10":4,"11":4,"12":2,"13":2,"14":2,"15":4,"16":1,"17":3,"18":3,"19":3,"20":2,"21":3,"22":1,"23":2,"24":2},"f":{"0":6,"1":4,"2":4,"3":3},"b":{"0":[3,1],"1":[1,3],"2":[2,1],"3":[1,2]},"meta":{"lastBranch":4,"lastFunction":4,"lastStatement":25,"seen":{"f:16:22:16:35":0,"s:17:10:17:Infinity":0,"s:19:4:29:Infinity":1,"s:20:8:20:Infinity":2,"s:21:8:21:Infinity":3,"s:23:14:23:Infinity":4,"s:24:25:24:Infinity":5,"s:25:8:25:Infinity":6,"b:25:15:25:35:25:35:25:Infinity":0,"s:27:8:27:Infinity":7,"s:28:8:28:Infinity":8,"f:36:22:36:37":1,"s:37:10:37:Infinity":9,"s:39:4:45:Infinity":10,"s:40:24:40:Infinity":11,"s:41:8:41:Infinity":12,"s:42:8:42:Infinity":13,"s:44:8:44:Infinity":14,"f:51:16:51:Infinity":2,"b:55:4:57:Infinity:undefined:undefined:undefined:undefined":1,"s:55:4:57:Infinity":15,"s:56:8:56:Infinity":16,"s:58:4:58:Infinity":17,"f:66:22:66:Infinity":3,"s:72:23:72:Infinity":18,"b:75:4:77:Infinity:undefined:undefined:undefined:undefined":2,"s:75:4:77:Infinity":19,"s:76:8:76:Infinity":20,"b:79:4:81:Infinity:undefined:undefined:undefined:undefined":3,"s:79:4:81:Infinity":21,"s:80:8:80:Infinity":22,"s:84:35:84:Infinity":23,"s:85:4:85:Infinity":24}}}
,"/Users/rodionstarodubenko/Projects/fsd-generator/packages/fsd-gen/src/lib/reverse/analyze.ts": {"path":"/Users/rodionstarodubenko/Projects/fsd-generator/packages/fsd-gen/src/lib/reverse/analyze.ts","statementMap":{"0":{"start":{"line":11,"column":19},"end":{"line":11,"column":null}},"1":{"start":{"line":12,"column":18},"end":{"line":12,"column":null}},"2":{"start":{"line":13,"column":18},"end":{"line":13,"column":null}},"3":{"start":{"line":14,"column":18},"end":{"line":14,"column":null}},"4":{"start":{"line":17,"column":18},"end":{"line":17,"column":null}},"5":{"start":{"line":17,"column":47},"end":{"line":17,"column":68}},"6":{"start":{"line":19,"column":4},"end":{"line":19,"column":null}},"7":{"start":{"line":23,"column":10},"end":{"line":23,"column":null}},"8":{"start":{"line":24,"column":10},"end":{"line":24,"column":null}},"9":{"start":{"line":26,"column":4},"end":{"line":28,"column":null}},"10":{"start":{"line":27,"column":8},"end":{"line":27,"column":null}},"11":{"start":{"line":31,"column":10},"end":{"line":31,"column":null}},"12":{"start":{"line":32,"column":25},"end":{"line":32,"column":null}},"13":{"start":{"line":33,"column":25},"end":{"line":33,"column":null}},"14":{"start":{"line":38,"column":60},"end":{"line":38,"column":null}},"15":{"start":{"line":39,"column":4},"end":{"line":48,"column":null}},"16":{"start":{"line":40,"column":8},"end":{"line":40,"column":null}},"17":{"start":{"line":41,"column":4},"end":{"line":48,"column":null}},"18":{"start":{"line":42,"column":8},"end":{"line":45,"column":null}},"19":{"start":{"line":47,"column":8},"end":{"line":47,"column":null}},"20":{"start":{"line":50,"column":44},"end":{"line":50,"column":null}},"21":{"start":{"line":53,"column":20},"end":{"line":55,"column":null}},"22":{"start":{"line":57,"column":4},"end":{"line":114,"column":null}},"23":{"start":{"line":61,"column":23},"end":{"line":61,"column":null}},"24":{"start":{"line":62,"column":8},"end":{"line":64,"column":null}},"25":{"start":{"line":63,"column":12},"end":{"line":63,"column":null}},"26":{"start":{"line":66,"column":14},"end":{"line":66,"column":null}},"27":{"start":{"line":68,"column":8},"end":{"line":70,"column":null}},"28":{"start":{"line":69,"column":12},"end":{"line":69,"column":null}},"29":{"start":{"line":72,"column":8},"end":{"line":72,"column":null}},"30":{"start":{"line":75,"column":14},"end":{"line":75,"column":null}},"31":{"start":{"line":76,"column":8},"end":{"line":76,"column":null}},"32":{"start":{"line":78,"column":27},"end":{"line":78,"column":null}},"33":{"start":{"line":79,"column":8},"end":{"line":79,"column":null}},"34":{"start":{"line":82,"column":8},"end":{"line":82,"column":null}},"35":{"start":{"line":83,"column":8},"end":{"line":83,"column":null}},"36":{"start":{"line":85,"column":28},"end":{"line":85,"column":null}},"37":{"start":{"line":87,"column":8},"end":{"line":108,"column":null}},"38":{"start":{"line":88,"column":29},"end":{"line":88,"column":null}},"39":{"start":{"line":91,"column":12},"end":{"line":91,"column":null}},"40":{"start":{"line":91,"column":48},"end":{"line":91,"column":null}},"41":{"start":{"line":93,"column":18},"end":{"line":93,"column":null}},"42":{"start":{"line":94,"column":32},"end":{"line":94,"column":null}},"43":{"start":{"line":96,"column":51},"end":{"line":96,"column":null}},"44":{"start":{"line":98,"column":12},"end":{"line":98,"column":null}},"45":{"start":{"line":98,"column":57},"end":{"line":98,"column":null}},"46":{"start":{"line":99,"column":12},"end":{"line":101,"column":null}},"47":{"start":{"line":100,"column":16},"end":{"line":100,"column":null}},"48":{"start":{"line":103,"column":12},"end":{"line":107,"column":null}},"49":{"start":{"line":113,"column":8},"end":{"line":113,"column":null}},"50":{"start":{"line":113,"column":33},"end":{"line":113,"column":60}},"51":{"start":{"line":116,"column":39},"end":{"line":118,"column":null}},"52":{"start":{"line":120,"column":10},"end":{"line":120,"column":null}},"53":{"start":{"line":121,"column":4},"end":{"line":121,"column":null}},"54":{"start":{"line":123,"column":4},"end":{"line":123,"column":null}},"55":{"start":{"line":124,"column":4},"end":{"line":124,"column":null}}},"fnMap":{"0":{"name":"generateVariations","decl":{"start":{"line":10,"column":9},"end":{"line":10,"column":28}},"loc":{"start":{"line":10,"column":45},"end":{"line":20,"column":null}},"line":10},"1":{"name":"(anonymous_1)","decl":{"start":{"line":17,"column":42},"end":{"line":17,"column":47}},"loc":{"start":{"line":17,"column":47},"end":{"line":17,"column":68}},"line":17},"2":{"name":"analyzeReversePreset","decl":{"start":{"line":22,"column":22},"end":{"line":22,"column":43}},"loc":{"start":{"line":22,"column":85},"end":{"line":125,"column":null}},"line":22},"3":{"name":"(anonymous_3)","decl":{"start":{"line":113,"column":28},"end":{"line":113,"column":33}},"loc":{"start":{"line":113,"column":33},"end":{"line":113,"column":60}},"line":113}},"branchMap":{"0":{"loc":{"start":{"line":26,"column":4},"end":{"line":28,"column":null}},"type":"if","locations":[{"start":{"line":26,"column":4},"end":{"line":28,"column":null}},{"start":{},"end":{}}],"line":26},"1":{"loc":{"start":{"line":33,"column":25},"end":{"line":33,"column":null}},"type":"binary-expr","locations":[{"start":{"line":33,"column":25},"end":{"line":33,"column":49}},
[...]
,"/Users/rodionstarodubenko/Projects/fsd-generator/packages/fsd-gen/src/lib/templates/templateLoader.ts": {"path":"/Users/rodionstarodubenko/Projects/fsd-generator/packages/fsd-gen/src/lib/templates/templateLoader.ts","statementMap":{"0":{"start":{"line":8,"column":6},"end":{"line":8,"column":null}},"1":{"start":{"line":9,"column":6},"end":{"line":9,"column":null}},"2":{"start":{"line":11,"column":6},"end":{"line":11,"column":null}},"3":{"start":{"line":18,"column":10},"end":{"line":18,"column":null}},"4":{"start":{"line":20,"column":4},"end":{"line":22,"column":null}},"5":{"start":{"line":21,"column":8},"end":{"line":21,"column":null}},"6":{"start":{"line":24,"column":4},"end":{"line":24,"column":null}},"7":{"start":{"line":36,"column":4},"end":{"line":47,"column":null}},"8":{"start":{"line":37,"column":28},"end":{"line":39,"column":null}},"9":{"start":{"line":41,"column":8},"end":{"line":46,"column":null}},"10":{"start":{"line":42,"column":12},"end":{"line":42,"column":null}},"11":{"start":{"line":43,"column":12},"end":{"line":43,"column":null}},"12":{"start":{"line":49,"column":4},"end":{"line":49,"column":null}},"13":{"start":{"line":58,"column":23},"end":{"line":58,"column":null}},"14":{"start":{"line":61,"column":26},"end":{"line":61,"column":null}},"15":{"start":{"line":64,"column":4},"end":{"line":78,"column":null}},"16":{"start":{"line":65,"column":8},"end":{"line":77,"column":null}},"17":{"start":{"line":66,"column":12},"end":{"line":76,"column":null}},"18":{"start":{"line":67,"column":22},"end":{"line":67,"column":null}},"19":{"start":{"line":68,"column":16},"end":{"line":68,"column":null}},"20":{"start":{"line":70,"column":31},"end":{"line":70,"column":null}},"21":{"start":{"line":71,"column":16},"end":{"line":73,"column":null}},"22":{"start":{"line":72,"column":20},"end":{"line":72,"column":null}},"23":{"start":{"line":82,"column":26},"end":{"line":82,"column":null}},"24":{"start":{"line":83,"column":4},"end":{"line":87,"column":null}},"25":{"start":{"line":84,"column":8},"end":{"line":84,"column":null}},"26":{"start":{"line":89,"column":32},"end":{"line":97,"column":null}},"27":{"start":{"line":90,"column":18},"end":{"line":90,"column":61}},"28":{"start":{"line":92,"column":12},"end":{"line":95,"column":null}},"29":{"start":{"line":99,"column":4},"end":{"line":128,"column":null}},"30":{"start":{"line":101,"column":8},"end":{"line":101,"column":null}},"31":{"start":{"line":101,"column":45},"end":{"line":101,"column":null}},"32":{"start":{"line":103,"column":8},"end":{"line":103,"column":null}},"33":{"start":{"line":103,"column":65},"end":{"line":103,"column":null}},"34":{"start":{"line":105,"column":25},"end":{"line":105,"column":null}},"35":{"start":{"line":108,"column":8},"end":{"line":119,"column":null}},"36":{"start":{"line":109,"column":12},"end":{"line":118,"column":null}},"37":{"start":{"line":110,"column":22},"end":{"line":110,"column":null}},"38":{"start":{"line":111,"column":16},"end":{"line":111,"column":null}},"39":{"start":{"line":112,"column":31},"end":{"line":112,"column":null}},"40":{"start":{"line":113,"column":16},"end":{"line":115,"column":null}},"41":{"start":{"line":114,"column":20},"end":{"line":114,"column":null}},"42":{"start":{"line":122,"column":8},"end":{"line":127,"column":null}},"43":{"start":{"line":123,"column":18},"end":{"line":123,"column":null}},"44":{"start":{"line":124,"column":12},"end":{"line":124,"column":null}},"45":{"start":{"line":130,"column":4},"end":{"line":130,"column":null}},"46":{"start":{"line":139,"column":23},"end":{"line":139,"column":null}},"47":{"start":{"line":142,"column":4},"end":{"line":155,"column":null}},"48":{"start":{"line":143,"column":8},"end":{"line":154,"column":null}},"49":{"start":{"line":145,"column":18},"end":{"line":145,"column":null}},"50":{"start":{"line":146,"column":12},"end":{"line":146,"column":null}},"51":{"start":{"line":148,"column":27},"end":{"line":148,"column":null}},"52":{"start":{"line":149,"column":12},"end":{"line":151,"column":null}},"53":{"start":{"line":150,"column":16},"end":{"line":150,"column":null}},"54":{"start":{"line":157,"column":10},"end":{"line":157,"column":null}},"55":{"start":{"line":158,"column":4},"end":{"line":162,"column":null}},"56":{"start":{"line":159,"column":8},"end":{"line":159,"column":null}},"57":{"start":{"line":161,"column":8},"end":{"line":161,"column":null}},"58":{"start":{"line":174,"column":23},"end":{"line":174,"column":null}},"59":{"start":{"line":175,"column":24},"end":{"line":175,"column":null}},"60":{"start":{"line":177,"column":4},"end":{"line":180,"column":null}},"61":{"start":{"line":178,"column":8},"end":{"line":178,"column":null}},"62":{"start":{"line":179,"column":8},"end":{"line":179,"column":null}},"63":{"start":{"line":182,"column":22},"end":{"line":182,"column":null}},"64":{"start":{"line":183,"column":19},"end":{"line":183,"column":null}},"65":{"start":{"line":185,"column":4},"end":{"line":185,"column":null}},"66":{"start":{"line":186,"column":4},"end":{"line":186,"column":null}},"67":{"start":{"line":190,"column":4},"end":{"line":192,"column":null}},"68":{"start":{"line":191,"column":8},"end":{"line":191,"column":null}},"69":{"start":{"line":193,"column":4},"end":{"line":193,"column":null}},"70":{"start":{"line":193,"column":69},"end":{"line":193,"column":97}},"71":{"start":{"line":197,"column":10},"end":{"line":197,"column":null}},"72":{"start":{"line":198,"column":20},"end":{"line":198,"column":null}},"73":{"start":{"line":200,"column":24},"end":{"line":200,"column":null}},"74":{"start":{"line":201,"column":4},"end":{"line":203,"column":null}},"75":{"start":{"line":202,"column":8},"end":{"line":202,"column":null}},"76":{"start":{"line":205,"column":4},"end":{"line":217,"column":null}},"77":{"start":{"line":206,"column":14},"end":{"line":206,"column":null}},"78":{"start":{"line":207,"column":8},"end":{"line":216,"column":null}},"79":{"start":{"line":208,"column":28},"end":{"line":208,"column":null}},"80":{"start":{"line":209,"column":12},"end":{"line":213,"column":null}},"81":{"start":{"line":210,"column":16},"end":{"line":212,"column":null}},"82":{"start":{"line":211,"column":20},"end":{"line":211,"column":null}},"83":{"start":{"line":219,"column":4},"end":{"line":219,"column":null}},"84":{"start":{"line":223,"column":10},"end":{"line":223,"column":null}},"85":{"start":{"line":224,"column":24},"end":{"line":224,"column":null}},"86":{"start":{"line":225,"column":4},"end":{"line":227,"column":null}},"87":{"start":{"line":226,"column":8},"end":{"line":226,"column":null}},"88":{"start":{"line":229,"column":4},"end":{"line":237,"column":null}},"89":{"start":{"line":230,"column":14},"end":{"line":230,"column":null}},"90":{"start":{"line":231,"column":8},"end":{"line":236,"column":null}},"91":{"start":{"line":232,"column":12},"end":{"line":232,"column":null}},"92":{"start":{"line":233,"column":12},"end":{"line":233,"column":null}},"93":{"start":{"line":238,"column":4},"end":{"line":238,"column":null}}},"fnMap":{"0":{"name":"resolveTemplateDirs","decl":{"start":{"line":17,"column":16},"end":{"line":17,"column":36}},"loc":{"start":{"line":17,"column":75},"end":{"line":25,"column":null}},"line":17},"1":{"name":"findTemplateDir","decl":{"start":{"line":31,"column":22},"end":{"line":31,"column":null}},"loc":{"start":{"line":35,"column":26},"end":{"line":50,"column":null}},"line":35},"2":{"name":"readComponentTemplate","decl":{"start":{"line":56,"column":22},"end":{"line":56,"column":44}},"loc":{"start":{"line":56,"column":123},"end":{"line":131,"column":null}},"line":56},"3":{"name":"(anonymous_3)","decl":{"start":{"line":90,"column":13},"end":{"line":90,"column":18}},"loc":{"start":{"line":90,"column":18},"end":{"line":90,"column":61}},"line":90},"4":{"name":"(anonymous_4)","decl":{"start":{"line":91,"column":16},"end":{"line":91,"column":null}},"loc":{"start":{"line":92,"column":12},"end":{"line":95,"column":null}},"line":92},"5":{"name":"readStylesTemplate","decl":{"start":{"line":137,"column":22},"end":{"line":137,"column":41}},"loc":{"start":{"line":137,"column":120},"end":{"line":163,"column":null}},"line":137},"6":{"name":"loadTemplate","decl":{"start":{"line":169,"column":22},"end":{"line":169,"column":null}},"loc":{"start":{"line":173,"column":132},"end":{"line":187,"column":null}},"line":173},"7":{"name":"processTemplate","decl":{"start":{"line":189,"column":16},"end":{"line":189,"column":32}},"loc":{"start":{"line":189,"column":148},"end":{"line":194,"column":null}},"line":189},"8":{"name":"(anonymous_8)","decl":{"start":{"line":193,"column":57},"end":{"line":193,"column":58}},"loc":{"start":{"line":193,"column":69},"end":{"line":193,"column":97}},"line":193},"9":{"name":"listPresets","decl":{"start":{"line":196,"column":22},"end":{"line":196,"column":34}},"loc":{"start":{"line":196,"column":82},"end":{"line":220,"column":null}},"line":196},"10":{"name":"resolvePresetDir","decl":{"start":{"line":222,"column":22},"end":{"line":222,"column":39}},"loc":{"start":{"line":222,"column":112},"end":{"line":239,"column":null}},"line":222}},"branchMap":{"0":{"loc":{"start":{"line":20,"column":4},"end":{"line":22,"column":null}},"type":"if","locations":[{"start":{"line":20,"column":4},"end":{"line":22,"column":null}},{"start":{},"end":{}}],"line":20},"1":{"loc":{"start":{"line":37,"column":28},"end":{"line":39,"column":null}},"type":"cond-expr","locations":[{"start":{"line":37,"column":28},"end":{"line":38,"column":null}},{"start":{"line":38,"column":44},"end":{"line":39,"column":null}}],"line":37},"2":{"loc":{"start":{"line":71,"column":16},"end":{"line":73,"column":null}},"type":"if","locations":[{"start":{"line":71,"column":16},"end":{"line":73,"column":null}},{"start":{},"end":{}}],"line":71},"3":{"loc":{"start":{"line":84,"column":19},"end":{"line":84,"column":null}},"type":"binary-expr","locations":[{"start":{"line":84,"column":19},"end":{"line":84,"column":49}},{"start":{"line":84,"column":49},"end":{"line":84,"column":null}}],"line":84},"4":{"loc":{"start":{"line":90,"column":18},"end":{"line":90,"column":61}},"type":"cond-expr","locations":[{"start":{"line":90,"column":42},"end":{"line":90,"column":47}},{"start":{"line":90,"column":47},"end":{"line":90,"column":61}}],"line":90},"5":{"loc":{"start":{"line":92,"column":12},"end":{"line":95,"column":null}},"type":"binary-expr","locations":[{"start":{"line":92,"column":12},"end":{"line":92,"column":null}},{"start":{"line":93,"column":16},"end":{"line":93,"column":null}},{"start":{"line":94,"column":16},"end":{"line":94,"column":null}},{"start":{"line":95,"column":17},"end":{"line":95,"column":47}},{"start":{"line":95,"column":47},"end":{"line":95,"column":69}},{"start":{"line":95,"column":69},"end":{"line":95,"column":90}},{"start":{"line":95,"column":90},"end":{"line":95,"column":111}},{"start":{"line":95,"column":111},"end":{"line":95,"column":null}}],"line":92},"6":{"loc":{"start":{"line":101,"column":8},"end":{"line":101,"column":null}},"type":"if","locations":[{"start":{"line":101,"column":8},"end":{"line":101,"column":null}},{"start":{},"end":{}}],"line":101},"7":{"loc":{"start":{"line":103,"column":8},"end":{"line":103,"column":null}},"type":"if","locations":[{"start":{"line":103,"column":8},"end":{"line":103,"column":null}},{"start":{},"end":{}}],"line":103},"8":{"loc":{"start":{"line":103,"column":12},"end":{"line":103,"column":65}},"type":"binary-expr","locations":[{"start":{"line":103,"column":12},"end":{"line":103,"column":39}},{"start":{"line":103,"column":39},"end":{"line":103,"column":65}}],"line":103},"9":{"loc":{"start":{"line":113,"column":16},"end":{"line":115,"column":null}},"type":"if","locations":[{"start":{"line":113,"column":16},"end":{"line":115,"column":null}},{"start":{},"end":{}}],"line":113},"10":{"loc":{"start":{"line":149,"column":12},"end":{"line":151,"column":null}},"type":"if","locations":[{"start":{"line":149,"column":12},"end":{"line":151,"column":null}},{"start":{},"end":{}}],"line":149},"11":{"loc":{"start":{"line":171,"column":4},"end":{"line":171,"column":null}},"type":"default-arg","locations":[{"start":{"line":171,"column":19},"end":{"line":171,"column":null}}],"line":171},"12":{"loc":{"start":{"line":177,"column":4},"end":{"line":180,"column":null}},"type":"if","locations":[{"start":{"line":177,"column":4},"end":{"line":180,"column":null}},{"start":{},"end":{}}],"line":177},"13":{"loc":{"start":{"line":190,"column":4},"end":{"line":192,"column":null}},"type":"if","locations":[{"start":{"line":190,"column":4},"end":{"line":192,"column":null}},{"start":{},"end":{}}],"line":190},"14":{"loc":{"start":{"line":193,"column":76},"end":{"line":193,"column":96}},"type":"binary-expr","locations":[{"start":{"line":193,"column":76},"end":{"line":193,"column":94}},{"start":{"line":193,"column":94},"end":{"line":193,"column":96}}],"line":193},"15":{"loc":{"start":{"line":201,"column":4},"end":{"line":203,"column":null}},"type":"if","locations":[{"start":{"line":201,"column":4},"end":{"line":203,"column":null}},{"start":{},"end":{}}],"line":201},"16":{"loc":{"start":{"line":210,"column":16},"end":{"line":212,"column":null}},"type":"if","locations":[{"start":{"line":210,"column":16},"end":{"line":212,"column":null}},{"start":{},"end":{}}],"line":210},"17":{"loc":{"start":{"line":225,"column":4},"end":{"line":227,"column":null}},"type":"if","locations":[{"start":{"line":225,"column":4},"end":{"line":227,"column":null}},{"start":{},"end":{}}],"line":225}},"s":{"0":9,"1":9,"2":9,"3":5,"4":5,"5":2,"6":3,"7":6,"8":7,"9":7,"10":7,"11":4,"12":2,"13":5,"14":5,"15":5,"16":13,"17":37,"18":37,"19":37,"20":28,"21":10,"22":1,"23":4,"24":4,"25":4,"26":4,"27":4,"28":4,"29":4,"30":4,"31":0,"32":4,"33":0,"34":4,"35":4,"36":12,"37":12,"38":12,"39":9,"40":3,"41":0,"42":4,"43":4,"44":4,"45":0,"46":4,"47":4,"48":7,"49":7,"50":7,"51":5,"52":1,"53":1,"54":3,"55":3,"56":3,"57":2,"58":3,"59":3,"60":3,"61":1,"62":1,"63":2,"64":2,"65":2,"66":2,"67":37,"68":2,"69":35,"70":164,"71":3,"72":3,"73":3,"74":3,"75":1,"76":3,"77":4,"78":4,"79":4,"80":3,"81":4,"82":3,"83":3,"84":3,"85":3,"86":3,"87":2,"88":3,"89":3,"90":3,"91":3,"92":2,"93":1},"f":{"0":5,"1":6,"2":5,"3":4,"4":4,"5":4,"6":3,"7":37,"8":164,"9":3,"10":3},"b":{"0":[2,3],"1":[6,1],"2":[1,9],"3":[4,0],"4":[4,0],"5":[4,4,4,4,4,0,0,0],"6":[0,4],"7":[0,4],"8":[4,4],"9":[0,3],"10":[1,0],"11":[3],"12":[1,2],"13":[2,35],"14":[164,5],"15":[1,2],"16":[3,1],"17":[2,1]},"meta":{"lastBranch":18,"lastFunction":11,"lastStatement":94,"seen":{"s:8:6:8:Infinity":0,"s:9:6:9:Infinity":1,"s:11:6:11:Infinity":2,"f:17:16:17:36":0,"s:18:10:18:Infinity":3,"b:20:4:22:Infinity:undefined:undefined:undefined:undefined":0,"s:20:4:22:Infinity":4,"s:21:8:21:Infinity":5,"s:24:4:24:Infinity":6,"f:31:22:31:Infinity":1,"s:36:4:47:Infinity":7,"s:37:28:39:Infinity":8,"b:37:28:38:Infinity:38:44:39:Infinity":1,"s:41:8:46:Infinity":9,"s:42:12:42:Infinity":10,"s:43:12:43:Infinity":11,"s:49:4:49:Infinity":12,"f:56:22:56:44":2,"s:58:23:58:Infinity":13,"s:61:26:61:Infinity":14,"s:64:4:78:Infinity":15,"s:65:8:77:Infinity":16,"s:66:12:76:Infinity":17,"s:67:22:67:Infinity":18,"s:68:16:68:Infinity":19,"s:70:31:70:Infinity":20,"b:71:16:73:Infinity:undefined:undefined:undefined:undefined":2,"s:71:16:73:Infinity":21,"s:72:20:72:Infinity":22,"s:82:26:82:Infinity":23,"s:83:4:87:Infinity":24,"s:84:8:84:Infinity":25,"b:84:19:84:49:84:49:84:Infinity":3,"s:89:32:97:Infinity":26,"f:90:13:90:18":3,"s:90:18:90:61":27,"b:90:42:90:47:90:47:90:61":4,"f:91:16:91:Infinity":4,"s:92:12:95:Infinity":28,"b:92:12:92:Infinity:93:16:93:Infinity:94:16:94:Infinity:95:17:95:47:95:47:95:69:95:69:95:90:95:90:95:111:95:111:95:Infinity":5,"s:99:4:128:Infinity":29,"b:101:8:101:Infinity:undefined:undefined:undefined:undefined":6,"s:101:8:101:Infinity":30,"s:101:45:101:Infinity":31,"b:103:8:103:Infinity:undefined:undefined:undefined:undefined":7,"s:103:8:103:Infinity":32,"b:103:12:103:39:103:39:103:65":8,"s:103:65:103:Infinity":33,"s:105:25:105:Infinity":34,"s:108:8:119:Infinity":35,"s:109:12:118:Infinity":36,"s:110:22:110:Infinity":37,"s:111:16:111:Infinity":38,"s:112:31:112:Infinity":39,"b:113:16:115:Infinity:undefined:undefined:undefined:undefined":9,"s:113:16:115:Infinity":40,"s:114:20:114:Infinity":41,"s:122:8:127:Infinity":42,"s:123:18:123:Infinity":43,"s:124:12:124:Infinity":44,"s:130:4:130:Infinity":45,"f:137:22:137:41":5,"s:139:23:139:Infinity":46,"s:142:4:155:Infinity":47,"s:143:8:154:Infinity":48,"s:145:18:145:Infinity":49,"s:146:12:146:Infinity":50,"s:148:27:148:Infinity":51,"b:149:12:151:Infinity:undefined:undefined:undefined:undefined":10,"s:149:12:151:Infinity":52,"s:150:16:150:Infinity":53,"s:157:10:157:Infinity":54,"s:158:4:162:Infinity":55,"s:159:8:159:Infinity":56,"s:161:8:161:Infinity":57,"f:169:22:169:Infinity":6,"b:171:19:171:Infinity":11,"s:174:23:174:Infinity":58,"s:175:24:175:Infinity":59,"b:177:4:180:Infinity:undefined:undefined:undefined:undefined":12,"s:177:4:180:Infinity":60,"s:178:8:178:Infinity":61,"s:179:8:179:Infinity":62,"s:182:22:182:Infinity":63,"s:183:19:183:Infinity":64,"s:185:4:185:Infinity":65,"s:186:4:186:Infinity":66,"f:189:16:189:32":7,"b:190:4:192:Infinity:undefined:undefined:undefined:undefined":13,"s:190:4:192:Infinity":67,"s:191:8:191:Infinity":68,"s:193:4:193:Infinity":69,"f:193:57:193:58":8,"s:193:69:193:97":70,"b:193:76:193:94:193:94:193:96":14,"f:196:22:196:34":9,"s:197:10:197:Infinity":71,"s:198:20:198:Infinity":72,"s:200:24:200:Infinity":73,"b:201:4:203:Infinity:undefined:undefined:undefined:undefined":15,"s:201:4:203:Infinity":74,"s:202:8:202:Infinity":75,"s:205:4:217:Infinity":76,"s:206:14:206:Infinity":77,"s:207:8:216:Infinity":78,"s:208:28:208:Infinity":79,"s:209:12:213:Infinity":80,"b:210:16:212:Infinity:undefined:undefined:undefined:undefined":16,"s:210:16:212:Infinity":81,"s:211:20:211:Infinity":82,"s:219:4:219:Infinity":83,"f:222:22:222:39":10,"s:223:10:223:Infinity":84,"s:224:24:224:Infinity":85,"b:225:4:227:Infinity:undefined:undefined:undefined:undefined":17,"s:225:4:227:Infinity":86,"s:226:8:226:Infinity":87,"s:229:4:237:Infinity":88,"s:230:14:230:Infinity":89,"s:231:8:236:Infinity":90,"s:232:12:232:Infinity":91,"s:233:12:233:Infinity":92,"s:238:4:238:Infinity":93}}}
}
